ERROR - 2022-04-26 18:01:11 --> Unknown column 'id_user' in 'where clause'
CRITICAL - 2022-04-26 18:01:11 --> Unknown column 'id_user' in 'where clause'
#0 C:\xampp\htdocs\app-asvl\system\Database\MySQLi\Connection.php(292): mysqli->query('SELECT *\nFROM `...', 0)
#1 C:\xampp\htdocs\app-asvl\system\Database\BaseConnection.php(670): CodeIgniter\Database\MySQLi\Connection->execute('SELECT *\nFROM `...')
#2 C:\xampp\htdocs\app-asvl\system\Database\BaseConnection.php(598): CodeIgniter\Database\BaseConnection->simpleQuery('SELECT *\nFROM `...')
#3 C:\xampp\htdocs\app-asvl\system\Database\BaseBuilder.php(1455): CodeIgniter\Database\BaseConnection->query('SELECT *\nFROM `...', Array, false)
#4 C:\xampp\htdocs\app-asvl\system\Model.php(183): CodeIgniter\Database\BaseBuilder->get()
#5 C:\xampp\htdocs\app-asvl\system\BaseModel.php(584): CodeIgniter\Model->doFindAll(0, 0)
#6 C:\xampp\htdocs\app-asvl\app\Controllers\Link.php(38): CodeIgniter\BaseModel->findAll()
#7 C:\xampp\htdocs\app-asvl\system\CodeIgniter.php(832): App\Controllers\Link->index()
#8 C:\xampp\htdocs\app-asvl\system\CodeIgniter.php(419): CodeIgniter\CodeIgniter->runController(Object(App\Controllers\Link))
#9 C:\xampp\htdocs\app-asvl\system\CodeIgniter.php(326): CodeIgniter\CodeIgniter->handleRequest(NULL, Object(Config\Cache), false)
#10 C:\xampp\htdocs\app-asvl\public\index.php(37): CodeIgniter\CodeIgniter->run()
#11 {main}
ERROR - 2022-04-26 18:02:10 --> Unknown column 'id_user' in 'where clause'
CRITICAL - 2022-04-26 18:02:10 --> Unknown column 'id_user' in 'where clause'
#0 C:\xampp\htdocs\app-asvl\system\Database\MySQLi\Connection.php(292): mysqli->query('SELECT *\nFROM `...', 0)
#1 C:\xampp\htdocs\app-asvl\system\Database\BaseConnection.php(670): CodeIgniter\Database\MySQLi\Connection->execute('SELECT *\nFROM `...')
#2 C:\xampp\htdocs\app-asvl\system\Database\BaseConnection.php(598): CodeIgniter\Database\BaseConnection->simpleQuery('SELECT *\nFROM `...')
#3 C:\xampp\htdocs\app-asvl\system\Database\BaseBuilder.php(1455): CodeIgniter\Database\BaseConnection->query('SELECT *\nFROM `...', Array, false)
#4 C:\xampp\htdocs\app-asvl\system\Model.php(183): CodeIgniter\Database\BaseBuilder->get()
#5 C:\xampp\htdocs\app-asvl\system\BaseModel.php(584): CodeIgniter\Model->doFindAll(0, 0)
#6 C:\xampp\htdocs\app-asvl\app\Controllers\Link.php(38): CodeIgniter\BaseModel->findAll()
#7 C:\xampp\htdocs\app-asvl\system\CodeIgniter.php(832): App\Controllers\Link->index()
#8 C:\xampp\htdocs\app-asvl\system\CodeIgniter.php(419): CodeIgniter\CodeIgniter->runController(Object(App\Controllers\Link))
#9 C:\xampp\htdocs\app-asvl\system\CodeIgniter.php(326): CodeIgniter\CodeIgniter->handleRequest(NULL, Object(Config\Cache), false)
#10 C:\xampp\htdocs\app-asvl\public\index.php(37): CodeIgniter\CodeIgniter->run()
#11 {main}
ERROR - 2022-04-26 18:02:11 --> Unknown column 'id_user' in 'where clause'
CRITICAL - 2022-04-26 18:02:11 --> Unknown column 'id_user' in 'where clause'
#0 C:\xampp\htdocs\app-asvl\system\Database\MySQLi\Connection.php(292): mysqli->query('SELECT *\nFROM `...', 0)
#1 C:\xampp\htdocs\app-asvl\system\Database\BaseConnection.php(670): CodeIgniter\Database\MySQLi\Connection->execute('SELECT *\nFROM `...')
#2 C:\xampp\htdocs\app-asvl\system\Database\BaseConnection.php(598): CodeIgniter\Database\BaseConnection->simpleQuery('SELECT *\nFROM `...')
#3 C:\xampp\htdocs\app-asvl\system\Database\BaseBuilder.php(1455): CodeIgniter\Database\BaseConnection->query('SELECT *\nFROM `...', Array, false)
#4 C:\xampp\htdocs\app-asvl\system\Model.php(183): CodeIgniter\Database\BaseBuilder->get()
#5 C:\xampp\htdocs\app-asvl\system\BaseModel.php(584): CodeIgniter\Model->doFindAll(0, 0)
#6 C:\xampp\htdocs\app-asvl\app\Controllers\Link.php(38): CodeIgniter\BaseModel->findAll()
#7 C:\xampp\htdocs\app-asvl\system\CodeIgniter.php(832): App\Controllers\Link->index()
#8 C:\xampp\htdocs\app-asvl\system\CodeIgniter.php(419): CodeIgniter\CodeIgniter->runController(Object(App\Controllers\Link))
#9 C:\xampp\htdocs\app-asvl\system\CodeIgniter.php(326): CodeIgniter\CodeIgniter->handleRequest(NULL, Object(Config\Cache), false)
#10 C:\xampp\htdocs\app-asvl\public\index.php(37): CodeIgniter\CodeIgniter->run()
#11 {main}
ERROR - 2022-04-26 18:02:52 --> Unknown column 'id_user' in 'where clause'
CRITICAL - 2022-04-26 18:02:52 --> Unknown column 'id_user' in 'where clause'
#0 C:\xampp\htdocs\app-asvl\system\Database\MySQLi\Connection.php(292): mysqli->query('SELECT *\nFROM `...', 0)
#1 C:\xampp\htdocs\app-asvl\system\Database\BaseConnection.php(670): CodeIgniter\Database\MySQLi\Connection->execute('SELECT *\nFROM `...')
#2 C:\xampp\htdocs\app-asvl\system\Database\BaseConnection.php(598): CodeIgniter\Database\BaseConnection->simpleQuery('SELECT *\nFROM `...')
#3 C:\xampp\htdocs\app-asvl\system\Database\BaseBuilder.php(1455): CodeIgniter\Database\BaseConnection->query('SELECT *\nFROM `...', Array, false)
#4 C:\xampp\htdocs\app-asvl\system\Model.php(183): CodeIgniter\Database\BaseBuilder->get()
#5 C:\xampp\htdocs\app-asvl\system\BaseModel.php(584): CodeIgniter\Model->doFindAll(0, 0)
#6 C:\xampp\htdocs\app-asvl\app\Controllers\Link.php(38): CodeIgniter\BaseModel->findAll()
#7 C:\xampp\htdocs\app-asvl\system\CodeIgniter.php(832): App\Controllers\Link->index()
#8 C:\xampp\htdocs\app-asvl\system\CodeIgniter.php(419): CodeIgniter\CodeIgniter->runController(Object(App\Controllers\Link))
#9 C:\xampp\htdocs\app-asvl\system\CodeIgniter.php(326): CodeIgniter\CodeIgniter->handleRequest(NULL, Object(Config\Cache), false)
#10 C:\xampp\htdocs\app-asvl\public\index.php(37): CodeIgniter\CodeIgniter->run()
#11 {main}
ERROR - 2022-04-26 18:02:56 --> Unknown column 'id_user' in 'where clause'
CRITICAL - 2022-04-26 18:02:56 --> Unknown column 'id_user' in 'where clause'
#0 C:\xampp\htdocs\app-asvl\system\Database\MySQLi\Connection.php(292): mysqli->query('SELECT *\nFROM `...', 0)
#1 C:\xampp\htdocs\app-asvl\system\Database\BaseConnection.php(670): CodeIgniter\Database\MySQLi\Connection->execute('SELECT *\nFROM `...')
#2 C:\xampp\htdocs\app-asvl\system\Database\BaseConnection.php(598): CodeIgniter\Database\BaseConnection->simpleQuery('SELECT *\nFROM `...')
#3 C:\xampp\htdocs\app-asvl\system\Database\BaseBuilder.php(1455): CodeIgniter\Database\BaseConnection->query('SELECT *\nFROM `...', Array, false)
#4 C:\xampp\htdocs\app-asvl\system\Model.php(183): CodeIgniter\Database\BaseBuilder->get()
#5 C:\xampp\htdocs\app-asvl\system\BaseModel.php(584): CodeIgniter\Model->doFindAll(0, 0)
#6 C:\xampp\htdocs\app-asvl\app\Controllers\Link.php(38): CodeIgniter\BaseModel->findAll()
#7 C:\xampp\htdocs\app-asvl\system\CodeIgniter.php(832): App\Controllers\Link->index()
#8 C:\xampp\htdocs\app-asvl\system\CodeIgniter.php(419): CodeIgniter\CodeIgniter->runController(Object(App\Controllers\Link))
#9 C:\xampp\htdocs\app-asvl\system\CodeIgniter.php(326): CodeIgniter\CodeIgniter->handleRequest(NULL, Object(Config\Cache), false)
#10 C:\xampp\htdocs\app-asvl\public\index.php(37): CodeIgniter\CodeIgniter->run()
#11 {main}
ERROR - 2022-04-26 18:03:18 --> Unknown column 'id_user' in 'where clause'
CRITICAL - 2022-04-26 18:03:18 --> Unknown column 'id_user' in 'where clause'
#0 C:\xampp\htdocs\app-asvl\system\Database\MySQLi\Connection.php(292): mysqli->query('SELECT *\nFROM `...', 0)
#1 C:\xampp\htdocs\app-asvl\system\Database\BaseConnection.php(670): CodeIgniter\Database\MySQLi\Connection->execute('SELECT *\nFROM `...')
#2 C:\xampp\htdocs\app-asvl\system\Database\BaseConnection.php(598): CodeIgniter\Database\BaseConnection->simpleQuery('SELECT *\nFROM `...')
#3 C:\xampp\htdocs\app-asvl\system\Database\BaseBuilder.php(1455): CodeIgniter\Database\BaseConnection->query('SELECT *\nFROM `...', Array, false)
#4 C:\xampp\htdocs\app-asvl\system\Model.php(183): CodeIgniter\Database\BaseBuilder->get()
#5 C:\xampp\htdocs\app-asvl\system\BaseModel.php(584): CodeIgniter\Model->doFindAll(0, 0)
#6 C:\xampp\htdocs\app-asvl\app\Controllers\Link.php(38): CodeIgniter\BaseModel->findAll()
#7 C:\xampp\htdocs\app-asvl\system\CodeIgniter.php(832): App\Controllers\Link->index()
#8 C:\xampp\htdocs\app-asvl\system\CodeIgniter.php(419): CodeIgniter\CodeIgniter->runController(Object(App\Controllers\Link))
#9 C:\xampp\htdocs\app-asvl\system\CodeIgniter.php(326): CodeIgniter\CodeIgniter->handleRequest(NULL, Object(Config\Cache), false)
#10 C:\xampp\htdocs\app-asvl\public\index.php(37): CodeIgniter\CodeIgniter->run()
#11 {main}
CRITICAL - 2022-04-26 18:03:19 --> Undefined variable $link
#0 C:\xampp\htdocs\app-asvl\app\Views\link\index.php(9): CodeIgniter\Debug\Exceptions->errorHandler(2, 'Undefined varia...', 'C:\\xampp\\htdocs...', 9)
#1 C:\xampp\htdocs\app-asvl\system\View\View.php(210): include('C:\\xampp\\htdocs...')
#2 C:\xampp\htdocs\app-asvl\system\View\View.php(213): CodeIgniter\View\View->CodeIgniter\View\{closure}()
#3 C:\xampp\htdocs\app-asvl\system\Common.php(1089): CodeIgniter\View\View->render('link/index', Array, true)
#4 C:\xampp\htdocs\app-asvl\app\Controllers\Link.php(41): view('link/index', Array)
#5 C:\xampp\htdocs\app-asvl\system\CodeIgniter.php(832): App\Controllers\Link->index()
#6 C:\xampp\htdocs\app-asvl\system\CodeIgniter.php(419): CodeIgniter\CodeIgniter->runController(Object(App\Controllers\Link))
#7 C:\xampp\htdocs\app-asvl\system\CodeIgniter.php(326): CodeIgniter\CodeIgniter->handleRequest(NULL, Object(Config\Cache), false)
#8 C:\xampp\htdocs\app-asvl\public\index.php(37): CodeIgniter\CodeIgniter->run()
#9 {main}
CRITICAL - 2022-04-26 18:04:04 --> Array to string conversion
#0 C:\xampp\htdocs\app-asvl\app\Views\link\index.php(9): CodeIgniter\Debug\Exceptions->errorHandler(2, 'Array to string...', 'C:\\xampp\\htdocs...', 9)
#1 C:\xampp\htdocs\app-asvl\system\View\View.php(210): include('C:\\xampp\\htdocs...')
#2 C:\xampp\htdocs\app-asvl\system\View\View.php(213): CodeIgniter\View\View->CodeIgniter\View\{closure}()
#3 C:\xampp\htdocs\app-asvl\system\Common.php(1089): CodeIgniter\View\View->render('link/index', Array, true)
#4 C:\xampp\htdocs\app-asvl\app\Controllers\Link.php(41): view('link/index', Array)
#5 C:\xampp\htdocs\app-asvl\system\CodeIgniter.php(832): App\Controllers\Link->index()
#6 C:\xampp\htdocs\app-asvl\system\CodeIgniter.php(419): CodeIgniter\CodeIgniter->runController(Object(App\Controllers\Link))
#7 C:\xampp\htdocs\app-asvl\system\CodeIgniter.php(326): CodeIgniter\CodeIgniter->handleRequest(NULL, Object(Config\Cache), false)
#8 C:\xampp\htdocs\app-asvl\public\index.php(37): CodeIgniter\CodeIgniter->run()
#9 {main}
CRITICAL - 2022-04-26 18:06:17 --> syntax error, unexpected token "endforeach", expecting end of file
#0 C:\xampp\htdocs\app-asvl\system\View\View.php(213): CodeIgniter\View\View->CodeIgniter\View\{closure}()
#1 C:\xampp\htdocs\app-asvl\system\Common.php(1089): CodeIgniter\View\View->render('link/index', Array, true)
#2 C:\xampp\htdocs\app-asvl\app\Controllers\Link.php(41): view('link/index', Array)
#3 C:\xampp\htdocs\app-asvl\system\CodeIgniter.php(832): App\Controllers\Link->index()
#4 C:\xampp\htdocs\app-asvl\system\CodeIgniter.php(419): CodeIgniter\CodeIgniter->runController(Object(App\Controllers\Link))
#5 C:\xampp\htdocs\app-asvl\system\CodeIgniter.php(326): CodeIgniter\CodeIgniter->handleRequest(NULL, Object(Config\Cache), false)
#6 C:\xampp\htdocs\app-asvl\public\index.php(37): CodeIgniter\CodeIgniter->run()
#7 {main}
CRITICAL - 2022-04-26 18:06:18 --> syntax error, unexpected token "endforeach", expecting end of file
#0 C:\xampp\htdocs\app-asvl\system\View\View.php(213): CodeIgniter\View\View->CodeIgniter\View\{closure}()
#1 C:\xampp\htdocs\app-asvl\system\Common.php(1089): CodeIgniter\View\View->render('link/index', Array, true)
#2 C:\xampp\htdocs\app-asvl\app\Controllers\Link.php(41): view('link/index', Array)
#3 C:\xampp\htdocs\app-asvl\system\CodeIgniter.php(832): App\Controllers\Link->index()
#4 C:\xampp\htdocs\app-asvl\system\CodeIgniter.php(419): CodeIgniter\CodeIgniter->runController(Object(App\Controllers\Link))
#5 C:\xampp\htdocs\app-asvl\system\CodeIgniter.php(326): CodeIgniter\CodeIgniter->handleRequest(NULL, Object(Config\Cache), false)
#6 C:\xampp\htdocs\app-asvl\public\index.php(37): CodeIgniter\CodeIgniter->run()
#7 {main}
CRITICAL - 2022-04-26 18:06:20 --> syntax error, unexpected token "endforeach", expecting end of file
#0 C:\xampp\htdocs\app-asvl\system\View\View.php(213): CodeIgniter\View\View->CodeIgniter\View\{closure}()
#1 C:\xampp\htdocs\app-asvl\system\Common.php(1089): CodeIgniter\View\View->render('link/index', Array, true)
#2 C:\xampp\htdocs\app-asvl\app\Controllers\Link.php(41): view('link/index', Array)
#3 C:\xampp\htdocs\app-asvl\system\CodeIgniter.php(832): App\Controllers\Link->index()
#4 C:\xampp\htdocs\app-asvl\system\CodeIgniter.php(419): CodeIgniter\CodeIgniter->runController(Object(App\Controllers\Link))
#5 C:\xampp\htdocs\app-asvl\system\CodeIgniter.php(326): CodeIgniter\CodeIgniter->handleRequest(NULL, Object(Config\Cache), false)
#6 C:\xampp\htdocs\app-asvl\public\index.php(37): CodeIgniter\CodeIgniter->run()
#7 {main}
CRITICAL - 2022-04-26 18:12:12 --> Object of class stdClass could not be converted to string
#0 C:\xampp\htdocs\app-asvl\system\Database\Query.php(318): strtr('SELECT *\nFROM `...', Array)
#1 C:\xampp\htdocs\app-asvl\system\Database\Query.php(293): CodeIgniter\Database\Query->matchNamedBinds('SELECT *\nFROM `...', Array)
#2 C:\xampp\htdocs\app-asvl\system\Database\Query.php(150): CodeIgniter\Database\Query->compileBinds()
#3 C:\xampp\htdocs\app-asvl\system\Database\BaseConnection.php(598): CodeIgniter\Database\Query->getQuery()
#4 C:\xampp\htdocs\app-asvl\system\Database\BaseBuilder.php(1455): CodeIgniter\Database\BaseConnection->query('SELECT *\nFROM `...', Array, false)
#5 C:\xampp\htdocs\app-asvl\system\Model.php(183): CodeIgniter\Database\BaseBuilder->get()
#6 C:\xampp\htdocs\app-asvl\system\BaseModel.php(584): CodeIgniter\Model->doFindAll(0, 0)
#7 C:\xampp\htdocs\app-asvl\app\Controllers\Link.php(39): CodeIgniter\BaseModel->findAll()
#8 C:\xampp\htdocs\app-asvl\system\CodeIgniter.php(832): App\Controllers\Link->index()
#9 C:\xampp\htdocs\app-asvl\system\CodeIgniter.php(419): CodeIgniter\CodeIgniter->runController(Object(App\Controllers\Link))
#10 C:\xampp\htdocs\app-asvl\system\CodeIgniter.php(326): CodeIgniter\CodeIgniter->handleRequest(NULL, Object(Config\Cache), false)
#11 C:\xampp\htdocs\app-asvl\public\index.php(37): CodeIgniter\CodeIgniter->run()
#12 {main}
CRITICAL - 2022-04-26 18:12:13 --> Object of class stdClass could not be converted to string
#0 C:\xampp\htdocs\app-asvl\system\Database\Query.php(318): strtr('SELECT *\nFROM `...', Array)
#1 C:\xampp\htdocs\app-asvl\system\Database\Query.php(293): CodeIgniter\Database\Query->matchNamedBinds('SELECT *\nFROM `...', Array)
#2 C:\xampp\htdocs\app-asvl\system\Database\Query.php(150): CodeIgniter\Database\Query->compileBinds()
#3 C:\xampp\htdocs\app-asvl\system\Database\BaseConnection.php(598): CodeIgniter\Database\Query->getQuery()
#4 C:\xampp\htdocs\app-asvl\system\Database\BaseBuilder.php(1455): CodeIgniter\Database\BaseConnection->query('SELECT *\nFROM `...', Array, false)
#5 C:\xampp\htdocs\app-asvl\system\Model.php(183): CodeIgniter\Database\BaseBuilder->get()
#6 C:\xampp\htdocs\app-asvl\system\BaseModel.php(584): CodeIgniter\Model->doFindAll(0, 0)
#7 C:\xampp\htdocs\app-asvl\app\Controllers\Link.php(39): CodeIgniter\BaseModel->findAll()
#8 C:\xampp\htdocs\app-asvl\system\CodeIgniter.php(832): App\Controllers\Link->index()
#9 C:\xampp\htdocs\app-asvl\system\CodeIgniter.php(419): CodeIgniter\CodeIgniter->runController(Object(App\Controllers\Link))
#10 C:\xampp\htdocs\app-asvl\system\CodeIgniter.php(326): CodeIgniter\CodeIgniter->handleRequest(NULL, Object(Config\Cache), false)
#11 C:\xampp\htdocs\app-asvl\public\index.php(37): CodeIgniter\CodeIgniter->run()
#12 {main}
CRITICAL - 2022-04-26 18:12:14 --> Object of class stdClass could not be converted to string
#0 C:\xampp\htdocs\app-asvl\system\Database\Query.php(318): strtr('SELECT *\nFROM `...', Array)
#1 C:\xampp\htdocs\app-asvl\system\Database\Query.php(293): CodeIgniter\Database\Query->matchNamedBinds('SELECT *\nFROM `...', Array)
#2 C:\xampp\htdocs\app-asvl\system\Database\Query.php(150): CodeIgniter\Database\Query->compileBinds()
#3 C:\xampp\htdocs\app-asvl\system\Database\BaseConnection.php(598): CodeIgniter\Database\Query->getQuery()
#4 C:\xampp\htdocs\app-asvl\system\Database\BaseBuilder.php(1455): CodeIgniter\Database\BaseConnection->query('SELECT *\nFROM `...', Array, false)
#5 C:\xampp\htdocs\app-asvl\system\Model.php(183): CodeIgniter\Database\BaseBuilder->get()
#6 C:\xampp\htdocs\app-asvl\system\BaseModel.php(584): CodeIgniter\Model->doFindAll(0, 0)
#7 C:\xampp\htdocs\app-asvl\app\Controllers\Link.php(39): CodeIgniter\BaseModel->findAll()
#8 C:\xampp\htdocs\app-asvl\system\CodeIgniter.php(832): App\Controllers\Link->index()
#9 C:\xampp\htdocs\app-asvl\system\CodeIgniter.php(419): CodeIgniter\CodeIgniter->runController(Object(App\Controllers\Link))
#10 C:\xampp\htdocs\app-asvl\system\CodeIgniter.php(326): CodeIgniter\CodeIgniter->handleRequest(NULL, Object(Config\Cache), false)
#11 C:\xampp\htdocs\app-asvl\public\index.php(37): CodeIgniter\CodeIgniter->run()
#12 {main}
CRITICAL - 2022-04-26 18:13:18 --> Object of class stdClass could not be converted to string
#0 C:\xampp\htdocs\app-asvl\system\Database\Query.php(318): strtr('SELECT *\nFROM `...', Array)
#1 C:\xampp\htdocs\app-asvl\system\Database\Query.php(293): CodeIgniter\Database\Query->matchNamedBinds('SELECT *\nFROM `...', Array)
#2 C:\xampp\htdocs\app-asvl\system\Database\Query.php(150): CodeIgniter\Database\Query->compileBinds()
#3 C:\xampp\htdocs\app-asvl\system\Database\BaseConnection.php(598): CodeIgniter\Database\Query->getQuery()
#4 C:\xampp\htdocs\app-asvl\system\Database\BaseBuilder.php(1455): CodeIgniter\Database\BaseConnection->query('SELECT *\nFROM `...', Array, false)
#5 C:\xampp\htdocs\app-asvl\system\Model.php(183): CodeIgniter\Database\BaseBuilder->get()
#6 C:\xampp\htdocs\app-asvl\system\BaseModel.php(584): CodeIgniter\Model->doFindAll(0, 0)
#7 C:\xampp\htdocs\app-asvl\app\Controllers\Link.php(39): CodeIgniter\BaseModel->findAll()
#8 C:\xampp\htdocs\app-asvl\system\CodeIgniter.php(832): App\Controllers\Link->index()
#9 C:\xampp\htdocs\app-asvl\system\CodeIgniter.php(419): CodeIgniter\CodeIgniter->runController(Object(App\Controllers\Link))
#10 C:\xampp\htdocs\app-asvl\system\CodeIgniter.php(326): CodeIgniter\CodeIgniter->handleRequest(NULL, Object(Config\Cache), false)
#11 C:\xampp\htdocs\app-asvl\public\index.php(37): CodeIgniter\CodeIgniter->run()
#12 {main}
CRITICAL - 2022-04-26 18:13:19 --> Object of class stdClass could not be converted to string
#0 C:\xampp\htdocs\app-asvl\system\Database\Query.php(318): strtr('SELECT *\nFROM `...', Array)
#1 C:\xampp\htdocs\app-asvl\system\Database\Query.php(293): CodeIgniter\Database\Query->matchNamedBinds('SELECT *\nFROM `...', Array)
#2 C:\xampp\htdocs\app-asvl\system\Database\Query.php(150): CodeIgniter\Database\Query->compileBinds()
#3 C:\xampp\htdocs\app-asvl\system\Database\BaseConnection.php(598): CodeIgniter\Database\Query->getQuery()
#4 C:\xampp\htdocs\app-asvl\system\Database\BaseBuilder.php(1455): CodeIgniter\Database\BaseConnection->query('SELECT *\nFROM `...', Array, false)
#5 C:\xampp\htdocs\app-asvl\system\Model.php(183): CodeIgniter\Database\BaseBuilder->get()
#6 C:\xampp\htdocs\app-asvl\system\BaseModel.php(584): CodeIgniter\Model->doFindAll(0, 0)
#7 C:\xampp\htdocs\app-asvl\app\Controllers\Link.php(39): CodeIgniter\BaseModel->findAll()
#8 C:\xampp\htdocs\app-asvl\system\CodeIgniter.php(832): App\Controllers\Link->index()
#9 C:\xampp\htdocs\app-asvl\system\CodeIgniter.php(419): CodeIgniter\CodeIgniter->runController(Object(App\Controllers\Link))
#10 C:\xampp\htdocs\app-asvl\system\CodeIgniter.php(326): CodeIgniter\CodeIgniter->handleRequest(NULL, Object(Config\Cache), false)
#11 C:\xampp\htdocs\app-asvl\public\index.php(37): CodeIgniter\CodeIgniter->run()
#12 {main}
CRITICAL - 2022-04-26 18:14:53 --> Object of class stdClass could not be converted to string
#0 C:\xampp\htdocs\app-asvl\system\Database\Query.php(318): strtr('SELECT *\nFROM `...', Array)
#1 C:\xampp\htdocs\app-asvl\system\Database\Query.php(293): CodeIgniter\Database\Query->matchNamedBinds('SELECT *\nFROM `...', Array)
#2 C:\xampp\htdocs\app-asvl\system\Database\Query.php(150): CodeIgniter\Database\Query->compileBinds()
#3 C:\xampp\htdocs\app-asvl\system\Database\BaseConnection.php(598): CodeIgniter\Database\Query->getQuery()
#4 C:\xampp\htdocs\app-asvl\system\Database\BaseBuilder.php(1455): CodeIgniter\Database\BaseConnection->query('SELECT *\nFROM `...', Array, false)
#5 C:\xampp\htdocs\app-asvl\system\Model.php(183): CodeIgniter\Database\BaseBuilder->get()
#6 C:\xampp\htdocs\app-asvl\system\BaseModel.php(584): CodeIgniter\Model->doFindAll(0, 0)
#7 C:\xampp\htdocs\app-asvl\app\Controllers\Link.php(39): CodeIgniter\BaseModel->findAll()
#8 C:\xampp\htdocs\app-asvl\system\CodeIgniter.php(832): App\Controllers\Link->index()
#9 C:\xampp\htdocs\app-asvl\system\CodeIgniter.php(419): CodeIgniter\CodeIgniter->runController(Object(App\Controllers\Link))
#10 C:\xampp\htdocs\app-asvl\system\CodeIgniter.php(326): CodeIgniter\CodeIgniter->handleRequest(NULL, Object(Config\Cache), false)
#11 C:\xampp\htdocs\app-asvl\public\index.php(37): CodeIgniter\CodeIgniter->run()
#12 {main}
CRITICAL - 2022-04-26 18:14:55 --> Object of class stdClass could not be converted to string
#0 C:\xampp\htdocs\app-asvl\system\Database\Query.php(318): strtr('SELECT *\nFROM `...', Array)
#1 C:\xampp\htdocs\app-asvl\system\Database\Query.php(293): CodeIgniter\Database\Query->matchNamedBinds('SELECT *\nFROM `...', Array)
#2 C:\xampp\htdocs\app-asvl\system\Database\Query.php(150): CodeIgniter\Database\Query->compileBinds()
#3 C:\xampp\htdocs\app-asvl\system\Database\BaseConnection.php(598): CodeIgniter\Database\Query->getQuery()
#4 C:\xampp\htdocs\app-asvl\system\Database\BaseBuilder.php(1455): CodeIgniter\Database\BaseConnection->query('SELECT *\nFROM `...', Array, false)
#5 C:\xampp\htdocs\app-asvl\system\Model.php(183): CodeIgniter\Database\BaseBuilder->get()
#6 C:\xampp\htdocs\app-asvl\system\BaseModel.php(584): CodeIgniter\Model->doFindAll(0, 0)
#7 C:\xampp\htdocs\app-asvl\app\Controllers\Link.php(39): CodeIgniter\BaseModel->findAll()
#8 C:\xampp\htdocs\app-asvl\system\CodeIgniter.php(832): App\Controllers\Link->index()
#9 C:\xampp\htdocs\app-asvl\system\CodeIgniter.php(419): CodeIgniter\CodeIgniter->runController(Object(App\Controllers\Link))
#10 C:\xampp\htdocs\app-asvl\system\CodeIgniter.php(326): CodeIgniter\CodeIgniter->handleRequest(NULL, Object(Config\Cache), false)
#11 C:\xampp\htdocs\app-asvl\public\index.php(37): CodeIgniter\CodeIgniter->run()
#12 {main}
CRITICAL - 2022-04-26 18:16:08 --> Object of class stdClass could not be converted to string
#0 C:\xampp\htdocs\app-asvl\system\CodeIgniter.php(832): App\Controllers\Link->index()
#1 C:\xampp\htdocs\app-asvl\system\CodeIgniter.php(419): CodeIgniter\CodeIgniter->runController(Object(App\Controllers\Link))
#2 C:\xampp\htdocs\app-asvl\system\CodeIgniter.php(326): CodeIgniter\CodeIgniter->handleRequest(NULL, Object(Config\Cache), false)
#3 C:\xampp\htdocs\app-asvl\public\index.php(37): CodeIgniter\CodeIgniter->run()
#4 {main}
CRITICAL - 2022-04-26 18:16:18 --> Object of class stdClass could not be converted to string
#0 C:\xampp\htdocs\app-asvl\system\CodeIgniter.php(832): App\Controllers\Link->index()
#1 C:\xampp\htdocs\app-asvl\system\CodeIgniter.php(419): CodeIgniter\CodeIgniter->runController(Object(App\Controllers\Link))
#2 C:\xampp\htdocs\app-asvl\system\CodeIgniter.php(326): CodeIgniter\CodeIgniter->handleRequest(NULL, Object(Config\Cache), false)
#3 C:\xampp\htdocs\app-asvl\public\index.php(37): CodeIgniter\CodeIgniter->run()
#4 {main}
CRITICAL - 2022-04-26 18:16:20 --> Object of class stdClass could not be converted to string
#0 C:\xampp\htdocs\app-asvl\system\CodeIgniter.php(832): App\Controllers\Link->index()
#1 C:\xampp\htdocs\app-asvl\system\CodeIgniter.php(419): CodeIgniter\CodeIgniter->runController(Object(App\Controllers\Link))
#2 C:\xampp\htdocs\app-asvl\system\CodeIgniter.php(326): CodeIgniter\CodeIgniter->handleRequest(NULL, Object(Config\Cache), false)
#3 C:\xampp\htdocs\app-asvl\public\index.php(37): CodeIgniter\CodeIgniter->run()
#4 {main}
CRITICAL - 2022-04-26 18:17:14 --> Object of class stdClass could not be converted to string
#0 C:\xampp\htdocs\app-asvl\system\CodeIgniter.php(832): App\Controllers\Link->index()
#1 C:\xampp\htdocs\app-asvl\system\CodeIgniter.php(419): CodeIgniter\CodeIgniter->runController(Object(App\Controllers\Link))
#2 C:\xampp\htdocs\app-asvl\system\CodeIgniter.php(326): CodeIgniter\CodeIgniter->handleRequest(NULL, Object(Config\Cache), false)
#3 C:\xampp\htdocs\app-asvl\public\index.php(37): CodeIgniter\CodeIgniter->run()
#4 {main}
CRITICAL - 2022-04-26 18:17:15 --> Object of class stdClass could not be converted to string
#0 C:\xampp\htdocs\app-asvl\system\CodeIgniter.php(832): App\Controllers\Link->index()
#1 C:\xampp\htdocs\app-asvl\system\CodeIgniter.php(419): CodeIgniter\CodeIgniter->runController(Object(App\Controllers\Link))
#2 C:\xampp\htdocs\app-asvl\system\CodeIgniter.php(326): CodeIgniter\CodeIgniter->handleRequest(NULL, Object(Config\Cache), false)
#3 C:\xampp\htdocs\app-asvl\public\index.php(37): CodeIgniter\CodeIgniter->run()
#4 {main}
CRITICAL - 2022-04-26 18:18:24 --> Object of class stdClass could not be converted to string
#0 C:\xampp\htdocs\app-asvl\system\CodeIgniter.php(832): App\Controllers\Link->index()
#1 C:\xampp\htdocs\app-asvl\system\CodeIgniter.php(419): CodeIgniter\CodeIgniter->runController(Object(App\Controllers\Link))
#2 C:\xampp\htdocs\app-asvl\system\CodeIgniter.php(326): CodeIgniter\CodeIgniter->handleRequest(NULL, Object(Config\Cache), false)
#3 C:\xampp\htdocs\app-asvl\public\index.php(37): CodeIgniter\CodeIgniter->run()
#4 {main}
CRITICAL - 2022-04-26 18:18:25 --> Object of class stdClass could not be converted to string
#0 C:\xampp\htdocs\app-asvl\system\CodeIgniter.php(832): App\Controllers\Link->index()
#1 C:\xampp\htdocs\app-asvl\system\CodeIgniter.php(419): CodeIgniter\CodeIgniter->runController(Object(App\Controllers\Link))
#2 C:\xampp\htdocs\app-asvl\system\CodeIgniter.php(326): CodeIgniter\CodeIgniter->handleRequest(NULL, Object(Config\Cache), false)
#3 C:\xampp\htdocs\app-asvl\public\index.php(37): CodeIgniter\CodeIgniter->run()
#4 {main}
CRITICAL - 2022-04-26 18:19:34 --> Object of class stdClass could not be converted to string
#0 C:\xampp\htdocs\app-asvl\system\Database\Query.php(318): strtr('SELECT *\nFROM `...', Array)
#1 C:\xampp\htdocs\app-asvl\system\Database\Query.php(293): CodeIgniter\Database\Query->matchNamedBinds('SELECT *\nFROM `...', Array)
#2 C:\xampp\htdocs\app-asvl\system\Database\Query.php(150): CodeIgniter\Database\Query->compileBinds()
#3 C:\xampp\htdocs\app-asvl\system\Database\BaseConnection.php(598): CodeIgniter\Database\Query->getQuery()
#4 C:\xampp\htdocs\app-asvl\system\Database\BaseBuilder.php(1455): CodeIgniter\Database\BaseConnection->query('SELECT *\nFROM `...', Array, false)
#5 C:\xampp\htdocs\app-asvl\system\Model.php(183): CodeIgniter\Database\BaseBuilder->get()
#6 C:\xampp\htdocs\app-asvl\system\BaseModel.php(584): CodeIgniter\Model->doFindAll(0, 0)
#7 C:\xampp\htdocs\app-asvl\app\Controllers\Link.php(41): CodeIgniter\BaseModel->findAll()
#8 C:\xampp\htdocs\app-asvl\system\CodeIgniter.php(832): App\Controllers\Link->index()
#9 C:\xampp\htdocs\app-asvl\system\CodeIgniter.php(419): CodeIgniter\CodeIgniter->runController(Object(App\Controllers\Link))
#10 C:\xampp\htdocs\app-asvl\system\CodeIgniter.php(326): CodeIgniter\CodeIgniter->handleRequest(NULL, Object(Config\Cache), false)
#11 C:\xampp\htdocs\app-asvl\public\index.php(37): CodeIgniter\CodeIgniter->run()
#12 {main}
CRITICAL - 2022-04-26 18:19:36 --> Object of class stdClass could not be converted to string
#0 C:\xampp\htdocs\app-asvl\system\Database\Query.php(318): strtr('SELECT *\nFROM `...', Array)
#1 C:\xampp\htdocs\app-asvl\system\Database\Query.php(293): CodeIgniter\Database\Query->matchNamedBinds('SELECT *\nFROM `...', Array)
#2 C:\xampp\htdocs\app-asvl\system\Database\Query.php(150): CodeIgniter\Database\Query->compileBinds()
#3 C:\xampp\htdocs\app-asvl\system\Database\BaseConnection.php(598): CodeIgniter\Database\Query->getQuery()
#4 C:\xampp\htdocs\app-asvl\system\Database\BaseBuilder.php(1455): CodeIgniter\Database\BaseConnection->query('SELECT *\nFROM `...', Array, false)
#5 C:\xampp\htdocs\app-asvl\system\Model.php(183): CodeIgniter\Database\BaseBuilder->get()
#6 C:\xampp\htdocs\app-asvl\system\BaseModel.php(584): CodeIgniter\Model->doFindAll(0, 0)
#7 C:\xampp\htdocs\app-asvl\app\Controllers\Link.php(41): CodeIgniter\BaseModel->findAll()
#8 C:\xampp\htdocs\app-asvl\system\CodeIgniter.php(832): App\Controllers\Link->index()
#9 C:\xampp\htdocs\app-asvl\system\CodeIgniter.php(419): CodeIgniter\CodeIgniter->runController(Object(App\Controllers\Link))
#10 C:\xampp\htdocs\app-asvl\system\CodeIgniter.php(326): CodeIgniter\CodeIgniter->handleRequest(NULL, Object(Config\Cache), false)
#11 C:\xampp\htdocs\app-asvl\public\index.php(37): CodeIgniter\CodeIgniter->run()
#12 {main}
CRITICAL - 2022-04-26 18:20:27 --> Cannot use object of type stdClass as array
#0 C:\xampp\htdocs\app-asvl\system\View\View.php(210): include()
#1 C:\xampp\htdocs\app-asvl\system\View\View.php(213): CodeIgniter\View\View->CodeIgniter\View\{closure}()
#2 C:\xampp\htdocs\app-asvl\system\Common.php(1089): CodeIgniter\View\View->render('link/index', Array, true)
#3 C:\xampp\htdocs\app-asvl\app\Controllers\Link.php(44): view('link/index', Array)
#4 C:\xampp\htdocs\app-asvl\system\CodeIgniter.php(832): App\Controllers\Link->index()
#5 C:\xampp\htdocs\app-asvl\system\CodeIgniter.php(419): CodeIgniter\CodeIgniter->runController(Object(App\Controllers\Link))
#6 C:\xampp\htdocs\app-asvl\system\CodeIgniter.php(326): CodeIgniter\CodeIgniter->handleRequest(NULL, Object(Config\Cache), false)
#7 C:\xampp\htdocs\app-asvl\public\index.php(37): CodeIgniter\CodeIgniter->run()
#8 {main}
CRITICAL - 2022-04-26 18:21:45 --> Object of class stdClass could not be converted to string
#0 C:\xampp\htdocs\app-asvl\system\Database\Query.php(318): strtr('SELECT *\nFROM `...', Array)
#1 C:\xampp\htdocs\app-asvl\system\Database\Query.php(293): CodeIgniter\Database\Query->matchNamedBinds('SELECT *\nFROM `...', Array)
#2 C:\xampp\htdocs\app-asvl\system\Database\Query.php(150): CodeIgniter\Database\Query->compileBinds()
#3 C:\xampp\htdocs\app-asvl\system\Database\BaseConnection.php(598): CodeIgniter\Database\Query->getQuery()
#4 C:\xampp\htdocs\app-asvl\system\Database\BaseBuilder.php(1455): CodeIgniter\Database\BaseConnection->query('SELECT *\nFROM `...', Array, false)
#5 C:\xampp\htdocs\app-asvl\system\Model.php(183): CodeIgniter\Database\BaseBuilder->get()
#6 C:\xampp\htdocs\app-asvl\system\BaseModel.php(584): CodeIgniter\Model->doFindAll(0, 0)
#7 C:\xampp\htdocs\app-asvl\app\Controllers\Link.php(41): CodeIgniter\BaseModel->findAll()
#8 C:\xampp\htdocs\app-asvl\system\CodeIgniter.php(832): App\Controllers\Link->index()
#9 C:\xampp\htdocs\app-asvl\system\CodeIgniter.php(419): CodeIgniter\CodeIgniter->runController(Object(App\Controllers\Link))
#10 C:\xampp\htdocs\app-asvl\system\CodeIgniter.php(326): CodeIgniter\CodeIgniter->handleRequest(NULL, Object(Config\Cache), false)
#11 C:\xampp\htdocs\app-asvl\public\index.php(37): CodeIgniter\CodeIgniter->run()
#12 {main}
CRITICAL - 2022-04-26 18:23:05 --> Object of class stdClass could not be converted to string
#0 C:\xampp\htdocs\app-asvl\system\Database\Query.php(318): strtr('SELECT *\nFROM `...', Array)
#1 C:\xampp\htdocs\app-asvl\system\Database\Query.php(293): CodeIgniter\Database\Query->matchNamedBinds('SELECT *\nFROM `...', Array)
#2 C:\xampp\htdocs\app-asvl\system\Database\Query.php(150): CodeIgniter\Database\Query->compileBinds()
#3 C:\xampp\htdocs\app-asvl\system\Database\BaseConnection.php(598): CodeIgniter\Database\Query->getQuery()
#4 C:\xampp\htdocs\app-asvl\system\Database\BaseBuilder.php(1455): CodeIgniter\Database\BaseConnection->query('SELECT *\nFROM `...', Array, false)
#5 C:\xampp\htdocs\app-asvl\system\Model.php(183): CodeIgniter\Database\BaseBuilder->get()
#6 C:\xampp\htdocs\app-asvl\system\BaseModel.php(584): CodeIgniter\Model->doFindAll(0, 0)
#7 C:\xampp\htdocs\app-asvl\app\Controllers\Link.php(41): CodeIgniter\BaseModel->findAll()
#8 C:\xampp\htdocs\app-asvl\system\CodeIgniter.php(832): App\Controllers\Link->index()
#9 C:\xampp\htdocs\app-asvl\system\CodeIgniter.php(419): CodeIgniter\CodeIgniter->runController(Object(App\Controllers\Link))
#10 C:\xampp\htdocs\app-asvl\system\CodeIgniter.php(326): CodeIgniter\CodeIgniter->handleRequest(NULL, Object(Config\Cache), false)
#11 C:\xampp\htdocs\app-asvl\public\index.php(37): CodeIgniter\CodeIgniter->run()
#12 {main}
CRITICAL - 2022-04-26 18:24:18 --> Object of class stdClass could not be converted to string
#0 C:\xampp\htdocs\app-asvl\system\Database\Query.php(312): implode(',', Array)
#1 C:\xampp\htdocs\app-asvl\system\Database\Query.php(293): CodeIgniter\Database\Query->matchNamedBinds('SELECT *\nFROM `...', Array)
#2 C:\xampp\htdocs\app-asvl\system\Database\Query.php(150): CodeIgniter\Database\Query->compileBinds()
#3 C:\xampp\htdocs\app-asvl\system\Database\BaseConnection.php(598): CodeIgniter\Database\Query->getQuery()
#4 C:\xampp\htdocs\app-asvl\system\Database\BaseBuilder.php(1455): CodeIgniter\Database\BaseConnection->query('SELECT *\nFROM `...', Array, false)
#5 C:\xampp\htdocs\app-asvl\system\Model.php(183): CodeIgniter\Database\BaseBuilder->get()
#6 C:\xampp\htdocs\app-asvl\system\BaseModel.php(584): CodeIgniter\Model->doFindAll(0, 0)
#7 C:\xampp\htdocs\app-asvl\app\Controllers\Link.php(41): CodeIgniter\BaseModel->findAll()
#8 C:\xampp\htdocs\app-asvl\system\CodeIgniter.php(832): App\Controllers\Link->index()
#9 C:\xampp\htdocs\app-asvl\system\CodeIgniter.php(419): CodeIgniter\CodeIgniter->runController(Object(App\Controllers\Link))
#10 C:\xampp\htdocs\app-asvl\system\CodeIgniter.php(326): CodeIgniter\CodeIgniter->handleRequest(NULL, Object(Config\Cache), false)
#11 C:\xampp\htdocs\app-asvl\public\index.php(37): CodeIgniter\CodeIgniter->run()
#12 {main}
CRITICAL - 2022-04-26 18:24:41 --> Object of class stdClass could not be converted to string
#0 C:\xampp\htdocs\app-asvl\system\Database\Query.php(318): strtr('SELECT *\nFROM `...', Array)
#1 C:\xampp\htdocs\app-asvl\system\Database\Query.php(293): CodeIgniter\Database\Query->matchNamedBinds('SELECT *\nFROM `...', Array)
#2 C:\xampp\htdocs\app-asvl\system\Database\Query.php(150): CodeIgniter\Database\Query->compileBinds()
#3 C:\xampp\htdocs\app-asvl\system\Database\BaseConnection.php(598): CodeIgniter\Database\Query->getQuery()
#4 C:\xampp\htdocs\app-asvl\system\Database\BaseBuilder.php(1455): CodeIgniter\Database\BaseConnection->query('SELECT *\nFROM `...', Array, false)
#5 C:\xampp\htdocs\app-asvl\system\Model.php(183): CodeIgniter\Database\BaseBuilder->get()
#6 C:\xampp\htdocs\app-asvl\system\BaseModel.php(584): CodeIgniter\Model->doFindAll(0, 0)
#7 C:\xampp\htdocs\app-asvl\app\Controllers\Link.php(41): CodeIgniter\BaseModel->findAll()
#8 C:\xampp\htdocs\app-asvl\system\CodeIgniter.php(832): App\Controllers\Link->index()
#9 C:\xampp\htdocs\app-asvl\system\CodeIgniter.php(419): CodeIgniter\CodeIgniter->runController(Object(App\Controllers\Link))
#10 C:\xampp\htdocs\app-asvl\system\CodeIgniter.php(326): CodeIgniter\CodeIgniter->handleRequest(NULL, Object(Config\Cache), false)
#11 C:\xampp\htdocs\app-asvl\public\index.php(37): CodeIgniter\CodeIgniter->run()
#12 {main}
CRITICAL - 2022-04-26 18:24:43 --> Object of class stdClass could not be converted to string
#0 C:\xampp\htdocs\app-asvl\system\Database\Query.php(318): strtr('SELECT *\nFROM `...', Array)
#1 C:\xampp\htdocs\app-asvl\system\Database\Query.php(293): CodeIgniter\Database\Query->matchNamedBinds('SELECT *\nFROM `...', Array)
#2 C:\xampp\htdocs\app-asvl\system\Database\Query.php(150): CodeIgniter\Database\Query->compileBinds()
#3 C:\xampp\htdocs\app-asvl\system\Database\BaseConnection.php(598): CodeIgniter\Database\Query->getQuery()
#4 C:\xampp\htdocs\app-asvl\system\Database\BaseBuilder.php(1455): CodeIgniter\Database\BaseConnection->query('SELECT *\nFROM `...', Array, false)
#5 C:\xampp\htdocs\app-asvl\system\Model.php(183): CodeIgniter\Database\BaseBuilder->get()
#6 C:\xampp\htdocs\app-asvl\system\BaseModel.php(584): CodeIgniter\Model->doFindAll(0, 0)
#7 C:\xampp\htdocs\app-asvl\app\Controllers\Link.php(41): CodeIgniter\BaseModel->findAll()
#8 C:\xampp\htdocs\app-asvl\system\CodeIgniter.php(832): App\Controllers\Link->index()
#9 C:\xampp\htdocs\app-asvl\system\CodeIgniter.php(419): CodeIgniter\CodeIgniter->runController(Object(App\Controllers\Link))
#10 C:\xampp\htdocs\app-asvl\system\CodeIgniter.php(326): CodeIgniter\CodeIgniter->handleRequest(NULL, Object(Config\Cache), false)
#11 C:\xampp\htdocs\app-asvl\public\index.php(37): CodeIgniter\CodeIgniter->run()
#12 {main}
CRITICAL - 2022-04-26 18:30:24 --> Undefined property: stdClass::$title_category
#0 C:\xampp\htdocs\app-asvl\app\Views\link\index.php(8): CodeIgniter\Debug\Exceptions->errorHandler(2, 'Undefined prope...', 'C:\\xampp\\htdocs...', 8)
#1 C:\xampp\htdocs\app-asvl\system\View\View.php(210): include('C:\\xampp\\htdocs...')
#2 C:\xampp\htdocs\app-asvl\system\View\View.php(213): CodeIgniter\View\View->CodeIgniter\View\{closure}()
#3 C:\xampp\htdocs\app-asvl\system\Common.php(1089): CodeIgniter\View\View->render('link/index', Array, true)
#4 C:\xampp\htdocs\app-asvl\app\Controllers\Link.php(44): view('link/index', Array)
#5 C:\xampp\htdocs\app-asvl\system\CodeIgniter.php(832): App\Controllers\Link->index()
#6 C:\xampp\htdocs\app-asvl\system\CodeIgniter.php(419): CodeIgniter\CodeIgniter->runController(Object(App\Controllers\Link))
#7 C:\xampp\htdocs\app-asvl\system\CodeIgniter.php(326): CodeIgniter\CodeIgniter->handleRequest(NULL, Object(Config\Cache), false)
#8 C:\xampp\htdocs\app-asvl\public\index.php(37): CodeIgniter\CodeIgniter->run()
#9 {main}
CRITICAL - 2022-04-26 18:30:25 --> Undefined property: stdClass::$title_category
#0 C:\xampp\htdocs\app-asvl\app\Views\link\index.php(8): CodeIgniter\Debug\Exceptions->errorHandler(2, 'Undefined prope...', 'C:\\xampp\\htdocs...', 8)
#1 C:\xampp\htdocs\app-asvl\system\View\View.php(210): include('C:\\xampp\\htdocs...')
#2 C:\xampp\htdocs\app-asvl\system\View\View.php(213): CodeIgniter\View\View->CodeIgniter\View\{closure}()
#3 C:\xampp\htdocs\app-asvl\system\Common.php(1089): CodeIgniter\View\View->render('link/index', Array, true)
#4 C:\xampp\htdocs\app-asvl\app\Controllers\Link.php(44): view('link/index', Array)
#5 C:\xampp\htdocs\app-asvl\system\CodeIgniter.php(832): App\Controllers\Link->index()
#6 C:\xampp\htdocs\app-asvl\system\CodeIgniter.php(419): CodeIgniter\CodeIgniter->runController(Object(App\Controllers\Link))
#7 C:\xampp\htdocs\app-asvl\system\CodeIgniter.php(326): CodeIgniter\CodeIgniter->handleRequest(NULL, Object(Config\Cache), false)
#8 C:\xampp\htdocs\app-asvl\public\index.php(37): CodeIgniter\CodeIgniter->run()
#9 {main}
CRITICAL - 2022-04-26 18:31:42 --> Undefined property: stdClass::$title_category
#0 C:\xampp\htdocs\app-asvl\app\Views\link\index.php(8): CodeIgniter\Debug\Exceptions->errorHandler(2, 'Undefined prope...', 'C:\\xampp\\htdocs...', 8)
#1 C:\xampp\htdocs\app-asvl\system\View\View.php(210): include('C:\\xampp\\htdocs...')
#2 C:\xampp\htdocs\app-asvl\system\View\View.php(213): CodeIgniter\View\View->CodeIgniter\View\{closure}()
#3 C:\xampp\htdocs\app-asvl\system\Common.php(1089): CodeIgniter\View\View->render('link/index', Array, true)
#4 C:\xampp\htdocs\app-asvl\app\Controllers\Link.php(44): view('link/index', Array)
#5 C:\xampp\htdocs\app-asvl\system\CodeIgniter.php(832): App\Controllers\Link->index()
#6 C:\xampp\htdocs\app-asvl\system\CodeIgniter.php(419): CodeIgniter\CodeIgniter->runController(Object(App\Controllers\Link))
#7 C:\xampp\htdocs\app-asvl\system\CodeIgniter.php(326): CodeIgniter\CodeIgniter->handleRequest(NULL, Object(Config\Cache), false)
#8 C:\xampp\htdocs\app-asvl\public\index.php(37): CodeIgniter\CodeIgniter->run()
#9 {main}
CRITICAL - 2022-04-26 18:32:39 --> Undefined property: stdClass::$title_category
#0 C:\xampp\htdocs\app-asvl\app\Views\link\index.php(8): CodeIgniter\Debug\Exceptions->errorHandler(2, 'Undefined prope...', 'C:\\xampp\\htdocs...', 8)
#1 C:\xampp\htdocs\app-asvl\system\View\View.php(210): include('C:\\xampp\\htdocs...')
#2 C:\xampp\htdocs\app-asvl\system\View\View.php(213): CodeIgniter\View\View->CodeIgniter\View\{closure}()
#3 C:\xampp\htdocs\app-asvl\system\Common.php(1089): CodeIgniter\View\View->render('link/index', Array, true)
#4 C:\xampp\htdocs\app-asvl\app\Controllers\Link.php(44): view('link/index', Array)
#5 C:\xampp\htdocs\app-asvl\system\CodeIgniter.php(832): App\Controllers\Link->index()
#6 C:\xampp\htdocs\app-asvl\system\CodeIgniter.php(419): CodeIgniter\CodeIgniter->runController(Object(App\Controllers\Link))
#7 C:\xampp\htdocs\app-asvl\system\CodeIgniter.php(326): CodeIgniter\CodeIgniter->handleRequest(NULL, Object(Config\Cache), false)
#8 C:\xampp\htdocs\app-asvl\public\index.php(37): CodeIgniter\CodeIgniter->run()
#9 {main}
CRITICAL - 2022-04-26 18:32:41 --> Undefined property: stdClass::$title_category
#0 C:\xampp\htdocs\app-asvl\app\Views\link\index.php(8): CodeIgniter\Debug\Exceptions->errorHandler(2, 'Undefined prope...', 'C:\\xampp\\htdocs...', 8)
#1 C:\xampp\htdocs\app-asvl\system\View\View.php(210): include('C:\\xampp\\htdocs...')
#2 C:\xampp\htdocs\app-asvl\system\View\View.php(213): CodeIgniter\View\View->CodeIgniter\View\{closure}()
#3 C:\xampp\htdocs\app-asvl\system\Common.php(1089): CodeIgniter\View\View->render('link/index', Array, true)
#4 C:\xampp\htdocs\app-asvl\app\Controllers\Link.php(44): view('link/index', Array)
#5 C:\xampp\htdocs\app-asvl\system\CodeIgniter.php(832): App\Controllers\Link->index()
#6 C:\xampp\htdocs\app-asvl\system\CodeIgniter.php(419): CodeIgniter\CodeIgniter->runController(Object(App\Controllers\Link))
#7 C:\xampp\htdocs\app-asvl\system\CodeIgniter.php(326): CodeIgniter\CodeIgniter->handleRequest(NULL, Object(Config\Cache), false)
#8 C:\xampp\htdocs\app-asvl\public\index.php(37): CodeIgniter\CodeIgniter->run()
#9 {main}
CRITICAL - 2022-04-26 18:33:07 --> Undefined property: stdClass::$title_category
#0 C:\xampp\htdocs\app-asvl\app\Views\link\index.php(8): CodeIgniter\Debug\Exceptions->errorHandler(2, 'Undefined prope...', 'C:\\xampp\\htdocs...', 8)
#1 C:\xampp\htdocs\app-asvl\system\View\View.php(210): include('C:\\xampp\\htdocs...')
#2 C:\xampp\htdocs\app-asvl\system\View\View.php(213): CodeIgniter\View\View->CodeIgniter\View\{closure}()
#3 C:\xampp\htdocs\app-asvl\system\Common.php(1089): CodeIgniter\View\View->render('link/index', Array, true)
#4 C:\xampp\htdocs\app-asvl\app\Controllers\Link.php(44): view('link/index', Array)
#5 C:\xampp\htdocs\app-asvl\system\CodeIgniter.php(832): App\Controllers\Link->index()
#6 C:\xampp\htdocs\app-asvl\system\CodeIgniter.php(419): CodeIgniter\CodeIgniter->runController(Object(App\Controllers\Link))
#7 C:\xampp\htdocs\app-asvl\system\CodeIgniter.php(326): CodeIgniter\CodeIgniter->handleRequest(NULL, Object(Config\Cache), false)
#8 C:\xampp\htdocs\app-asvl\public\index.php(37): CodeIgniter\CodeIgniter->run()
#9 {main}
CRITICAL - 2022-04-26 18:33:30 --> Undefined property: stdClass::$title_category
#0 C:\xampp\htdocs\app-asvl\app\Views\link\index.php(8): CodeIgniter\Debug\Exceptions->errorHandler(2, 'Undefined prope...', 'C:\\xampp\\htdocs...', 8)
#1 C:\xampp\htdocs\app-asvl\system\View\View.php(210): include('C:\\xampp\\htdocs...')
#2 C:\xampp\htdocs\app-asvl\system\View\View.php(213): CodeIgniter\View\View->CodeIgniter\View\{closure}()
#3 C:\xampp\htdocs\app-asvl\system\Common.php(1089): CodeIgniter\View\View->render('link/index', Array, true)
#4 C:\xampp\htdocs\app-asvl\app\Controllers\Link.php(44): view('link/index', Array)
#5 C:\xampp\htdocs\app-asvl\system\CodeIgniter.php(832): App\Controllers\Link->index()
#6 C:\xampp\htdocs\app-asvl\system\CodeIgniter.php(419): CodeIgniter\CodeIgniter->runController(Object(App\Controllers\Link))
#7 C:\xampp\htdocs\app-asvl\system\CodeIgniter.php(326): CodeIgniter\CodeIgniter->handleRequest(NULL, Object(Config\Cache), false)
#8 C:\xampp\htdocs\app-asvl\public\index.php(37): CodeIgniter\CodeIgniter->run()
#9 {main}
CRITICAL - 2022-04-26 18:33:32 --> Undefined property: stdClass::$title_category
#0 C:\xampp\htdocs\app-asvl\app\Views\link\index.php(8): CodeIgniter\Debug\Exceptions->errorHandler(2, 'Undefined prope...', 'C:\\xampp\\htdocs...', 8)
#1 C:\xampp\htdocs\app-asvl\system\View\View.php(210): include('C:\\xampp\\htdocs...')
#2 C:\xampp\htdocs\app-asvl\system\View\View.php(213): CodeIgniter\View\View->CodeIgniter\View\{closure}()
#3 C:\xampp\htdocs\app-asvl\system\Common.php(1089): CodeIgniter\View\View->render('link/index', Array, true)
#4 C:\xampp\htdocs\app-asvl\app\Controllers\Link.php(44): view('link/index', Array)
#5 C:\xampp\htdocs\app-asvl\system\CodeIgniter.php(832): App\Controllers\Link->index()
#6 C:\xampp\htdocs\app-asvl\system\CodeIgniter.php(419): CodeIgniter\CodeIgniter->runController(Object(App\Controllers\Link))
#7 C:\xampp\htdocs\app-asvl\system\CodeIgniter.php(326): CodeIgniter\CodeIgniter->handleRequest(NULL, Object(Config\Cache), false)
#8 C:\xampp\htdocs\app-asvl\public\index.php(37): CodeIgniter\CodeIgniter->run()
#9 {main}
CRITICAL - 2022-04-26 18:34:27 --> Undefined property: stdClass::$title_category
#0 C:\xampp\htdocs\app-asvl\app\Views\link\index.php(8): CodeIgniter\Debug\Exceptions->errorHandler(2, 'Undefined prope...', 'C:\\xampp\\htdocs...', 8)
#1 C:\xampp\htdocs\app-asvl\system\View\View.php(210): include('C:\\xampp\\htdocs...')
#2 C:\xampp\htdocs\app-asvl\system\View\View.php(213): CodeIgniter\View\View->CodeIgniter\View\{closure}()
#3 C:\xampp\htdocs\app-asvl\system\Common.php(1089): CodeIgniter\View\View->render('link/index', Array, true)
#4 C:\xampp\htdocs\app-asvl\app\Controllers\Link.php(44): view('link/index', Array)
#5 C:\xampp\htdocs\app-asvl\system\CodeIgniter.php(832): App\Controllers\Link->index()
#6 C:\xampp\htdocs\app-asvl\system\CodeIgniter.php(419): CodeIgniter\CodeIgniter->runController(Object(App\Controllers\Link))
#7 C:\xampp\htdocs\app-asvl\system\CodeIgniter.php(326): CodeIgniter\CodeIgniter->handleRequest(NULL, Object(Config\Cache), false)
#8 C:\xampp\htdocs\app-asvl\public\index.php(37): CodeIgniter\CodeIgniter->run()
#9 {main}
CRITICAL - 2022-04-26 18:34:28 --> Undefined property: stdClass::$title_category
#0 C:\xampp\htdocs\app-asvl\app\Views\link\index.php(8): CodeIgniter\Debug\Exceptions->errorHandler(2, 'Undefined prope...', 'C:\\xampp\\htdocs...', 8)
#1 C:\xampp\htdocs\app-asvl\system\View\View.php(210): include('C:\\xampp\\htdocs...')
#2 C:\xampp\htdocs\app-asvl\system\View\View.php(213): CodeIgniter\View\View->CodeIgniter\View\{closure}()
#3 C:\xampp\htdocs\app-asvl\system\Common.php(1089): CodeIgniter\View\View->render('link/index', Array, true)
#4 C:\xampp\htdocs\app-asvl\app\Controllers\Link.php(44): view('link/index', Array)
#5 C:\xampp\htdocs\app-asvl\system\CodeIgniter.php(832): App\Controllers\Link->index()
#6 C:\xampp\htdocs\app-asvl\system\CodeIgniter.php(419): CodeIgniter\CodeIgniter->runController(Object(App\Controllers\Link))
#7 C:\xampp\htdocs\app-asvl\system\CodeIgniter.php(326): CodeIgniter\CodeIgniter->handleRequest(NULL, Object(Config\Cache), false)
#8 C:\xampp\htdocs\app-asvl\public\index.php(37): CodeIgniter\CodeIgniter->run()
#9 {main}
CRITICAL - 2022-04-26 18:36:38 --> Undefined property: stdClass::$title_category
#0 C:\xampp\htdocs\app-asvl\app\Views\link\index.php(8): CodeIgniter\Debug\Exceptions->errorHandler(2, 'Undefined prope...', 'C:\\xampp\\htdocs...', 8)
#1 C:\xampp\htdocs\app-asvl\system\View\View.php(210): include('C:\\xampp\\htdocs...')
#2 C:\xampp\htdocs\app-asvl\system\View\View.php(213): CodeIgniter\View\View->CodeIgniter\View\{closure}()
#3 C:\xampp\htdocs\app-asvl\system\Common.php(1089): CodeIgniter\View\View->render('link/index', Array, true)
#4 C:\xampp\htdocs\app-asvl\app\Controllers\Link.php(44): view('link/index', Array)
#5 C:\xampp\htdocs\app-asvl\system\CodeIgniter.php(832): App\Controllers\Link->index()
#6 C:\xampp\htdocs\app-asvl\system\CodeIgniter.php(419): CodeIgniter\CodeIgniter->runController(Object(App\Controllers\Link))
#7 C:\xampp\htdocs\app-asvl\system\CodeIgniter.php(326): CodeIgniter\CodeIgniter->handleRequest(NULL, Object(Config\Cache), false)
#8 C:\xampp\htdocs\app-asvl\public\index.php(37): CodeIgniter\CodeIgniter->run()
#9 {main}
CRITICAL - 2022-04-26 18:36:40 --> Undefined property: stdClass::$title_category
#0 C:\xampp\htdocs\app-asvl\app\Views\link\index.php(8): CodeIgniter\Debug\Exceptions->errorHandler(2, 'Undefined prope...', 'C:\\xampp\\htdocs...', 8)
#1 C:\xampp\htdocs\app-asvl\system\View\View.php(210): include('C:\\xampp\\htdocs...')
#2 C:\xampp\htdocs\app-asvl\system\View\View.php(213): CodeIgniter\View\View->CodeIgniter\View\{closure}()
#3 C:\xampp\htdocs\app-asvl\system\Common.php(1089): CodeIgniter\View\View->render('link/index', Array, true)
#4 C:\xampp\htdocs\app-asvl\app\Controllers\Link.php(44): view('link/index', Array)
#5 C:\xampp\htdocs\app-asvl\system\CodeIgniter.php(832): App\Controllers\Link->index()
#6 C:\xampp\htdocs\app-asvl\system\CodeIgniter.php(419): CodeIgniter\CodeIgniter->runController(Object(App\Controllers\Link))
#7 C:\xampp\htdocs\app-asvl\system\CodeIgniter.php(326): CodeIgniter\CodeIgniter->handleRequest(NULL, Object(Config\Cache), false)
#8 C:\xampp\htdocs\app-asvl\public\index.php(37): CodeIgniter\CodeIgniter->run()
#9 {main}
CRITICAL - 2022-04-26 18:36:47 --> Undefined property: stdClass::$title_category
#0 C:\xampp\htdocs\app-asvl\app\Views\link\index.php(8): CodeIgniter\Debug\Exceptions->errorHandler(2, 'Undefined prope...', 'C:\\xampp\\htdocs...', 8)
#1 C:\xampp\htdocs\app-asvl\system\View\View.php(210): include('C:\\xampp\\htdocs...')
#2 C:\xampp\htdocs\app-asvl\system\View\View.php(213): CodeIgniter\View\View->CodeIgniter\View\{closure}()
#3 C:\xampp\htdocs\app-asvl\system\Common.php(1089): CodeIgniter\View\View->render('link/index', Array, true)
#4 C:\xampp\htdocs\app-asvl\app\Controllers\Link.php(44): view('link/index', Array)
#5 C:\xampp\htdocs\app-asvl\system\CodeIgniter.php(832): App\Controllers\Link->index()
#6 C:\xampp\htdocs\app-asvl\system\CodeIgniter.php(419): CodeIgniter\CodeIgniter->runController(Object(App\Controllers\Link))
#7 C:\xampp\htdocs\app-asvl\system\CodeIgniter.php(326): CodeIgniter\CodeIgniter->handleRequest(NULL, Object(Config\Cache), false)
#8 C:\xampp\htdocs\app-asvl\public\index.php(37): CodeIgniter\CodeIgniter->run()
#9 {main}
CRITICAL - 2022-04-26 18:38:22 --> Array to string conversion
#0 C:\xampp\htdocs\app-asvl\app\Controllers\Link.php(44): CodeIgniter\Debug\Exceptions->errorHandler(2, 'Array to string...', 'C:\\xampp\\htdocs...', 44)
#1 C:\xampp\htdocs\app-asvl\system\CodeIgniter.php(832): App\Controllers\Link->index()
#2 C:\xampp\htdocs\app-asvl\system\CodeIgniter.php(419): CodeIgniter\CodeIgniter->runController(Object(App\Controllers\Link))
#3 C:\xampp\htdocs\app-asvl\system\CodeIgniter.php(326): CodeIgniter\CodeIgniter->handleRequest(NULL, Object(Config\Cache), false)
#4 C:\xampp\htdocs\app-asvl\public\index.php(37): CodeIgniter\CodeIgniter->run()
#5 {main}
CRITICAL - 2022-04-26 18:38:27 --> Array to string conversion
#0 C:\xampp\htdocs\app-asvl\app\Controllers\Link.php(44): CodeIgniter\Debug\Exceptions->errorHandler(2, 'Array to string...', 'C:\\xampp\\htdocs...', 44)
#1 C:\xampp\htdocs\app-asvl\system\CodeIgniter.php(832): App\Controllers\Link->index()
#2 C:\xampp\htdocs\app-asvl\system\CodeIgniter.php(419): CodeIgniter\CodeIgniter->runController(Object(App\Controllers\Link))
#3 C:\xampp\htdocs\app-asvl\system\CodeIgniter.php(326): CodeIgniter\CodeIgniter->handleRequest(NULL, Object(Config\Cache), false)
#4 C:\xampp\htdocs\app-asvl\public\index.php(37): CodeIgniter\CodeIgniter->run()
#5 {main}
ERROR - 2022-04-26 18:39:52 --> Unknown column 'id_categorytitle_category' in 'field list'
CRITICAL - 2022-04-26 18:39:52 --> Unknown column 'id_categorytitle_category' in 'field list'
#0 C:\xampp\htdocs\app-asvl\system\Database\MySQLi\Connection.php(292): mysqli->query('SELECT `id_cate...', 0)
#1 C:\xampp\htdocs\app-asvl\system\Database\BaseConnection.php(670): CodeIgniter\Database\MySQLi\Connection->execute('SELECT `id_cate...')
#2 C:\xampp\htdocs\app-asvl\system\Database\BaseConnection.php(598): CodeIgniter\Database\BaseConnection->simpleQuery('SELECT `id_cate...')
#3 C:\xampp\htdocs\app-asvl\system\Database\BaseBuilder.php(1455): CodeIgniter\Database\BaseConnection->query('SELECT `id_cate...', Array, false)
#4 C:\xampp\htdocs\app-asvl\system\Model.php(183): CodeIgniter\Database\BaseBuilder->get()
#5 C:\xampp\htdocs\app-asvl\system\BaseModel.php(584): CodeIgniter\Model->doFindAll(0, 0)
#6 C:\xampp\htdocs\app-asvl\app\Controllers\Link.php(42): CodeIgniter\BaseModel->findAll()
#7 C:\xampp\htdocs\app-asvl\system\CodeIgniter.php(832): App\Controllers\Link->index()
#8 C:\xampp\htdocs\app-asvl\system\CodeIgniter.php(419): CodeIgniter\CodeIgniter->runController(Object(App\Controllers\Link))
#9 C:\xampp\htdocs\app-asvl\system\CodeIgniter.php(326): CodeIgniter\CodeIgniter->handleRequest(NULL, Object(Config\Cache), false)
#10 C:\xampp\htdocs\app-asvl\public\index.php(37): CodeIgniter\CodeIgniter->run()
#11 {main}
CRITICAL - 2022-04-26 18:42:53 --> Attempt to read property "id_category" on null
#0 C:\xampp\htdocs\app-asvl\app\Controllers\Link.php(37): CodeIgniter\Debug\Exceptions->errorHandler(2, 'Attempt to read...', 'C:\\xampp\\htdocs...', 37)
#1 C:\xampp\htdocs\app-asvl\system\CodeIgniter.php(832): App\Controllers\Link->index()
#2 C:\xampp\htdocs\app-asvl\system\CodeIgniter.php(419): CodeIgniter\CodeIgniter->runController(Object(App\Controllers\Link))
#3 C:\xampp\htdocs\app-asvl\system\CodeIgniter.php(326): CodeIgniter\CodeIgniter->handleRequest(NULL, Object(Config\Cache), false)
#4 C:\xampp\htdocs\app-asvl\public\index.php(37): CodeIgniter\CodeIgniter->run()
#5 {main}
CRITICAL - 2022-04-26 18:44:13 --> Attempt to read property "id_category" on null
#0 C:\xampp\htdocs\app-asvl\app\Controllers\Link.php(37): CodeIgniter\Debug\Exceptions->errorHandler(2, 'Attempt to read...', 'C:\\xampp\\htdocs...', 37)
#1 C:\xampp\htdocs\app-asvl\system\CodeIgniter.php(832): App\Controllers\Link->index()
#2 C:\xampp\htdocs\app-asvl\system\CodeIgniter.php(419): CodeIgniter\CodeIgniter->runController(Object(App\Controllers\Link))
#3 C:\xampp\htdocs\app-asvl\system\CodeIgniter.php(326): CodeIgniter\CodeIgniter->handleRequest(NULL, Object(Config\Cache), false)
#4 C:\xampp\htdocs\app-asvl\public\index.php(37): CodeIgniter\CodeIgniter->run()
#5 {main}
CRITICAL - 2022-04-26 18:44:15 --> Attempt to read property "id_category" on null
#0 C:\xampp\htdocs\app-asvl\app\Controllers\Link.php(37): CodeIgniter\Debug\Exceptions->errorHandler(2, 'Attempt to read...', 'C:\\xampp\\htdocs...', 37)
#1 C:\xampp\htdocs\app-asvl\system\CodeIgniter.php(832): App\Controllers\Link->index()
#2 C:\xampp\htdocs\app-asvl\system\CodeIgniter.php(419): CodeIgniter\CodeIgniter->runController(Object(App\Controllers\Link))
#3 C:\xampp\htdocs\app-asvl\system\CodeIgniter.php(326): CodeIgniter\CodeIgniter->handleRequest(NULL, Object(Config\Cache), false)
#4 C:\xampp\htdocs\app-asvl\public\index.php(37): CodeIgniter\CodeIgniter->run()
#5 {main}
CRITICAL - 2022-04-26 18:44:16 --> Attempt to read property "id_category" on null
#0 C:\xampp\htdocs\app-asvl\app\Controllers\Link.php(37): CodeIgniter\Debug\Exceptions->errorHandler(2, 'Attempt to read...', 'C:\\xampp\\htdocs...', 37)
#1 C:\xampp\htdocs\app-asvl\system\CodeIgniter.php(832): App\Controllers\Link->index()
#2 C:\xampp\htdocs\app-asvl\system\CodeIgniter.php(419): CodeIgniter\CodeIgniter->runController(Object(App\Controllers\Link))
#3 C:\xampp\htdocs\app-asvl\system\CodeIgniter.php(326): CodeIgniter\CodeIgniter->handleRequest(NULL, Object(Config\Cache), false)
#4 C:\xampp\htdocs\app-asvl\public\index.php(37): CodeIgniter\CodeIgniter->run()
#5 {main}
