CRITICAL - 2022-04-17 13:54:08 --> Undefined array key 1
#0 C:\xampp\htdocs\app-asvl\system\Router\Router.php(429): CodeIgniter\Debug\Exceptions->errorHandler(2, 'Undefined array...', 'C:\\xampp\\htdocs...', 429)
#1 C:\xampp\htdocs\app-asvl\system\Router\Router.php(154): CodeIgniter\Router\Router->checkRoutes('user/register')
#2 C:\xampp\htdocs\app-asvl\system\CodeIgniter.php(726): CodeIgniter\Router\Router->handle('user/register')
#3 C:\xampp\htdocs\app-asvl\system\CodeIgniter.php(368): CodeIgniter\CodeIgniter->tryToRouteIt(Object(CodeIgniter\Router\RouteCollection))
#4 C:\xampp\htdocs\app-asvl\system\CodeIgniter.php(326): CodeIgniter\CodeIgniter->handleRequest(NULL, Object(Config\Cache), false)
#5 C:\xampp\htdocs\app-asvl\public\index.php(37): CodeIgniter\CodeIgniter->run()
#6 {main}
CRITICAL - 2022-04-17 13:54:08 --> Undefined array key 1
#0 C:\xampp\htdocs\app-asvl\system\Router\Router.php(429): CodeIgniter\Debug\Exceptions->errorHandler(2, 'Undefined array...', 'C:\\xampp\\htdocs...', 429)
#1 C:\xampp\htdocs\app-asvl\system\Router\Router.php(154): CodeIgniter\Router\Router->checkRoutes('user/register')
#2 C:\xampp\htdocs\app-asvl\system\CodeIgniter.php(726): CodeIgniter\Router\Router->handle('user/register')
#3 C:\xampp\htdocs\app-asvl\system\CodeIgniter.php(368): CodeIgniter\CodeIgniter->tryToRouteIt(Object(CodeIgniter\Router\RouteCollection))
#4 C:\xampp\htdocs\app-asvl\system\CodeIgniter.php(326): CodeIgniter\CodeIgniter->handleRequest(NULL, Object(Config\Cache), false)
#5 C:\xampp\htdocs\app-asvl\public\index.php(37): CodeIgniter\CodeIgniter->run()
#6 {main}
CRITICAL - 2022-04-17 15:10:03 --> Invalid file: welcome_message.php
#0 C:\xampp\htdocs\app-asvl\system\View\View.php(198): CodeIgniter\Exceptions\FrameworkException::forInvalidFile('welcome_message...')
#1 C:\xampp\htdocs\app-asvl\system\Common.php(1089): CodeIgniter\View\View->render('welcome_message', Array, true)
#2 C:\xampp\htdocs\app-asvl\app\Controllers\Link.php(9): view('welcome_message')
#3 C:\xampp\htdocs\app-asvl\system\CodeIgniter.php(832): App\Controllers\Link->index()
#4 C:\xampp\htdocs\app-asvl\system\CodeIgniter.php(419): CodeIgniter\CodeIgniter->runController(Object(App\Controllers\Link))
#5 C:\xampp\htdocs\app-asvl\system\CodeIgniter.php(326): CodeIgniter\CodeIgniter->handleRequest(NULL, Object(Config\Cache), false)
#6 C:\xampp\htdocs\app-asvl\public\index.php(37): CodeIgniter\CodeIgniter->run()
#7 {main}
CRITICAL - 2022-04-17 15:10:04 --> Invalid file: welcome_message.php
#0 C:\xampp\htdocs\app-asvl\system\View\View.php(198): CodeIgniter\Exceptions\FrameworkException::forInvalidFile('welcome_message...')
#1 C:\xampp\htdocs\app-asvl\system\Common.php(1089): CodeIgniter\View\View->render('welcome_message', Array, true)
#2 C:\xampp\htdocs\app-asvl\app\Controllers\Link.php(9): view('welcome_message')
#3 C:\xampp\htdocs\app-asvl\system\CodeIgniter.php(832): App\Controllers\Link->index()
#4 C:\xampp\htdocs\app-asvl\system\CodeIgniter.php(419): CodeIgniter\CodeIgniter->runController(Object(App\Controllers\Link))
#5 C:\xampp\htdocs\app-asvl\system\CodeIgniter.php(326): CodeIgniter\CodeIgniter->handleRequest(NULL, Object(Config\Cache), false)
#6 C:\xampp\htdocs\app-asvl\public\index.php(37): CodeIgniter\CodeIgniter->run()
#7 {main}
CRITICAL - 2022-04-17 15:10:19 --> Invalid file: welcome_message.php
#0 C:\xampp\htdocs\app-asvl\system\View\View.php(198): CodeIgniter\Exceptions\FrameworkException::forInvalidFile('welcome_message...')
#1 C:\xampp\htdocs\app-asvl\system\Common.php(1089): CodeIgniter\View\View->render('welcome_message', Array, true)
#2 C:\xampp\htdocs\app-asvl\app\Controllers\Link.php(9): view('welcome_message')
#3 C:\xampp\htdocs\app-asvl\system\CodeIgniter.php(832): App\Controllers\Link->index()
#4 C:\xampp\htdocs\app-asvl\system\CodeIgniter.php(419): CodeIgniter\CodeIgniter->runController(Object(App\Controllers\Link))
#5 C:\xampp\htdocs\app-asvl\system\CodeIgniter.php(326): CodeIgniter\CodeIgniter->handleRequest(NULL, Object(Config\Cache), false)
#6 C:\xampp\htdocs\app-asvl\public\index.php(37): CodeIgniter\CodeIgniter->run()
#7 {main}
CRITICAL - 2022-04-17 15:10:20 --> Invalid file: welcome_message.php
#0 C:\xampp\htdocs\app-asvl\system\View\View.php(198): CodeIgniter\Exceptions\FrameworkException::forInvalidFile('welcome_message...')
#1 C:\xampp\htdocs\app-asvl\system\Common.php(1089): CodeIgniter\View\View->render('welcome_message', Array, true)
#2 C:\xampp\htdocs\app-asvl\app\Controllers\Link.php(9): view('welcome_message')
#3 C:\xampp\htdocs\app-asvl\system\CodeIgniter.php(832): App\Controllers\Link->index()
#4 C:\xampp\htdocs\app-asvl\system\CodeIgniter.php(419): CodeIgniter\CodeIgniter->runController(Object(App\Controllers\Link))
#5 C:\xampp\htdocs\app-asvl\system\CodeIgniter.php(326): CodeIgniter\CodeIgniter->handleRequest(NULL, Object(Config\Cache), false)
#6 C:\xampp\htdocs\app-asvl\public\index.php(37): CodeIgniter\CodeIgniter->run()
#7 {main}
CRITICAL - 2022-04-17 15:10:50 --> Invalid file: welcome_message.php
#0 C:\xampp\htdocs\app-asvl\system\View\View.php(198): CodeIgniter\Exceptions\FrameworkException::forInvalidFile('welcome_message...')
#1 C:\xampp\htdocs\app-asvl\system\Common.php(1089): CodeIgniter\View\View->render('welcome_message', Array, true)
#2 C:\xampp\htdocs\app-asvl\app\Controllers\Link.php(9): view('welcome_message')
#3 C:\xampp\htdocs\app-asvl\system\CodeIgniter.php(832): App\Controllers\Link->index()
#4 C:\xampp\htdocs\app-asvl\system\CodeIgniter.php(419): CodeIgniter\CodeIgniter->runController(Object(App\Controllers\Link))
#5 C:\xampp\htdocs\app-asvl\system\CodeIgniter.php(326): CodeIgniter\CodeIgniter->handleRequest(NULL, Object(Config\Cache), false)
#6 C:\xampp\htdocs\app-asvl\public\index.php(37): CodeIgniter\CodeIgniter->run()
#7 {main}
CRITICAL - 2022-04-17 15:12:32 --> Invalid file: user/index.php
#0 C:\xampp\htdocs\app-asvl\system\View\View.php(198): CodeIgniter\Exceptions\FrameworkException::forInvalidFile('user/index.php')
#1 C:\xampp\htdocs\app-asvl\system\Common.php(1089): CodeIgniter\View\View->render('user/index', Array, true)
#2 C:\xampp\htdocs\app-asvl\app\Controllers\User.php(9): view('user/index')
#3 C:\xampp\htdocs\app-asvl\system\CodeIgniter.php(832): App\Controllers\User->index()
#4 C:\xampp\htdocs\app-asvl\system\CodeIgniter.php(419): CodeIgniter\CodeIgniter->runController(Object(App\Controllers\User))
#5 C:\xampp\htdocs\app-asvl\system\CodeIgniter.php(326): CodeIgniter\CodeIgniter->handleRequest(NULL, Object(Config\Cache), false)
#6 C:\xampp\htdocs\app-asvl\public\index.php(37): CodeIgniter\CodeIgniter->run()
#7 {main}
CRITICAL - 2022-04-17 15:12:33 --> Invalid file: user/index.php
#0 C:\xampp\htdocs\app-asvl\system\View\View.php(198): CodeIgniter\Exceptions\FrameworkException::forInvalidFile('user/index.php')
#1 C:\xampp\htdocs\app-asvl\system\Common.php(1089): CodeIgniter\View\View->render('user/index', Array, true)
#2 C:\xampp\htdocs\app-asvl\app\Controllers\User.php(9): view('user/index')
#3 C:\xampp\htdocs\app-asvl\system\CodeIgniter.php(832): App\Controllers\User->index()
#4 C:\xampp\htdocs\app-asvl\system\CodeIgniter.php(419): CodeIgniter\CodeIgniter->runController(Object(App\Controllers\User))
#5 C:\xampp\htdocs\app-asvl\system\CodeIgniter.php(326): CodeIgniter\CodeIgniter->handleRequest(NULL, Object(Config\Cache), false)
#6 C:\xampp\htdocs\app-asvl\public\index.php(37): CodeIgniter\CodeIgniter->run()
#7 {main}
CRITICAL - 2022-04-17 15:12:33 --> Invalid file: user/index.php
#0 C:\xampp\htdocs\app-asvl\system\View\View.php(198): CodeIgniter\Exceptions\FrameworkException::forInvalidFile('user/index.php')
#1 C:\xampp\htdocs\app-asvl\system\Common.php(1089): CodeIgniter\View\View->render('user/index', Array, true)
#2 C:\xampp\htdocs\app-asvl\app\Controllers\User.php(9): view('user/index')
#3 C:\xampp\htdocs\app-asvl\system\CodeIgniter.php(832): App\Controllers\User->index()
#4 C:\xampp\htdocs\app-asvl\system\CodeIgniter.php(419): CodeIgniter\CodeIgniter->runController(Object(App\Controllers\User))
#5 C:\xampp\htdocs\app-asvl\system\CodeIgniter.php(326): CodeIgniter\CodeIgniter->handleRequest(NULL, Object(Config\Cache), false)
#6 C:\xampp\htdocs\app-asvl\public\index.php(37): CodeIgniter\CodeIgniter->run()
#7 {main}
CRITICAL - 2022-04-17 15:12:47 --> Invalid file: user/index.php
#0 C:\xampp\htdocs\app-asvl\system\View\View.php(198): CodeIgniter\Exceptions\FrameworkException::forInvalidFile('user/index.php')
#1 C:\xampp\htdocs\app-asvl\system\Common.php(1089): CodeIgniter\View\View->render('user/index', Array, true)
#2 C:\xampp\htdocs\app-asvl\app\Controllers\User.php(9): view('user/index')
#3 C:\xampp\htdocs\app-asvl\system\CodeIgniter.php(832): App\Controllers\User->index()
#4 C:\xampp\htdocs\app-asvl\system\CodeIgniter.php(419): CodeIgniter\CodeIgniter->runController(Object(App\Controllers\User))
#5 C:\xampp\htdocs\app-asvl\system\CodeIgniter.php(326): CodeIgniter\CodeIgniter->handleRequest(NULL, Object(Config\Cache), false)
#6 C:\xampp\htdocs\app-asvl\public\index.php(37): CodeIgniter\CodeIgniter->run()
#7 {main}
CRITICAL - 2022-04-17 15:12:48 --> Invalid file: user/index.php
#0 C:\xampp\htdocs\app-asvl\system\View\View.php(198): CodeIgniter\Exceptions\FrameworkException::forInvalidFile('user/index.php')
#1 C:\xampp\htdocs\app-asvl\system\Common.php(1089): CodeIgniter\View\View->render('user/index', Array, true)
#2 C:\xampp\htdocs\app-asvl\app\Controllers\User.php(9): view('user/index')
#3 C:\xampp\htdocs\app-asvl\system\CodeIgniter.php(832): App\Controllers\User->index()
#4 C:\xampp\htdocs\app-asvl\system\CodeIgniter.php(419): CodeIgniter\CodeIgniter->runController(Object(App\Controllers\User))
#5 C:\xampp\htdocs\app-asvl\system\CodeIgniter.php(326): CodeIgniter\CodeIgniter->handleRequest(NULL, Object(Config\Cache), false)
#6 C:\xampp\htdocs\app-asvl\public\index.php(37): CodeIgniter\CodeIgniter->run()
#7 {main}
CRITICAL - 2022-04-17 15:13:29 --> Invalid file: user/index.php
#0 C:\xampp\htdocs\app-asvl\system\View\View.php(198): CodeIgniter\Exceptions\FrameworkException::forInvalidFile('user/index.php')
#1 C:\xampp\htdocs\app-asvl\system\Common.php(1089): CodeIgniter\View\View->render('user/index', Array, true)
#2 C:\xampp\htdocs\app-asvl\app\Controllers\User.php(9): view('user/index')
#3 C:\xampp\htdocs\app-asvl\system\CodeIgniter.php(832): App\Controllers\User->index()
#4 C:\xampp\htdocs\app-asvl\system\CodeIgniter.php(419): CodeIgniter\CodeIgniter->runController(Object(App\Controllers\User))
#5 C:\xampp\htdocs\app-asvl\system\CodeIgniter.php(326): CodeIgniter\CodeIgniter->handleRequest(NULL, Object(Config\Cache), false)
#6 C:\xampp\htdocs\app-asvl\public\index.php(37): CodeIgniter\CodeIgniter->run()
#7 {main}
CRITICAL - 2022-04-17 15:13:30 --> Invalid file: user/index.php
#0 C:\xampp\htdocs\app-asvl\system\View\View.php(198): CodeIgniter\Exceptions\FrameworkException::forInvalidFile('user/index.php')
#1 C:\xampp\htdocs\app-asvl\system\Common.php(1089): CodeIgniter\View\View->render('user/index', Array, true)
#2 C:\xampp\htdocs\app-asvl\app\Controllers\User.php(9): view('user/index')
#3 C:\xampp\htdocs\app-asvl\system\CodeIgniter.php(832): App\Controllers\User->index()
#4 C:\xampp\htdocs\app-asvl\system\CodeIgniter.php(419): CodeIgniter\CodeIgniter->runController(Object(App\Controllers\User))
#5 C:\xampp\htdocs\app-asvl\system\CodeIgniter.php(326): CodeIgniter\CodeIgniter->handleRequest(NULL, Object(Config\Cache), false)
#6 C:\xampp\htdocs\app-asvl\public\index.php(37): CodeIgniter\CodeIgniter->run()
#7 {main}
CRITICAL - 2022-04-17 16:24:26 --> Object of class CodeIgniter\HTTP\Response could not be converted to string
#0 C:\xampp\htdocs\app-asvl\system\CodeIgniter.php(832): App\Controllers\User->verifyLogin()
#1 C:\xampp\htdocs\app-asvl\system\CodeIgniter.php(419): CodeIgniter\CodeIgniter->runController(Object(App\Controllers\User))
#2 C:\xampp\htdocs\app-asvl\system\CodeIgniter.php(326): CodeIgniter\CodeIgniter->handleRequest(NULL, Object(Config\Cache), false)
#3 C:\xampp\htdocs\app-asvl\public\index.php(37): CodeIgniter\CodeIgniter->run()
#4 {main}
CRITICAL - 2022-04-17 16:24:27 --> Object of class CodeIgniter\HTTP\Response could not be converted to string
#0 C:\xampp\htdocs\app-asvl\system\CodeIgniter.php(832): App\Controllers\User->verifyLogin()
#1 C:\xampp\htdocs\app-asvl\system\CodeIgniter.php(419): CodeIgniter\CodeIgniter->runController(Object(App\Controllers\User))
#2 C:\xampp\htdocs\app-asvl\system\CodeIgniter.php(326): CodeIgniter\CodeIgniter->handleRequest(NULL, Object(Config\Cache), false)
#3 C:\xampp\htdocs\app-asvl\public\index.php(37): CodeIgniter\CodeIgniter->run()
#4 {main}
CRITICAL - 2022-04-17 16:24:27 --> Object of class CodeIgniter\HTTP\Response could not be converted to string
#0 C:\xampp\htdocs\app-asvl\system\CodeIgniter.php(832): App\Controllers\User->verifyLogin()
#1 C:\xampp\htdocs\app-asvl\system\CodeIgniter.php(419): CodeIgniter\CodeIgniter->runController(Object(App\Controllers\User))
#2 C:\xampp\htdocs\app-asvl\system\CodeIgniter.php(326): CodeIgniter\CodeIgniter->handleRequest(NULL, Object(Config\Cache), false)
#3 C:\xampp\htdocs\app-asvl\public\index.php(37): CodeIgniter\CodeIgniter->run()
#4 {main}
CRITICAL - 2022-04-17 16:24:28 --> Object of class CodeIgniter\HTTP\Response could not be converted to string
#0 C:\xampp\htdocs\app-asvl\system\CodeIgniter.php(832): App\Controllers\User->verifyLogin()
#1 C:\xampp\htdocs\app-asvl\system\CodeIgniter.php(419): CodeIgniter\CodeIgniter->runController(Object(App\Controllers\User))
#2 C:\xampp\htdocs\app-asvl\system\CodeIgniter.php(326): CodeIgniter\CodeIgniter->handleRequest(NULL, Object(Config\Cache), false)
#3 C:\xampp\htdocs\app-asvl\public\index.php(37): CodeIgniter\CodeIgniter->run()
#4 {main}
CRITICAL - 2022-04-17 16:24:28 --> Object of class CodeIgniter\HTTP\Response could not be converted to string
#0 C:\xampp\htdocs\app-asvl\system\CodeIgniter.php(832): App\Controllers\User->verifyLogin()
#1 C:\xampp\htdocs\app-asvl\system\CodeIgniter.php(419): CodeIgniter\CodeIgniter->runController(Object(App\Controllers\User))
#2 C:\xampp\htdocs\app-asvl\system\CodeIgniter.php(326): CodeIgniter\CodeIgniter->handleRequest(NULL, Object(Config\Cache), false)
#3 C:\xampp\htdocs\app-asvl\public\index.php(37): CodeIgniter\CodeIgniter->run()
#4 {main}
CRITICAL - 2022-04-17 16:24:35 --> Object of class CodeIgniter\HTTP\Response could not be converted to string
#0 C:\xampp\htdocs\app-asvl\system\CodeIgniter.php(832): App\Controllers\User->verifyLogin()
#1 C:\xampp\htdocs\app-asvl\system\CodeIgniter.php(419): CodeIgniter\CodeIgniter->runController(Object(App\Controllers\User))
#2 C:\xampp\htdocs\app-asvl\system\CodeIgniter.php(326): CodeIgniter\CodeIgniter->handleRequest(NULL, Object(Config\Cache), false)
#3 C:\xampp\htdocs\app-asvl\public\index.php(37): CodeIgniter\CodeIgniter->run()
#4 {main}
CRITICAL - 2022-04-17 16:24:35 --> Object of class CodeIgniter\HTTP\Response could not be converted to string
#0 C:\xampp\htdocs\app-asvl\system\CodeIgniter.php(832): App\Controllers\User->verifyLogin()
#1 C:\xampp\htdocs\app-asvl\system\CodeIgniter.php(419): CodeIgniter\CodeIgniter->runController(Object(App\Controllers\User))
#2 C:\xampp\htdocs\app-asvl\system\CodeIgniter.php(326): CodeIgniter\CodeIgniter->handleRequest(NULL, Object(Config\Cache), false)
#3 C:\xampp\htdocs\app-asvl\public\index.php(37): CodeIgniter\CodeIgniter->run()
#4 {main}
CRITICAL - 2022-04-17 16:24:36 --> Object of class CodeIgniter\HTTP\Response could not be converted to string
#0 C:\xampp\htdocs\app-asvl\system\CodeIgniter.php(832): App\Controllers\User->verifyLogin()
#1 C:\xampp\htdocs\app-asvl\system\CodeIgniter.php(419): CodeIgniter\CodeIgniter->runController(Object(App\Controllers\User))
#2 C:\xampp\htdocs\app-asvl\system\CodeIgniter.php(326): CodeIgniter\CodeIgniter->handleRequest(NULL, Object(Config\Cache), false)
#3 C:\xampp\htdocs\app-asvl\public\index.php(37): CodeIgniter\CodeIgniter->run()
#4 {main}
CRITICAL - 2022-04-17 16:24:37 --> Object of class CodeIgniter\HTTP\Response could not be converted to string
#0 C:\xampp\htdocs\app-asvl\system\CodeIgniter.php(832): App\Controllers\User->verifyLogin()
#1 C:\xampp\htdocs\app-asvl\system\CodeIgniter.php(419): CodeIgniter\CodeIgniter->runController(Object(App\Controllers\User))
#2 C:\xampp\htdocs\app-asvl\system\CodeIgniter.php(326): CodeIgniter\CodeIgniter->handleRequest(NULL, Object(Config\Cache), false)
#3 C:\xampp\htdocs\app-asvl\public\index.php(37): CodeIgniter\CodeIgniter->run()
#4 {main}
CRITICAL - 2022-04-17 16:24:37 --> Object of class CodeIgniter\HTTP\Response could not be converted to string
#0 C:\xampp\htdocs\app-asvl\system\CodeIgniter.php(832): App\Controllers\User->verifyLogin()
#1 C:\xampp\htdocs\app-asvl\system\CodeIgniter.php(419): CodeIgniter\CodeIgniter->runController(Object(App\Controllers\User))
#2 C:\xampp\htdocs\app-asvl\system\CodeIgniter.php(326): CodeIgniter\CodeIgniter->handleRequest(NULL, Object(Config\Cache), false)
#3 C:\xampp\htdocs\app-asvl\public\index.php(37): CodeIgniter\CodeIgniter->run()
#4 {main}
CRITICAL - 2022-04-17 16:24:38 --> Object of class CodeIgniter\HTTP\Response could not be converted to string
#0 C:\xampp\htdocs\app-asvl\system\CodeIgniter.php(832): App\Controllers\User->verifyLogin()
#1 C:\xampp\htdocs\app-asvl\system\CodeIgniter.php(419): CodeIgniter\CodeIgniter->runController(Object(App\Controllers\User))
#2 C:\xampp\htdocs\app-asvl\system\CodeIgniter.php(326): CodeIgniter\CodeIgniter->handleRequest(NULL, Object(Config\Cache), false)
#3 C:\xampp\htdocs\app-asvl\public\index.php(37): CodeIgniter\CodeIgniter->run()
#4 {main}
CRITICAL - 2022-04-17 16:25:36 --> Object of class CodeIgniter\HTTP\Response could not be converted to string
#0 C:\xampp\htdocs\app-asvl\system\CodeIgniter.php(832): App\Controllers\User->verifyLogin()
#1 C:\xampp\htdocs\app-asvl\system\CodeIgniter.php(419): CodeIgniter\CodeIgniter->runController(Object(App\Controllers\User))
#2 C:\xampp\htdocs\app-asvl\system\CodeIgniter.php(326): CodeIgniter\CodeIgniter->handleRequest(NULL, Object(Config\Cache), false)
#3 C:\xampp\htdocs\app-asvl\public\index.php(37): CodeIgniter\CodeIgniter->run()
#4 {main}
CRITICAL - 2022-04-17 16:25:37 --> Object of class CodeIgniter\HTTP\Response could not be converted to string
#0 C:\xampp\htdocs\app-asvl\system\CodeIgniter.php(832): App\Controllers\User->verifyLogin()
#1 C:\xampp\htdocs\app-asvl\system\CodeIgniter.php(419): CodeIgniter\CodeIgniter->runController(Object(App\Controllers\User))
#2 C:\xampp\htdocs\app-asvl\system\CodeIgniter.php(326): CodeIgniter\CodeIgniter->handleRequest(NULL, Object(Config\Cache), false)
#3 C:\xampp\htdocs\app-asvl\public\index.php(37): CodeIgniter\CodeIgniter->run()
#4 {main}
CRITICAL - 2022-04-17 16:25:49 --> Object of class CodeIgniter\HTTP\Response could not be converted to string
#0 C:\xampp\htdocs\app-asvl\system\CodeIgniter.php(832): App\Controllers\User->verifyLogin()
#1 C:\xampp\htdocs\app-asvl\system\CodeIgniter.php(419): CodeIgniter\CodeIgniter->runController(Object(App\Controllers\User))
#2 C:\xampp\htdocs\app-asvl\system\CodeIgniter.php(326): CodeIgniter\CodeIgniter->handleRequest(NULL, Object(Config\Cache), false)
#3 C:\xampp\htdocs\app-asvl\public\index.php(37): CodeIgniter\CodeIgniter->run()
#4 {main}
CRITICAL - 2022-04-17 19:33:24 --> A valid callback url is required.
#0 C:\xampp\htdocs\app-asvl\vendor\hybridauth\hybridauth\src\Adapter\OAuth2.php(264): Hybridauth\Adapter\AbstractAdapter->setCallback('')
#1 C:\xampp\htdocs\app-asvl\vendor\hybridauth\hybridauth\src\Adapter\AbstractAdapter.php(109): Hybridauth\Adapter\OAuth2->configure()
#2 C:\xampp\htdocs\app-asvl\vendor\hybridauth\hybridauth\src\Hybridauth.php(141): Hybridauth\Adapter\AbstractAdapter->__construct(Array, NULL, NULL, NULL)
#3 C:\xampp\htdocs\app-asvl\vendor\hybridauth\hybridauth\src\Hybridauth.php(245): Hybridauth\Hybridauth->getAdapter('Google')
#4 C:\xampp\htdocs\app-asvl\app\Controllers\User.php(50): Hybridauth\Hybridauth->getConnectedAdapters()
#5 C:\xampp\htdocs\app-asvl\system\CodeIgniter.php(832): App\Controllers\User->register()
#6 C:\xampp\htdocs\app-asvl\system\CodeIgniter.php(419): CodeIgniter\CodeIgniter->runController(Object(App\Controllers\User))
#7 C:\xampp\htdocs\app-asvl\system\CodeIgniter.php(326): CodeIgniter\CodeIgniter->handleRequest(NULL, Object(Config\Cache), false)
#8 C:\xampp\htdocs\app-asvl\public\index.php(37): CodeIgniter\CodeIgniter->run()
#9 {main}
CRITICAL - 2022-04-17 19:34:34 --> A valid callback url is required.
#0 C:\xampp\htdocs\app-asvl\vendor\hybridauth\hybridauth\src\Adapter\OAuth2.php(264): Hybridauth\Adapter\AbstractAdapter->setCallback('')
#1 C:\xampp\htdocs\app-asvl\vendor\hybridauth\hybridauth\src\Adapter\AbstractAdapter.php(109): Hybridauth\Adapter\OAuth2->configure()
#2 C:\xampp\htdocs\app-asvl\vendor\hybridauth\hybridauth\src\Hybridauth.php(141): Hybridauth\Adapter\AbstractAdapter->__construct(Array, NULL, NULL, NULL)
#3 C:\xampp\htdocs\app-asvl\vendor\hybridauth\hybridauth\src\Hybridauth.php(245): Hybridauth\Hybridauth->getAdapter('Google')
#4 C:\xampp\htdocs\app-asvl\app\Controllers\User.php(50): Hybridauth\Hybridauth->getConnectedAdapters()
#5 C:\xampp\htdocs\app-asvl\system\CodeIgniter.php(832): App\Controllers\User->register()
#6 C:\xampp\htdocs\app-asvl\system\CodeIgniter.php(419): CodeIgniter\CodeIgniter->runController(Object(App\Controllers\User))
#7 C:\xampp\htdocs\app-asvl\system\CodeIgniter.php(326): CodeIgniter\CodeIgniter->handleRequest(NULL, Object(Config\Cache), false)
#8 C:\xampp\htdocs\app-asvl\public\index.php(37): CodeIgniter\CodeIgniter->run()
#9 {main}
CRITICAL - 2022-04-17 20:09:42 --> Undefined variable $hybridauth
#0 C:\xampp\htdocs\app-asvl\app\Views\user\register.php(45): CodeIgniter\Debug\Exceptions->errorHandler(2, 'Undefined varia...', 'C:\\xampp\\htdocs...', 45)
#1 C:\xampp\htdocs\app-asvl\system\View\View.php(210): include('C:\\xampp\\htdocs...')
#2 C:\xampp\htdocs\app-asvl\system\View\View.php(213): CodeIgniter\View\View->CodeIgniter\View\{closure}()
#3 C:\xampp\htdocs\app-asvl\system\Common.php(1089): CodeIgniter\View\View->render('user/register', Array, true)
#4 C:\xampp\htdocs\app-asvl\app\Controllers\User.php(58): view('user/register')
#5 C:\xampp\htdocs\app-asvl\system\CodeIgniter.php(832): App\Controllers\User->register()
#6 C:\xampp\htdocs\app-asvl\system\CodeIgniter.php(419): CodeIgniter\CodeIgniter->runController(Object(App\Controllers\User))
#7 C:\xampp\htdocs\app-asvl\system\CodeIgniter.php(326): CodeIgniter\CodeIgniter->handleRequest(NULL, Object(Config\Cache), false)
#8 C:\xampp\htdocs\app-asvl\public\index.php(37): CodeIgniter\CodeIgniter->run()
#9 {main}
CRITICAL - 2022-04-17 20:09:45 --> Undefined variable $hybridauth
#0 C:\xampp\htdocs\app-asvl\app\Views\user\register.php(45): CodeIgniter\Debug\Exceptions->errorHandler(2, 'Undefined varia...', 'C:\\xampp\\htdocs...', 45)
#1 C:\xampp\htdocs\app-asvl\system\View\View.php(210): include('C:\\xampp\\htdocs...')
#2 C:\xampp\htdocs\app-asvl\system\View\View.php(213): CodeIgniter\View\View->CodeIgniter\View\{closure}()
#3 C:\xampp\htdocs\app-asvl\system\Common.php(1089): CodeIgniter\View\View->render('user/register', Array, true)
#4 C:\xampp\htdocs\app-asvl\app\Controllers\User.php(58): view('user/register')
#5 C:\xampp\htdocs\app-asvl\system\CodeIgniter.php(832): App\Controllers\User->register()
#6 C:\xampp\htdocs\app-asvl\system\CodeIgniter.php(419): CodeIgniter\CodeIgniter->runController(Object(App\Controllers\User))
#7 C:\xampp\htdocs\app-asvl\system\CodeIgniter.php(326): CodeIgniter\CodeIgniter->handleRequest(NULL, Object(Config\Cache), false)
#8 C:\xampp\htdocs\app-asvl\public\index.php(37): CodeIgniter\CodeIgniter->run()
#9 {main}
CRITICAL - 2022-04-17 20:10:06 --> Undefined variable $hybridauth
#0 C:\xampp\htdocs\app-asvl\app\Views\user\register.php(45): CodeIgniter\Debug\Exceptions->errorHandler(2, 'Undefined varia...', 'C:\\xampp\\htdocs...', 45)
#1 C:\xampp\htdocs\app-asvl\system\View\View.php(210): include('C:\\xampp\\htdocs...')
#2 C:\xampp\htdocs\app-asvl\system\View\View.php(213): CodeIgniter\View\View->CodeIgniter\View\{closure}()
#3 C:\xampp\htdocs\app-asvl\system\Common.php(1089): CodeIgniter\View\View->render('user/register', Array, true)
#4 C:\xampp\htdocs\app-asvl\app\Controllers\User.php(58): view('user/register')
#5 C:\xampp\htdocs\app-asvl\system\CodeIgniter.php(832): App\Controllers\User->register()
#6 C:\xampp\htdocs\app-asvl\system\CodeIgniter.php(419): CodeIgniter\CodeIgniter->runController(Object(App\Controllers\User))
#7 C:\xampp\htdocs\app-asvl\system\CodeIgniter.php(326): CodeIgniter\CodeIgniter->handleRequest(NULL, Object(Config\Cache), false)
#8 C:\xampp\htdocs\app-asvl\public\index.php(37): CodeIgniter\CodeIgniter->run()
#9 {main}
CRITICAL - 2022-04-17 20:10:07 --> Undefined variable $hybridauth
#0 C:\xampp\htdocs\app-asvl\app\Views\user\register.php(45): CodeIgniter\Debug\Exceptions->errorHandler(2, 'Undefined varia...', 'C:\\xampp\\htdocs...', 45)
#1 C:\xampp\htdocs\app-asvl\system\View\View.php(210): include('C:\\xampp\\htdocs...')
#2 C:\xampp\htdocs\app-asvl\system\View\View.php(213): CodeIgniter\View\View->CodeIgniter\View\{closure}()
#3 C:\xampp\htdocs\app-asvl\system\Common.php(1089): CodeIgniter\View\View->render('user/register', Array, true)
#4 C:\xampp\htdocs\app-asvl\app\Controllers\User.php(58): view('user/register')
#5 C:\xampp\htdocs\app-asvl\system\CodeIgniter.php(832): App\Controllers\User->register()
#6 C:\xampp\htdocs\app-asvl\system\CodeIgniter.php(419): CodeIgniter\CodeIgniter->runController(Object(App\Controllers\User))
#7 C:\xampp\htdocs\app-asvl\system\CodeIgniter.php(326): CodeIgniter\CodeIgniter->handleRequest(NULL, Object(Config\Cache), false)
#8 C:\xampp\htdocs\app-asvl\public\index.php(37): CodeIgniter\CodeIgniter->run()
#9 {main}
CRITICAL - 2022-04-17 20:10:08 --> Undefined variable $hybridauth
#0 C:\xampp\htdocs\app-asvl\app\Views\user\register.php(45): CodeIgniter\Debug\Exceptions->errorHandler(2, 'Undefined varia...', 'C:\\xampp\\htdocs...', 45)
#1 C:\xampp\htdocs\app-asvl\system\View\View.php(210): include('C:\\xampp\\htdocs...')
#2 C:\xampp\htdocs\app-asvl\system\View\View.php(213): CodeIgniter\View\View->CodeIgniter\View\{closure}()
#3 C:\xampp\htdocs\app-asvl\system\Common.php(1089): CodeIgniter\View\View->render('user/register', Array, true)
#4 C:\xampp\htdocs\app-asvl\app\Controllers\User.php(58): view('user/register')
#5 C:\xampp\htdocs\app-asvl\system\CodeIgniter.php(832): App\Controllers\User->register()
#6 C:\xampp\htdocs\app-asvl\system\CodeIgniter.php(419): CodeIgniter\CodeIgniter->runController(Object(App\Controllers\User))
#7 C:\xampp\htdocs\app-asvl\system\CodeIgniter.php(326): CodeIgniter\CodeIgniter->handleRequest(NULL, Object(Config\Cache), false)
#8 C:\xampp\htdocs\app-asvl\public\index.php(37): CodeIgniter\CodeIgniter->run()
#9 {main}
CRITICAL - 2022-04-17 20:10:32 --> Undefined variable $hybridauth
#0 C:\xampp\htdocs\app-asvl\app\Views\user\register.php(45): CodeIgniter\Debug\Exceptions->errorHandler(2, 'Undefined varia...', 'C:\\xampp\\htdocs...', 45)
#1 C:\xampp\htdocs\app-asvl\system\View\View.php(210): include('C:\\xampp\\htdocs...')
#2 C:\xampp\htdocs\app-asvl\system\View\View.php(213): CodeIgniter\View\View->CodeIgniter\View\{closure}()
#3 C:\xampp\htdocs\app-asvl\system\Common.php(1089): CodeIgniter\View\View->render('user/register', Array, true)
#4 C:\xampp\htdocs\app-asvl\app\Controllers\User.php(58): view('user/register')
#5 C:\xampp\htdocs\app-asvl\system\CodeIgniter.php(832): App\Controllers\User->register()
#6 C:\xampp\htdocs\app-asvl\system\CodeIgniter.php(419): CodeIgniter\CodeIgniter->runController(Object(App\Controllers\User))
#7 C:\xampp\htdocs\app-asvl\system\CodeIgniter.php(326): CodeIgniter\CodeIgniter->handleRequest(NULL, Object(Config\Cache), false)
#8 C:\xampp\htdocs\app-asvl\public\index.php(37): CodeIgniter\CodeIgniter->run()
#9 {main}
CRITICAL - 2022-04-17 20:11:40 --> Undefined variable $hybridauth
#0 C:\xampp\htdocs\app-asvl\app\Views\user\register.php(41): CodeIgniter\Debug\Exceptions->errorHandler(2, 'Undefined varia...', 'C:\\xampp\\htdocs...', 41)
#1 C:\xampp\htdocs\app-asvl\system\View\View.php(210): include('C:\\xampp\\htdocs...')
#2 C:\xampp\htdocs\app-asvl\system\View\View.php(213): CodeIgniter\View\View->CodeIgniter\View\{closure}()
#3 C:\xampp\htdocs\app-asvl\system\Common.php(1089): CodeIgniter\View\View->render('user/register', Array, true)
#4 C:\xampp\htdocs\app-asvl\app\Controllers\User.php(58): view('user/register')
#5 C:\xampp\htdocs\app-asvl\system\CodeIgniter.php(832): App\Controllers\User->register()
#6 C:\xampp\htdocs\app-asvl\system\CodeIgniter.php(419): CodeIgniter\CodeIgniter->runController(Object(App\Controllers\User))
#7 C:\xampp\htdocs\app-asvl\system\CodeIgniter.php(326): CodeIgniter\CodeIgniter->handleRequest(NULL, Object(Config\Cache), false)
#8 C:\xampp\htdocs\app-asvl\public\index.php(37): CodeIgniter\CodeIgniter->run()
#9 {main}
CRITICAL - 2022-04-17 20:11:41 --> Undefined variable $hybridauth
#0 C:\xampp\htdocs\app-asvl\app\Views\user\register.php(41): CodeIgniter\Debug\Exceptions->errorHandler(2, 'Undefined varia...', 'C:\\xampp\\htdocs...', 41)
#1 C:\xampp\htdocs\app-asvl\system\View\View.php(210): include('C:\\xampp\\htdocs...')
#2 C:\xampp\htdocs\app-asvl\system\View\View.php(213): CodeIgniter\View\View->CodeIgniter\View\{closure}()
#3 C:\xampp\htdocs\app-asvl\system\Common.php(1089): CodeIgniter\View\View->render('user/register', Array, true)
#4 C:\xampp\htdocs\app-asvl\app\Controllers\User.php(58): view('user/register')
#5 C:\xampp\htdocs\app-asvl\system\CodeIgniter.php(832): App\Controllers\User->register()
#6 C:\xampp\htdocs\app-asvl\system\CodeIgniter.php(419): CodeIgniter\CodeIgniter->runController(Object(App\Controllers\User))
#7 C:\xampp\htdocs\app-asvl\system\CodeIgniter.php(326): CodeIgniter\CodeIgniter->handleRequest(NULL, Object(Config\Cache), false)
#8 C:\xampp\htdocs\app-asvl\public\index.php(37): CodeIgniter\CodeIgniter->run()
#9 {main}
CRITICAL - 2022-04-17 20:11:42 --> Undefined variable $hybridauth
#0 C:\xampp\htdocs\app-asvl\app\Views\user\register.php(41): CodeIgniter\Debug\Exceptions->errorHandler(2, 'Undefined varia...', 'C:\\xampp\\htdocs...', 41)
#1 C:\xampp\htdocs\app-asvl\system\View\View.php(210): include('C:\\xampp\\htdocs...')
#2 C:\xampp\htdocs\app-asvl\system\View\View.php(213): CodeIgniter\View\View->CodeIgniter\View\{closure}()
#3 C:\xampp\htdocs\app-asvl\system\Common.php(1089): CodeIgniter\View\View->render('user/register', Array, true)
#4 C:\xampp\htdocs\app-asvl\app\Controllers\User.php(58): view('user/register')
#5 C:\xampp\htdocs\app-asvl\system\CodeIgniter.php(832): App\Controllers\User->register()
#6 C:\xampp\htdocs\app-asvl\system\CodeIgniter.php(419): CodeIgniter\CodeIgniter->runController(Object(App\Controllers\User))
#7 C:\xampp\htdocs\app-asvl\system\CodeIgniter.php(326): CodeIgniter\CodeIgniter->handleRequest(NULL, Object(Config\Cache), false)
#8 C:\xampp\htdocs\app-asvl\public\index.php(37): CodeIgniter\CodeIgniter->run()
#9 {main}
CRITICAL - 2022-04-17 20:11:42 --> Undefined variable $hybridauth
#0 C:\xampp\htdocs\app-asvl\app\Views\user\register.php(41): CodeIgniter\Debug\Exceptions->errorHandler(2, 'Undefined varia...', 'C:\\xampp\\htdocs...', 41)
#1 C:\xampp\htdocs\app-asvl\system\View\View.php(210): include('C:\\xampp\\htdocs...')
#2 C:\xampp\htdocs\app-asvl\system\View\View.php(213): CodeIgniter\View\View->CodeIgniter\View\{closure}()
#3 C:\xampp\htdocs\app-asvl\system\Common.php(1089): CodeIgniter\View\View->render('user/register', Array, true)
#4 C:\xampp\htdocs\app-asvl\app\Controllers\User.php(58): view('user/register')
#5 C:\xampp\htdocs\app-asvl\system\CodeIgniter.php(832): App\Controllers\User->register()
#6 C:\xampp\htdocs\app-asvl\system\CodeIgniter.php(419): CodeIgniter\CodeIgniter->runController(Object(App\Controllers\User))
#7 C:\xampp\htdocs\app-asvl\system\CodeIgniter.php(326): CodeIgniter\CodeIgniter->handleRequest(NULL, Object(Config\Cache), false)
#8 C:\xampp\htdocs\app-asvl\public\index.php(37): CodeIgniter\CodeIgniter->run()
#9 {main}
CRITICAL - 2022-04-17 20:11:42 --> Undefined variable $hybridauth
#0 C:\xampp\htdocs\app-asvl\app\Views\user\register.php(41): CodeIgniter\Debug\Exceptions->errorHandler(2, 'Undefined varia...', 'C:\\xampp\\htdocs...', 41)
#1 C:\xampp\htdocs\app-asvl\system\View\View.php(210): include('C:\\xampp\\htdocs...')
#2 C:\xampp\htdocs\app-asvl\system\View\View.php(213): CodeIgniter\View\View->CodeIgniter\View\{closure}()
#3 C:\xampp\htdocs\app-asvl\system\Common.php(1089): CodeIgniter\View\View->render('user/register', Array, true)
#4 C:\xampp\htdocs\app-asvl\app\Controllers\User.php(58): view('user/register')
#5 C:\xampp\htdocs\app-asvl\system\CodeIgniter.php(832): App\Controllers\User->register()
#6 C:\xampp\htdocs\app-asvl\system\CodeIgniter.php(419): CodeIgniter\CodeIgniter->runController(Object(App\Controllers\User))
#7 C:\xampp\htdocs\app-asvl\system\CodeIgniter.php(326): CodeIgniter\CodeIgniter->handleRequest(NULL, Object(Config\Cache), false)
#8 C:\xampp\htdocs\app-asvl\public\index.php(37): CodeIgniter\CodeIgniter->run()
#9 {main}
CRITICAL - 2022-04-17 20:11:50 --> Undefined variable $hybridauth
#0 C:\xampp\htdocs\app-asvl\app\Views\user\register.php(41): CodeIgniter\Debug\Exceptions->errorHandler(2, 'Undefined varia...', 'C:\\xampp\\htdocs...', 41)
#1 C:\xampp\htdocs\app-asvl\system\View\View.php(210): include('C:\\xampp\\htdocs...')
#2 C:\xampp\htdocs\app-asvl\system\View\View.php(213): CodeIgniter\View\View->CodeIgniter\View\{closure}()
#3 C:\xampp\htdocs\app-asvl\system\Common.php(1089): CodeIgniter\View\View->render('user/register', Array, true)
#4 C:\xampp\htdocs\app-asvl\app\Controllers\User.php(58): view('user/register')
#5 C:\xampp\htdocs\app-asvl\system\CodeIgniter.php(832): App\Controllers\User->register()
#6 C:\xampp\htdocs\app-asvl\system\CodeIgniter.php(419): CodeIgniter\CodeIgniter->runController(Object(App\Controllers\User))
#7 C:\xampp\htdocs\app-asvl\system\CodeIgniter.php(326): CodeIgniter\CodeIgniter->handleRequest(NULL, Object(Config\Cache), false)
#8 C:\xampp\htdocs\app-asvl\public\index.php(37): CodeIgniter\CodeIgniter->run()
#9 {main}
CRITICAL - 2022-04-17 20:11:57 --> Undefined variable $hybridauth
#0 C:\xampp\htdocs\app-asvl\app\Views\user\register.php(41): CodeIgniter\Debug\Exceptions->errorHandler(2, 'Undefined varia...', 'C:\\xampp\\htdocs...', 41)
#1 C:\xampp\htdocs\app-asvl\system\View\View.php(210): include('C:\\xampp\\htdocs...')
#2 C:\xampp\htdocs\app-asvl\system\View\View.php(213): CodeIgniter\View\View->CodeIgniter\View\{closure}()
#3 C:\xampp\htdocs\app-asvl\system\Common.php(1089): CodeIgniter\View\View->render('user/register', Array, true)
#4 C:\xampp\htdocs\app-asvl\app\Controllers\User.php(58): view('user/register')
#5 C:\xampp\htdocs\app-asvl\system\CodeIgniter.php(832): App\Controllers\User->register()
#6 C:\xampp\htdocs\app-asvl\system\CodeIgniter.php(419): CodeIgniter\CodeIgniter->runController(Object(App\Controllers\User))
#7 C:\xampp\htdocs\app-asvl\system\CodeIgniter.php(326): CodeIgniter\CodeIgniter->handleRequest(NULL, Object(Config\Cache), false)
#8 C:\xampp\htdocs\app-asvl\public\index.php(37): CodeIgniter\CodeIgniter->run()
#9 {main}
CRITICAL - 2022-04-17 20:11:58 --> Undefined variable $hybridauth
#0 C:\xampp\htdocs\app-asvl\app\Views\user\register.php(41): CodeIgniter\Debug\Exceptions->errorHandler(2, 'Undefined varia...', 'C:\\xampp\\htdocs...', 41)
#1 C:\xampp\htdocs\app-asvl\system\View\View.php(210): include('C:\\xampp\\htdocs...')
#2 C:\xampp\htdocs\app-asvl\system\View\View.php(213): CodeIgniter\View\View->CodeIgniter\View\{closure}()
#3 C:\xampp\htdocs\app-asvl\system\Common.php(1089): CodeIgniter\View\View->render('user/register', Array, true)
#4 C:\xampp\htdocs\app-asvl\app\Controllers\User.php(58): view('user/register')
#5 C:\xampp\htdocs\app-asvl\system\CodeIgniter.php(832): App\Controllers\User->register()
#6 C:\xampp\htdocs\app-asvl\system\CodeIgniter.php(419): CodeIgniter\CodeIgniter->runController(Object(App\Controllers\User))
#7 C:\xampp\htdocs\app-asvl\system\CodeIgniter.php(326): CodeIgniter\CodeIgniter->handleRequest(NULL, Object(Config\Cache), false)
#8 C:\xampp\htdocs\app-asvl\public\index.php(37): CodeIgniter\CodeIgniter->run()
#9 {main}
CRITICAL - 2022-04-17 20:11:58 --> Undefined variable $hybridauth
#0 C:\xampp\htdocs\app-asvl\app\Views\user\register.php(41): CodeIgniter\Debug\Exceptions->errorHandler(2, 'Undefined varia...', 'C:\\xampp\\htdocs...', 41)
#1 C:\xampp\htdocs\app-asvl\system\View\View.php(210): include('C:\\xampp\\htdocs...')
#2 C:\xampp\htdocs\app-asvl\system\View\View.php(213): CodeIgniter\View\View->CodeIgniter\View\{closure}()
#3 C:\xampp\htdocs\app-asvl\system\Common.php(1089): CodeIgniter\View\View->render('user/register', Array, true)
#4 C:\xampp\htdocs\app-asvl\app\Controllers\User.php(58): view('user/register')
#5 C:\xampp\htdocs\app-asvl\system\CodeIgniter.php(832): App\Controllers\User->register()
#6 C:\xampp\htdocs\app-asvl\system\CodeIgniter.php(419): CodeIgniter\CodeIgniter->runController(Object(App\Controllers\User))
#7 C:\xampp\htdocs\app-asvl\system\CodeIgniter.php(326): CodeIgniter\CodeIgniter->handleRequest(NULL, Object(Config\Cache), false)
#8 C:\xampp\htdocs\app-asvl\public\index.php(37): CodeIgniter\CodeIgniter->run()
#9 {main}
CRITICAL - 2022-04-17 20:11:59 --> Undefined variable $hybridauth
#0 C:\xampp\htdocs\app-asvl\app\Views\user\register.php(41): CodeIgniter\Debug\Exceptions->errorHandler(2, 'Undefined varia...', 'C:\\xampp\\htdocs...', 41)
#1 C:\xampp\htdocs\app-asvl\system\View\View.php(210): include('C:\\xampp\\htdocs...')
#2 C:\xampp\htdocs\app-asvl\system\View\View.php(213): CodeIgniter\View\View->CodeIgniter\View\{closure}()
#3 C:\xampp\htdocs\app-asvl\system\Common.php(1089): CodeIgniter\View\View->render('user/register', Array, true)
#4 C:\xampp\htdocs\app-asvl\app\Controllers\User.php(58): view('user/register')
#5 C:\xampp\htdocs\app-asvl\system\CodeIgniter.php(832): App\Controllers\User->register()
#6 C:\xampp\htdocs\app-asvl\system\CodeIgniter.php(419): CodeIgniter\CodeIgniter->runController(Object(App\Controllers\User))
#7 C:\xampp\htdocs\app-asvl\system\CodeIgniter.php(326): CodeIgniter\CodeIgniter->handleRequest(NULL, Object(Config\Cache), false)
#8 C:\xampp\htdocs\app-asvl\public\index.php(37): CodeIgniter\CodeIgniter->run()
#9 {main}
CRITICAL - 2022-04-17 20:11:59 --> Undefined variable $hybridauth
#0 C:\xampp\htdocs\app-asvl\app\Views\user\register.php(41): CodeIgniter\Debug\Exceptions->errorHandler(2, 'Undefined varia...', 'C:\\xampp\\htdocs...', 41)
#1 C:\xampp\htdocs\app-asvl\system\View\View.php(210): include('C:\\xampp\\htdocs...')
#2 C:\xampp\htdocs\app-asvl\system\View\View.php(213): CodeIgniter\View\View->CodeIgniter\View\{closure}()
#3 C:\xampp\htdocs\app-asvl\system\Common.php(1089): CodeIgniter\View\View->render('user/register', Array, true)
#4 C:\xampp\htdocs\app-asvl\app\Controllers\User.php(58): view('user/register')
#5 C:\xampp\htdocs\app-asvl\system\CodeIgniter.php(832): App\Controllers\User->register()
#6 C:\xampp\htdocs\app-asvl\system\CodeIgniter.php(419): CodeIgniter\CodeIgniter->runController(Object(App\Controllers\User))
#7 C:\xampp\htdocs\app-asvl\system\CodeIgniter.php(326): CodeIgniter\CodeIgniter->handleRequest(NULL, Object(Config\Cache), false)
#8 C:\xampp\htdocs\app-asvl\public\index.php(37): CodeIgniter\CodeIgniter->run()
#9 {main}
CRITICAL - 2022-04-17 20:11:59 --> Undefined variable $hybridauth
#0 C:\xampp\htdocs\app-asvl\app\Views\user\register.php(41): CodeIgniter\Debug\Exceptions->errorHandler(2, 'Undefined varia...', 'C:\\xampp\\htdocs...', 41)
#1 C:\xampp\htdocs\app-asvl\system\View\View.php(210): include('C:\\xampp\\htdocs...')
#2 C:\xampp\htdocs\app-asvl\system\View\View.php(213): CodeIgniter\View\View->CodeIgniter\View\{closure}()
#3 C:\xampp\htdocs\app-asvl\system\Common.php(1089): CodeIgniter\View\View->render('user/register', Array, true)
#4 C:\xampp\htdocs\app-asvl\app\Controllers\User.php(58): view('user/register')
#5 C:\xampp\htdocs\app-asvl\system\CodeIgniter.php(832): App\Controllers\User->register()
#6 C:\xampp\htdocs\app-asvl\system\CodeIgniter.php(419): CodeIgniter\CodeIgniter->runController(Object(App\Controllers\User))
#7 C:\xampp\htdocs\app-asvl\system\CodeIgniter.php(326): CodeIgniter\CodeIgniter->handleRequest(NULL, Object(Config\Cache), false)
#8 C:\xampp\htdocs\app-asvl\public\index.php(37): CodeIgniter\CodeIgniter->run()
#9 {main}
CRITICAL - 2022-04-17 20:13:52 --> Undefined variable $hybridauth
#0 C:\xampp\htdocs\app-asvl\app\Views\user\register.php(41): CodeIgniter\Debug\Exceptions->errorHandler(2, 'Undefined varia...', 'C:\\xampp\\htdocs...', 41)
#1 C:\xampp\htdocs\app-asvl\system\View\View.php(210): include('C:\\xampp\\htdocs...')
#2 C:\xampp\htdocs\app-asvl\system\View\View.php(213): CodeIgniter\View\View->CodeIgniter\View\{closure}()
#3 C:\xampp\htdocs\app-asvl\system\Common.php(1089): CodeIgniter\View\View->render('user/register', Array, true)
#4 C:\xampp\htdocs\app-asvl\app\Controllers\User.php(59): view('user/register')
#5 C:\xampp\htdocs\app-asvl\system\CodeIgniter.php(832): App\Controllers\User->register()
#6 C:\xampp\htdocs\app-asvl\system\CodeIgniter.php(419): CodeIgniter\CodeIgniter->runController(Object(App\Controllers\User))
#7 C:\xampp\htdocs\app-asvl\system\CodeIgniter.php(326): CodeIgniter\CodeIgniter->handleRequest(NULL, Object(Config\Cache), false)
#8 C:\xampp\htdocs\app-asvl\public\index.php(37): CodeIgniter\CodeIgniter->run()
#9 {main}
CRITICAL - 2022-04-17 20:13:53 --> Undefined variable $hybridauth
#0 C:\xampp\htdocs\app-asvl\app\Views\user\register.php(41): CodeIgniter\Debug\Exceptions->errorHandler(2, 'Undefined varia...', 'C:\\xampp\\htdocs...', 41)
#1 C:\xampp\htdocs\app-asvl\system\View\View.php(210): include('C:\\xampp\\htdocs...')
#2 C:\xampp\htdocs\app-asvl\system\View\View.php(213): CodeIgniter\View\View->CodeIgniter\View\{closure}()
#3 C:\xampp\htdocs\app-asvl\system\Common.php(1089): CodeIgniter\View\View->render('user/register', Array, true)
#4 C:\xampp\htdocs\app-asvl\app\Controllers\User.php(59): view('user/register')
#5 C:\xampp\htdocs\app-asvl\system\CodeIgniter.php(832): App\Controllers\User->register()
#6 C:\xampp\htdocs\app-asvl\system\CodeIgniter.php(419): CodeIgniter\CodeIgniter->runController(Object(App\Controllers\User))
#7 C:\xampp\htdocs\app-asvl\system\CodeIgniter.php(326): CodeIgniter\CodeIgniter->handleRequest(NULL, Object(Config\Cache), false)
#8 C:\xampp\htdocs\app-asvl\public\index.php(37): CodeIgniter\CodeIgniter->run()
#9 {main}
CRITICAL - 2022-04-17 20:17:51 --> Undefined variable $name
#0 C:\xampp\htdocs\app-asvl\app\Views\user\register.php(47): CodeIgniter\Debug\Exceptions->errorHandler(2, 'Undefined varia...', 'C:\\xampp\\htdocs...', 47)
#1 C:\xampp\htdocs\app-asvl\system\View\View.php(210): include('C:\\xampp\\htdocs...')
#2 C:\xampp\htdocs\app-asvl\system\View\View.php(213): CodeIgniter\View\View->CodeIgniter\View\{closure}()
#3 C:\xampp\htdocs\app-asvl\system\Common.php(1089): CodeIgniter\View\View->render('user/register', Array, true)
#4 C:\xampp\htdocs\app-asvl\app\Controllers\User.php(59): view('user/register', Array)
#5 C:\xampp\htdocs\app-asvl\system\CodeIgniter.php(832): App\Controllers\User->register()
#6 C:\xampp\htdocs\app-asvl\system\CodeIgniter.php(419): CodeIgniter\CodeIgniter->runController(Object(App\Controllers\User))
#7 C:\xampp\htdocs\app-asvl\system\CodeIgniter.php(326): CodeIgniter\CodeIgniter->handleRequest(NULL, Object(Config\Cache), false)
#8 C:\xampp\htdocs\app-asvl\public\index.php(37): CodeIgniter\CodeIgniter->run()
#9 {main}
CRITICAL - 2022-04-17 20:17:54 --> Undefined variable $name
#0 C:\xampp\htdocs\app-asvl\app\Views\user\register.php(47): CodeIgniter\Debug\Exceptions->errorHandler(2, 'Undefined varia...', 'C:\\xampp\\htdocs...', 47)
#1 C:\xampp\htdocs\app-asvl\system\View\View.php(210): include('C:\\xampp\\htdocs...')
#2 C:\xampp\htdocs\app-asvl\system\View\View.php(213): CodeIgniter\View\View->CodeIgniter\View\{closure}()
#3 C:\xampp\htdocs\app-asvl\system\Common.php(1089): CodeIgniter\View\View->render('user/register', Array, true)
#4 C:\xampp\htdocs\app-asvl\app\Controllers\User.php(59): view('user/register', Array)
#5 C:\xampp\htdocs\app-asvl\system\CodeIgniter.php(832): App\Controllers\User->register()
#6 C:\xampp\htdocs\app-asvl\system\CodeIgniter.php(419): CodeIgniter\CodeIgniter->runController(Object(App\Controllers\User))
#7 C:\xampp\htdocs\app-asvl\system\CodeIgniter.php(326): CodeIgniter\CodeIgniter->handleRequest(NULL, Object(Config\Cache), false)
#8 C:\xampp\htdocs\app-asvl\public\index.php(37): CodeIgniter\CodeIgniter->run()
#9 {main}
