CRITICAL - 2022-04-19 19:06:37 --> Encrypter needs a starter key.
#0 C:\xampp\htdocs\app-asvl\system\Encryption\Encryption.php(124): CodeIgniter\Encryption\Exceptions\EncryptionException::forNeedsStarterKey()
#1 C:\xampp\htdocs\app-asvl\system\Config\Services.php(215): CodeIgniter\Encryption\Encryption->initialize(Object(Config\Encryption))
#2 C:\xampp\htdocs\app-asvl\system\Config\BaseService.php(248): CodeIgniter\Config\Services::encrypter()
#3 C:\xampp\htdocs\app-asvl\app\Controllers\User.php(19): CodeIgniter\Config\BaseService::__callStatic('encrypter', Array)
#4 C:\xampp\htdocs\app-asvl\system\CodeIgniter.php(809): App\Controllers\User->__construct()
#5 C:\xampp\htdocs\app-asvl\system\CodeIgniter.php(410): CodeIgniter\CodeIgniter->createController()
#6 C:\xampp\htdocs\app-asvl\system\CodeIgniter.php(326): CodeIgniter\CodeIgniter->handleRequest(NULL, Object(Config\Cache), false)
#7 C:\xampp\htdocs\app-asvl\public\index.php(37): CodeIgniter\CodeIgniter->run()
#8 {main}
CRITICAL - 2022-04-19 19:07:01 --> Encrypter needs a starter key.
#0 C:\xampp\htdocs\app-asvl\system\Encryption\Encryption.php(124): CodeIgniter\Encryption\Exceptions\EncryptionException::forNeedsStarterKey()
#1 C:\xampp\htdocs\app-asvl\system\Config\Services.php(215): CodeIgniter\Encryption\Encryption->initialize(Object(Config\Encryption))
#2 C:\xampp\htdocs\app-asvl\system\Config\BaseService.php(248): CodeIgniter\Config\Services::encrypter()
#3 C:\xampp\htdocs\app-asvl\app\Controllers\User.php(19): CodeIgniter\Config\BaseService::__callStatic('encrypter', Array)
#4 C:\xampp\htdocs\app-asvl\system\CodeIgniter.php(809): App\Controllers\User->__construct()
#5 C:\xampp\htdocs\app-asvl\system\CodeIgniter.php(410): CodeIgniter\CodeIgniter->createController()
#6 C:\xampp\htdocs\app-asvl\system\CodeIgniter.php(326): CodeIgniter\CodeIgniter->handleRequest(NULL, Object(Config\Cache), false)
#7 C:\xampp\htdocs\app-asvl\public\index.php(37): CodeIgniter\CodeIgniter->run()
#8 {main}
CRITICAL - 2022-04-19 19:07:04 --> Encrypter needs a starter key.
#0 C:\xampp\htdocs\app-asvl\system\Encryption\Encryption.php(124): CodeIgniter\Encryption\Exceptions\EncryptionException::forNeedsStarterKey()
#1 C:\xampp\htdocs\app-asvl\system\Config\Services.php(215): CodeIgniter\Encryption\Encryption->initialize(Object(Config\Encryption))
#2 C:\xampp\htdocs\app-asvl\system\Config\BaseService.php(248): CodeIgniter\Config\Services::encrypter()
#3 C:\xampp\htdocs\app-asvl\app\Controllers\User.php(19): CodeIgniter\Config\BaseService::__callStatic('encrypter', Array)
#4 C:\xampp\htdocs\app-asvl\system\CodeIgniter.php(809): App\Controllers\User->__construct()
#5 C:\xampp\htdocs\app-asvl\system\CodeIgniter.php(410): CodeIgniter\CodeIgniter->createController()
#6 C:\xampp\htdocs\app-asvl\system\CodeIgniter.php(326): CodeIgniter\CodeIgniter->handleRequest(NULL, Object(Config\Cache), false)
#7 C:\xampp\htdocs\app-asvl\public\index.php(37): CodeIgniter\CodeIgniter->run()
#8 {main}
