CRITICAL - 2022-04-18 19:17:05 --> Undefined variable $fullname
#0 C:\xampp\htdocs\app-asvl\app\Views\test\test.php(27): CodeIgniter\Debug\Exceptions->errorHandler(2, 'Undefined varia...', 'C:\\xampp\\htdocs...', 27)
#1 C:\xampp\htdocs\app-asvl\system\View\View.php(210): include('C:\\xampp\\htdocs...')
#2 C:\xampp\htdocs\app-asvl\system\View\View.php(213): CodeIgniter\View\View->CodeIgniter\View\{closure}()
#3 C:\xampp\htdocs\app-asvl\system\Common.php(1089): CodeIgniter\View\View->render('test/test', Array, true)
#4 C:\xampp\htdocs\app-asvl\app\Controllers\User.php(46): view('test/test', Array)
#5 C:\xampp\htdocs\app-asvl\system\CodeIgniter.php(832): App\Controllers\User->verifyRegister()
#6 C:\xampp\htdocs\app-asvl\system\CodeIgniter.php(419): CodeIgniter\CodeIgniter->runController(Object(App\Controllers\User))
#7 C:\xampp\htdocs\app-asvl\system\CodeIgniter.php(326): CodeIgniter\CodeIgniter->handleRequest(NULL, Object(Config\Cache), false)
#8 C:\xampp\htdocs\app-asvl\public\index.php(37): CodeIgniter\CodeIgniter->run()
#9 {main}
CRITICAL - 2022-04-18 19:23:02 -->  route cannot be found while reverse-routing.
#0 C:\xampp\htdocs\app-asvl\system\HTTP\RedirectResponse.php(56): CodeIgniter\HTTP\Exceptions\HTTPException::forInvalidRedirectRoute('')
#1 C:\xampp\htdocs\app-asvl\system\Common.php(832): CodeIgniter\HTTP\RedirectResponse->route(false)
#2 C:\xampp\htdocs\app-asvl\app\Controllers\User.php(47): redirect('user/testView')
#3 C:\xampp\htdocs\app-asvl\system\CodeIgniter.php(832): App\Controllers\User->verifyRegister()
#4 C:\xampp\htdocs\app-asvl\system\CodeIgniter.php(419): CodeIgniter\CodeIgniter->runController(Object(App\Controllers\User))
#5 C:\xampp\htdocs\app-asvl\system\CodeIgniter.php(326): CodeIgniter\CodeIgniter->handleRequest(NULL, Object(Config\Cache), false)
#6 C:\xampp\htdocs\app-asvl\public\index.php(37): CodeIgniter\CodeIgniter->run()
#7 {main}
CRITICAL - 2022-04-18 19:23:03 -->  route cannot be found while reverse-routing.
#0 C:\xampp\htdocs\app-asvl\system\HTTP\RedirectResponse.php(56): CodeIgniter\HTTP\Exceptions\HTTPException::forInvalidRedirectRoute('')
#1 C:\xampp\htdocs\app-asvl\system\Common.php(832): CodeIgniter\HTTP\RedirectResponse->route(false)
#2 C:\xampp\htdocs\app-asvl\app\Controllers\User.php(47): redirect('user/testView')
#3 C:\xampp\htdocs\app-asvl\system\CodeIgniter.php(832): App\Controllers\User->verifyRegister()
#4 C:\xampp\htdocs\app-asvl\system\CodeIgniter.php(419): CodeIgniter\CodeIgniter->runController(Object(App\Controllers\User))
#5 C:\xampp\htdocs\app-asvl\system\CodeIgniter.php(326): CodeIgniter\CodeIgniter->handleRequest(NULL, Object(Config\Cache), false)
#6 C:\xampp\htdocs\app-asvl\public\index.php(37): CodeIgniter\CodeIgniter->run()
#7 {main}
CRITICAL - 2022-04-18 19:23:04 -->  route cannot be found while reverse-routing.
#0 C:\xampp\htdocs\app-asvl\system\HTTP\RedirectResponse.php(56): CodeIgniter\HTTP\Exceptions\HTTPException::forInvalidRedirectRoute('')
#1 C:\xampp\htdocs\app-asvl\system\Common.php(832): CodeIgniter\HTTP\RedirectResponse->route(false)
#2 C:\xampp\htdocs\app-asvl\app\Controllers\User.php(47): redirect('user/testView')
#3 C:\xampp\htdocs\app-asvl\system\CodeIgniter.php(832): App\Controllers\User->verifyRegister()
#4 C:\xampp\htdocs\app-asvl\system\CodeIgniter.php(419): CodeIgniter\CodeIgniter->runController(Object(App\Controllers\User))
#5 C:\xampp\htdocs\app-asvl\system\CodeIgniter.php(326): CodeIgniter\CodeIgniter->handleRequest(NULL, Object(Config\Cache), false)
#6 C:\xampp\htdocs\app-asvl\public\index.php(37): CodeIgniter\CodeIgniter->run()
#7 {main}
CRITICAL - 2022-04-18 19:41:11 -->  route cannot be found while reverse-routing.
#0 C:\xampp\htdocs\app-asvl\system\HTTP\RedirectResponse.php(56): CodeIgniter\HTTP\Exceptions\HTTPException::forInvalidRedirectRoute('')
#1 C:\xampp\htdocs\app-asvl\system\Common.php(832): CodeIgniter\HTTP\RedirectResponse->route(false)
#2 C:\xampp\htdocs\app-asvl\app\Controllers\User.php(39): redirect('/user/testView')
#3 C:\xampp\htdocs\app-asvl\system\CodeIgniter.php(832): App\Controllers\User->verifyRegister()
#4 C:\xampp\htdocs\app-asvl\system\CodeIgniter.php(419): CodeIgniter\CodeIgniter->runController(Object(App\Controllers\User))
#5 C:\xampp\htdocs\app-asvl\system\CodeIgniter.php(326): CodeIgniter\CodeIgniter->handleRequest(NULL, Object(Config\Cache), false)
#6 C:\xampp\htdocs\app-asvl\public\index.php(37): CodeIgniter\CodeIgniter->run()
#7 {main}
CRITICAL - 2022-04-18 19:41:39 -->  route cannot be found while reverse-routing.
#0 C:\xampp\htdocs\app-asvl\system\HTTP\RedirectResponse.php(56): CodeIgniter\HTTP\Exceptions\HTTPException::forInvalidRedirectRoute('')
#1 C:\xampp\htdocs\app-asvl\system\Common.php(832): CodeIgniter\HTTP\RedirectResponse->route(false)
#2 C:\xampp\htdocs\app-asvl\app\Controllers\User.php(39): redirect('/user/testView')
#3 C:\xampp\htdocs\app-asvl\system\CodeIgniter.php(832): App\Controllers\User->verifyRegister()
#4 C:\xampp\htdocs\app-asvl\system\CodeIgniter.php(419): CodeIgniter\CodeIgniter->runController(Object(App\Controllers\User))
#5 C:\xampp\htdocs\app-asvl\system\CodeIgniter.php(326): CodeIgniter\CodeIgniter->handleRequest(NULL, Object(Config\Cache), false)
#6 C:\xampp\htdocs\app-asvl\public\index.php(37): CodeIgniter\CodeIgniter->run()
#7 {main}
CRITICAL - 2022-04-18 19:41:48 -->  route cannot be found while reverse-routing.
#0 C:\xampp\htdocs\app-asvl\system\HTTP\RedirectResponse.php(56): CodeIgniter\HTTP\Exceptions\HTTPException::forInvalidRedirectRoute('')
#1 C:\xampp\htdocs\app-asvl\system\Common.php(832): CodeIgniter\HTTP\RedirectResponse->route(false)
#2 C:\xampp\htdocs\app-asvl\app\Controllers\User.php(39): redirect('/user/testView')
#3 C:\xampp\htdocs\app-asvl\system\CodeIgniter.php(832): App\Controllers\User->verifyRegister()
#4 C:\xampp\htdocs\app-asvl\system\CodeIgniter.php(419): CodeIgniter\CodeIgniter->runController(Object(App\Controllers\User))
#5 C:\xampp\htdocs\app-asvl\system\CodeIgniter.php(326): CodeIgniter\CodeIgniter->handleRequest(NULL, Object(Config\Cache), false)
#6 C:\xampp\htdocs\app-asvl\public\index.php(37): CodeIgniter\CodeIgniter->run()
#7 {main}
CRITICAL - 2022-04-18 19:41:51 -->  route cannot be found while reverse-routing.
#0 C:\xampp\htdocs\app-asvl\system\HTTP\RedirectResponse.php(56): CodeIgniter\HTTP\Exceptions\HTTPException::forInvalidRedirectRoute('')
#1 C:\xampp\htdocs\app-asvl\system\Common.php(832): CodeIgniter\HTTP\RedirectResponse->route(false)
#2 C:\xampp\htdocs\app-asvl\app\Controllers\User.php(39): redirect('/user/testView')
#3 C:\xampp\htdocs\app-asvl\system\CodeIgniter.php(832): App\Controllers\User->verifyRegister()
#4 C:\xampp\htdocs\app-asvl\system\CodeIgniter.php(419): CodeIgniter\CodeIgniter->runController(Object(App\Controllers\User))
#5 C:\xampp\htdocs\app-asvl\system\CodeIgniter.php(326): CodeIgniter\CodeIgniter->handleRequest(NULL, Object(Config\Cache), false)
#6 C:\xampp\htdocs\app-asvl\public\index.php(37): CodeIgniter\CodeIgniter->run()
#7 {main}
CRITICAL - 2022-04-18 19:41:57 -->  route cannot be found while reverse-routing.
#0 C:\xampp\htdocs\app-asvl\system\HTTP\RedirectResponse.php(56): CodeIgniter\HTTP\Exceptions\HTTPException::forInvalidRedirectRoute('')
#1 C:\xampp\htdocs\app-asvl\system\Common.php(832): CodeIgniter\HTTP\RedirectResponse->route(false)
#2 C:\xampp\htdocs\app-asvl\app\Controllers\User.php(39): redirect('/user/testView')
#3 C:\xampp\htdocs\app-asvl\system\CodeIgniter.php(832): App\Controllers\User->verifyRegister()
#4 C:\xampp\htdocs\app-asvl\system\CodeIgniter.php(419): CodeIgniter\CodeIgniter->runController(Object(App\Controllers\User))
#5 C:\xampp\htdocs\app-asvl\system\CodeIgniter.php(326): CodeIgniter\CodeIgniter->handleRequest(NULL, Object(Config\Cache), false)
#6 C:\xampp\htdocs\app-asvl\public\index.php(37): CodeIgniter\CodeIgniter->run()
#7 {main}
CRITICAL - 2022-04-18 19:41:59 -->  route cannot be found while reverse-routing.
#0 C:\xampp\htdocs\app-asvl\system\HTTP\RedirectResponse.php(56): CodeIgniter\HTTP\Exceptions\HTTPException::forInvalidRedirectRoute('')
#1 C:\xampp\htdocs\app-asvl\system\Common.php(832): CodeIgniter\HTTP\RedirectResponse->route(false)
#2 C:\xampp\htdocs\app-asvl\app\Controllers\User.php(39): redirect('/user/testView')
#3 C:\xampp\htdocs\app-asvl\system\CodeIgniter.php(832): App\Controllers\User->verifyRegister()
#4 C:\xampp\htdocs\app-asvl\system\CodeIgniter.php(419): CodeIgniter\CodeIgniter->runController(Object(App\Controllers\User))
#5 C:\xampp\htdocs\app-asvl\system\CodeIgniter.php(326): CodeIgniter\CodeIgniter->handleRequest(NULL, Object(Config\Cache), false)
#6 C:\xampp\htdocs\app-asvl\public\index.php(37): CodeIgniter\CodeIgniter->run()
#7 {main}
CRITICAL - 2022-04-18 19:42:51 -->  route cannot be found while reverse-routing.
#0 C:\xampp\htdocs\app-asvl\system\HTTP\RedirectResponse.php(56): CodeIgniter\HTTP\Exceptions\HTTPException::forInvalidRedirectRoute('')
#1 C:\xampp\htdocs\app-asvl\system\Common.php(832): CodeIgniter\HTTP\RedirectResponse->route(false)
#2 C:\xampp\htdocs\app-asvl\app\Controllers\User.php(39): redirect('/user/testView')
#3 C:\xampp\htdocs\app-asvl\system\CodeIgniter.php(832): App\Controllers\User->verifyRegister()
#4 C:\xampp\htdocs\app-asvl\system\CodeIgniter.php(419): CodeIgniter\CodeIgniter->runController(Object(App\Controllers\User))
#5 C:\xampp\htdocs\app-asvl\system\CodeIgniter.php(326): CodeIgniter\CodeIgniter->handleRequest(NULL, Object(Config\Cache), false)
#6 C:\xampp\htdocs\app-asvl\public\index.php(37): CodeIgniter\CodeIgniter->run()
#7 {main}
CRITICAL - 2022-04-18 19:43:21 -->  route cannot be found while reverse-routing.
#0 C:\xampp\htdocs\app-asvl\system\HTTP\RedirectResponse.php(56): CodeIgniter\HTTP\Exceptions\HTTPException::forInvalidRedirectRoute('')
#1 C:\xampp\htdocs\app-asvl\system\Common.php(832): CodeIgniter\HTTP\RedirectResponse->route(false)
#2 C:\xampp\htdocs\app-asvl\app\Controllers\User.php(39): redirect('/user/testView')
#3 C:\xampp\htdocs\app-asvl\system\CodeIgniter.php(832): App\Controllers\User->verifyRegister()
#4 C:\xampp\htdocs\app-asvl\system\CodeIgniter.php(419): CodeIgniter\CodeIgniter->runController(Object(App\Controllers\User))
#5 C:\xampp\htdocs\app-asvl\system\CodeIgniter.php(326): CodeIgniter\CodeIgniter->handleRequest(NULL, Object(Config\Cache), false)
#6 C:\xampp\htdocs\app-asvl\public\index.php(37): CodeIgniter\CodeIgniter->run()
#7 {main}
CRITICAL - 2022-04-18 19:43:34 -->  route cannot be found while reverse-routing.
#0 C:\xampp\htdocs\app-asvl\system\HTTP\RedirectResponse.php(56): CodeIgniter\HTTP\Exceptions\HTTPException::forInvalidRedirectRoute('')
#1 C:\xampp\htdocs\app-asvl\system\Common.php(832): CodeIgniter\HTTP\RedirectResponse->route(false)
#2 C:\xampp\htdocs\app-asvl\app\Controllers\User.php(39): redirect('/user/testView')
#3 C:\xampp\htdocs\app-asvl\system\CodeIgniter.php(832): App\Controllers\User->verifyRegister()
#4 C:\xampp\htdocs\app-asvl\system\CodeIgniter.php(419): CodeIgniter\CodeIgniter->runController(Object(App\Controllers\User))
#5 C:\xampp\htdocs\app-asvl\system\CodeIgniter.php(326): CodeIgniter\CodeIgniter->handleRequest(NULL, Object(Config\Cache), false)
#6 C:\xampp\htdocs\app-asvl\public\index.php(37): CodeIgniter\CodeIgniter->run()
#7 {main}
CRITICAL - 2022-04-18 19:44:30 -->  route cannot be found while reverse-routing.
#0 C:\xampp\htdocs\app-asvl\system\HTTP\RedirectResponse.php(56): CodeIgniter\HTTP\Exceptions\HTTPException::forInvalidRedirectRoute('')
#1 C:\xampp\htdocs\app-asvl\system\Common.php(832): CodeIgniter\HTTP\RedirectResponse->route(false)
#2 C:\xampp\htdocs\app-asvl\app\Controllers\User.php(40): redirect('/user/testView')
#3 C:\xampp\htdocs\app-asvl\system\CodeIgniter.php(832): App\Controllers\User->verifyRegister()
#4 C:\xampp\htdocs\app-asvl\system\CodeIgniter.php(419): CodeIgniter\CodeIgniter->runController(Object(App\Controllers\User))
#5 C:\xampp\htdocs\app-asvl\system\CodeIgniter.php(326): CodeIgniter\CodeIgniter->handleRequest(NULL, Object(Config\Cache), false)
#6 C:\xampp\htdocs\app-asvl\public\index.php(37): CodeIgniter\CodeIgniter->run()
#7 {main}
CRITICAL - 2022-04-18 19:44:43 -->  route cannot be found while reverse-routing.
#0 C:\xampp\htdocs\app-asvl\system\HTTP\RedirectResponse.php(56): CodeIgniter\HTTP\Exceptions\HTTPException::forInvalidRedirectRoute('')
#1 C:\xampp\htdocs\app-asvl\system\Common.php(832): CodeIgniter\HTTP\RedirectResponse->route(false)
#2 C:\xampp\htdocs\app-asvl\app\Controllers\User.php(40): redirect('/user/testView')
#3 C:\xampp\htdocs\app-asvl\system\CodeIgniter.php(832): App\Controllers\User->verifyRegister()
#4 C:\xampp\htdocs\app-asvl\system\CodeIgniter.php(419): CodeIgniter\CodeIgniter->runController(Object(App\Controllers\User))
#5 C:\xampp\htdocs\app-asvl\system\CodeIgniter.php(326): CodeIgniter\CodeIgniter->handleRequest(NULL, Object(Config\Cache), false)
#6 C:\xampp\htdocs\app-asvl\public\index.php(37): CodeIgniter\CodeIgniter->run()
#7 {main}
CRITICAL - 2022-04-18 19:45:02 -->  route cannot be found while reverse-routing.
#0 C:\xampp\htdocs\app-asvl\system\HTTP\RedirectResponse.php(56): CodeIgniter\HTTP\Exceptions\HTTPException::forInvalidRedirectRoute('')
#1 C:\xampp\htdocs\app-asvl\system\Common.php(832): CodeIgniter\HTTP\RedirectResponse->route(false)
#2 C:\xampp\htdocs\app-asvl\app\Controllers\User.php(40): redirect('/user/testView')
#3 C:\xampp\htdocs\app-asvl\system\CodeIgniter.php(832): App\Controllers\User->verifyRegister()
#4 C:\xampp\htdocs\app-asvl\system\CodeIgniter.php(419): CodeIgniter\CodeIgniter->runController(Object(App\Controllers\User))
#5 C:\xampp\htdocs\app-asvl\system\CodeIgniter.php(326): CodeIgniter\CodeIgniter->handleRequest(NULL, Object(Config\Cache), false)
#6 C:\xampp\htdocs\app-asvl\public\index.php(37): CodeIgniter\CodeIgniter->run()
#7 {main}
CRITICAL - 2022-04-18 19:45:32 -->  route cannot be found while reverse-routing.
#0 C:\xampp\htdocs\app-asvl\system\HTTP\RedirectResponse.php(56): CodeIgniter\HTTP\Exceptions\HTTPException::forInvalidRedirectRoute('')
#1 C:\xampp\htdocs\app-asvl\system\Common.php(832): CodeIgniter\HTTP\RedirectResponse->route(false)
#2 C:\xampp\htdocs\app-asvl\app\Controllers\User.php(40): redirect('/user/testView')
#3 C:\xampp\htdocs\app-asvl\system\CodeIgniter.php(832): App\Controllers\User->verifyRegister()
#4 C:\xampp\htdocs\app-asvl\system\CodeIgniter.php(419): CodeIgniter\CodeIgniter->runController(Object(App\Controllers\User))
#5 C:\xampp\htdocs\app-asvl\system\CodeIgniter.php(326): CodeIgniter\CodeIgniter->handleRequest(NULL, Object(Config\Cache), false)
#6 C:\xampp\htdocs\app-asvl\public\index.php(37): CodeIgniter\CodeIgniter->run()
#7 {main}
CRITICAL - 2022-04-18 19:45:58 -->  route cannot be found while reverse-routing.
#0 C:\xampp\htdocs\app-asvl\system\HTTP\RedirectResponse.php(56): CodeIgniter\HTTP\Exceptions\HTTPException::forInvalidRedirectRoute('')
#1 C:\xampp\htdocs\app-asvl\system\Common.php(832): CodeIgniter\HTTP\RedirectResponse->route(false)
#2 C:\xampp\htdocs\app-asvl\app\Controllers\User.php(39): redirect('/user/testView')
#3 C:\xampp\htdocs\app-asvl\system\CodeIgniter.php(832): App\Controllers\User->verifyRegister()
#4 C:\xampp\htdocs\app-asvl\system\CodeIgniter.php(419): CodeIgniter\CodeIgniter->runController(Object(App\Controllers\User))
#5 C:\xampp\htdocs\app-asvl\system\CodeIgniter.php(326): CodeIgniter\CodeIgniter->handleRequest(NULL, Object(Config\Cache), false)
#6 C:\xampp\htdocs\app-asvl\public\index.php(37): CodeIgniter\CodeIgniter->run()
#7 {main}
CRITICAL - 2022-04-18 21:42:11 --> Undefined variable $errors
#0 C:\xampp\htdocs\app-asvl\app\Views\user\register.php(24): CodeIgniter\Debug\Exceptions->errorHandler(2, 'Undefined varia...', 'C:\\xampp\\htdocs...', 24)
#1 C:\xampp\htdocs\app-asvl\system\View\View.php(210): include('C:\\xampp\\htdocs...')
#2 C:\xampp\htdocs\app-asvl\system\View\View.php(213): CodeIgniter\View\View->CodeIgniter\View\{closure}()
#3 C:\xampp\htdocs\app-asvl\system\Common.php(1089): CodeIgniter\View\View->render('user/register', Array, true)
#4 C:\xampp\htdocs\app-asvl\app\Controllers\User.php(37): view('user/register')
#5 C:\xampp\htdocs\app-asvl\system\CodeIgniter.php(832): App\Controllers\User->register()
#6 C:\xampp\htdocs\app-asvl\system\CodeIgniter.php(419): CodeIgniter\CodeIgniter->runController(Object(App\Controllers\User))
#7 C:\xampp\htdocs\app-asvl\system\CodeIgniter.php(326): CodeIgniter\CodeIgniter->handleRequest(NULL, Object(Config\Cache), false)
#8 C:\xampp\htdocs\app-asvl\public\index.php(37): CodeIgniter\CodeIgniter->run()
#9 {main}
CRITICAL - 2022-04-18 21:42:12 --> Undefined variable $errors
#0 C:\xampp\htdocs\app-asvl\app\Views\user\register.php(24): CodeIgniter\Debug\Exceptions->errorHandler(2, 'Undefined varia...', 'C:\\xampp\\htdocs...', 24)
#1 C:\xampp\htdocs\app-asvl\system\View\View.php(210): include('C:\\xampp\\htdocs...')
#2 C:\xampp\htdocs\app-asvl\system\View\View.php(213): CodeIgniter\View\View->CodeIgniter\View\{closure}()
#3 C:\xampp\htdocs\app-asvl\system\Common.php(1089): CodeIgniter\View\View->render('user/register', Array, true)
#4 C:\xampp\htdocs\app-asvl\app\Controllers\User.php(37): view('user/register')
#5 C:\xampp\htdocs\app-asvl\system\CodeIgniter.php(832): App\Controllers\User->register()
#6 C:\xampp\htdocs\app-asvl\system\CodeIgniter.php(419): CodeIgniter\CodeIgniter->runController(Object(App\Controllers\User))
#7 C:\xampp\htdocs\app-asvl\system\CodeIgniter.php(326): CodeIgniter\CodeIgniter->handleRequest(NULL, Object(Config\Cache), false)
#8 C:\xampp\htdocs\app-asvl\public\index.php(37): CodeIgniter\CodeIgniter->run()
#9 {main}
CRITICAL - 2022-04-18 21:42:32 --> Undefined variable $errors
#0 C:\xampp\htdocs\app-asvl\app\Views\user\register.php(24): CodeIgniter\Debug\Exceptions->errorHandler(2, 'Undefined varia...', 'C:\\xampp\\htdocs...', 24)
#1 C:\xampp\htdocs\app-asvl\system\View\View.php(210): include('C:\\xampp\\htdocs...')
#2 C:\xampp\htdocs\app-asvl\system\View\View.php(213): CodeIgniter\View\View->CodeIgniter\View\{closure}()
#3 C:\xampp\htdocs\app-asvl\system\Common.php(1089): CodeIgniter\View\View->render('user/register', Array, true)
#4 C:\xampp\htdocs\app-asvl\app\Controllers\User.php(37): view('user/register')
#5 C:\xampp\htdocs\app-asvl\system\CodeIgniter.php(832): App\Controllers\User->register()
#6 C:\xampp\htdocs\app-asvl\system\CodeIgniter.php(419): CodeIgniter\CodeIgniter->runController(Object(App\Controllers\User))
#7 C:\xampp\htdocs\app-asvl\system\CodeIgniter.php(326): CodeIgniter\CodeIgniter->handleRequest(NULL, Object(Config\Cache), false)
#8 C:\xampp\htdocs\app-asvl\public\index.php(37): CodeIgniter\CodeIgniter->run()
#9 {main}
CRITICAL - 2022-04-18 21:45:23 --> register is not a valid Validation template.
#0 C:\xampp\htdocs\app-asvl\system\Validation\Validation.php(485): CodeIgniter\Validation\Exceptions\ValidationException::forInvalidTemplate('register')
#1 C:\xampp\htdocs\app-asvl\app\Controllers\User.php(52): CodeIgniter\Validation\Validation->listErrors('register')
#2 C:\xampp\htdocs\app-asvl\system\CodeIgniter.php(832): App\Controllers\User->verifyRegister()
#3 C:\xampp\htdocs\app-asvl\system\CodeIgniter.php(419): CodeIgniter\CodeIgniter->runController(Object(App\Controllers\User))
#4 C:\xampp\htdocs\app-asvl\system\CodeIgniter.php(326): CodeIgniter\CodeIgniter->handleRequest(NULL, Object(Config\Cache), false)
#5 C:\xampp\htdocs\app-asvl\public\index.php(37): CodeIgniter\CodeIgniter->run()
#6 {main}
CRITICAL - 2022-04-18 21:45:26 --> register is not a valid Validation template.
#0 C:\xampp\htdocs\app-asvl\system\Validation\Validation.php(485): CodeIgniter\Validation\Exceptions\ValidationException::forInvalidTemplate('register')
#1 C:\xampp\htdocs\app-asvl\app\Controllers\User.php(52): CodeIgniter\Validation\Validation->listErrors('register')
#2 C:\xampp\htdocs\app-asvl\system\CodeIgniter.php(832): App\Controllers\User->verifyRegister()
#3 C:\xampp\htdocs\app-asvl\system\CodeIgniter.php(419): CodeIgniter\CodeIgniter->runController(Object(App\Controllers\User))
#4 C:\xampp\htdocs\app-asvl\system\CodeIgniter.php(326): CodeIgniter\CodeIgniter->handleRequest(NULL, Object(Config\Cache), false)
#5 C:\xampp\htdocs\app-asvl\public\index.php(37): CodeIgniter\CodeIgniter->run()
#6 {main}
CRITICAL - 2022-04-18 21:45:49 --> register is not a valid Validation template.
#0 C:\xampp\htdocs\app-asvl\system\Validation\Validation.php(485): CodeIgniter\Validation\Exceptions\ValidationException::forInvalidTemplate('register')
#1 C:\xampp\htdocs\app-asvl\app\Controllers\User.php(52): CodeIgniter\Validation\Validation->listErrors('register')
#2 C:\xampp\htdocs\app-asvl\system\CodeIgniter.php(832): App\Controllers\User->verifyRegister()
#3 C:\xampp\htdocs\app-asvl\system\CodeIgniter.php(419): CodeIgniter\CodeIgniter->runController(Object(App\Controllers\User))
#4 C:\xampp\htdocs\app-asvl\system\CodeIgniter.php(326): CodeIgniter\CodeIgniter->handleRequest(NULL, Object(Config\Cache), false)
#5 C:\xampp\htdocs\app-asvl\public\index.php(37): CodeIgniter\CodeIgniter->run()
#6 {main}
CRITICAL - 2022-04-18 21:47:57 --> Invalid file: _errors.php
#0 C:\xampp\htdocs\app-asvl\system\View\View.php(198): CodeIgniter\Exceptions\FrameworkException::forInvalidFile('_errors.php')
#1 C:\xampp\htdocs\app-asvl\system\Validation\Validation.php(490): CodeIgniter\View\View->render('_errors')
#2 C:\xampp\htdocs\app-asvl\app\Controllers\User.php(52): CodeIgniter\Validation\Validation->listErrors('register')
#3 C:\xampp\htdocs\app-asvl\system\CodeIgniter.php(832): App\Controllers\User->verifyRegister()
#4 C:\xampp\htdocs\app-asvl\system\CodeIgniter.php(419): CodeIgniter\CodeIgniter->runController(Object(App\Controllers\User))
#5 C:\xampp\htdocs\app-asvl\system\CodeIgniter.php(326): CodeIgniter\CodeIgniter->handleRequest(NULL, Object(Config\Cache), false)
#6 C:\xampp\htdocs\app-asvl\public\index.php(37): CodeIgniter\CodeIgniter->run()
#7 {main}
