CRITICAL - 2022-04-30 20:32:55 --> Array to string conversion
#0 C:\xampp\htdocs\app-asvl\app\Views\link\create.php(15): CodeIgniter\Debug\Exceptions->errorHandler(2, 'Array to string...', 'C:\\xampp\\htdocs...', 15)
#1 C:\xampp\htdocs\app-asvl\system\View\View.php(210): include('C:\\xampp\\htdocs...')
#2 C:\xampp\htdocs\app-asvl\system\View\View.php(213): CodeIgniter\View\View->CodeIgniter\View\{closure}()
#3 C:\xampp\htdocs\app-asvl\system\Common.php(1089): CodeIgniter\View\View->render('link/create', Array, true)
#4 C:\xampp\htdocs\app-asvl\app\Controllers\Link.php(62): view('link/create', Array)
#5 C:\xampp\htdocs\app-asvl\system\CodeIgniter.php(832): App\Controllers\Link->create()
#6 C:\xampp\htdocs\app-asvl\system\CodeIgniter.php(419): CodeIgniter\CodeIgniter->runController(Object(App\Controllers\Link))
#7 C:\xampp\htdocs\app-asvl\system\CodeIgniter.php(326): CodeIgniter\CodeIgniter->handleRequest(NULL, Object(Config\Cache), false)
#8 C:\xampp\htdocs\app-asvl\public\index.php(37): CodeIgniter\CodeIgniter->run()
#9 {main}
CRITICAL - 2022-04-30 20:39:22 --> Array to string conversion
#0 C:\xampp\htdocs\app-asvl\app\Views\link\create.php(15): CodeIgniter\Debug\Exceptions->errorHandler(2, 'Array to string...', 'C:\\xampp\\htdocs...', 15)
#1 C:\xampp\htdocs\app-asvl\system\View\View.php(210): include('C:\\xampp\\htdocs...')
#2 C:\xampp\htdocs\app-asvl\system\View\View.php(213): CodeIgniter\View\View->CodeIgniter\View\{closure}()
#3 C:\xampp\htdocs\app-asvl\system\Common.php(1089): CodeIgniter\View\View->render('link/create', Array, true)
#4 C:\xampp\htdocs\app-asvl\app\Controllers\Link.php(62): view('link/create', Array)
#5 C:\xampp\htdocs\app-asvl\system\CodeIgniter.php(832): App\Controllers\Link->create()
#6 C:\xampp\htdocs\app-asvl\system\CodeIgniter.php(419): CodeIgniter\CodeIgniter->runController(Object(App\Controllers\Link))
#7 C:\xampp\htdocs\app-asvl\system\CodeIgniter.php(326): CodeIgniter\CodeIgniter->handleRequest(NULL, Object(Config\Cache), false)
#8 C:\xampp\htdocs\app-asvl\public\index.php(37): CodeIgniter\CodeIgniter->run()
#9 {main}
CRITICAL - 2022-04-30 20:40:44 --> Array to string conversion
#0 C:\xampp\htdocs\app-asvl\app\Views\link\create.php(15): CodeIgniter\Debug\Exceptions->errorHandler(2, 'Array to string...', 'C:\\xampp\\htdocs...', 15)
#1 C:\xampp\htdocs\app-asvl\system\View\View.php(210): include('C:\\xampp\\htdocs...')
#2 C:\xampp\htdocs\app-asvl\system\View\View.php(213): CodeIgniter\View\View->CodeIgniter\View\{closure}()
#3 C:\xampp\htdocs\app-asvl\system\Common.php(1089): CodeIgniter\View\View->render('link/create', Array, true)
#4 C:\xampp\htdocs\app-asvl\app\Controllers\Link.php(62): view('link/create', Array)
#5 C:\xampp\htdocs\app-asvl\system\CodeIgniter.php(832): App\Controllers\Link->create()
#6 C:\xampp\htdocs\app-asvl\system\CodeIgniter.php(419): CodeIgniter\CodeIgniter->runController(Object(App\Controllers\Link))
#7 C:\xampp\htdocs\app-asvl\system\CodeIgniter.php(326): CodeIgniter\CodeIgniter->handleRequest(NULL, Object(Config\Cache), false)
#8 C:\xampp\htdocs\app-asvl\public\index.php(37): CodeIgniter\CodeIgniter->run()
#9 {main}
CRITICAL - 2022-04-30 20:49:15 --> Array to string conversion
#0 C:\xampp\htdocs\app-asvl\app\Views\link\create.php(15): CodeIgniter\Debug\Exceptions->errorHandler(2, 'Array to string...', 'C:\\xampp\\htdocs...', 15)
#1 C:\xampp\htdocs\app-asvl\system\View\View.php(210): include('C:\\xampp\\htdocs...')
#2 C:\xampp\htdocs\app-asvl\system\View\View.php(213): CodeIgniter\View\View->CodeIgniter\View\{closure}()
#3 C:\xampp\htdocs\app-asvl\system\Common.php(1089): CodeIgniter\View\View->render('link/create', Array, true)
#4 C:\xampp\htdocs\app-asvl\app\Controllers\Link.php(62): view('link/create', Array)
#5 C:\xampp\htdocs\app-asvl\system\CodeIgniter.php(832): App\Controllers\Link->create()
#6 C:\xampp\htdocs\app-asvl\system\CodeIgniter.php(419): CodeIgniter\CodeIgniter->runController(Object(App\Controllers\Link))
#7 C:\xampp\htdocs\app-asvl\system\CodeIgniter.php(326): CodeIgniter\CodeIgniter->handleRequest(NULL, Object(Config\Cache), false)
#8 C:\xampp\htdocs\app-asvl\public\index.php(37): CodeIgniter\CodeIgniter->run()
#9 {main}
CRITICAL - 2022-04-30 20:49:44 --> Array to string conversion
#0 C:\xampp\htdocs\app-asvl\app\Views\link\create.php(15): CodeIgniter\Debug\Exceptions->errorHandler(2, 'Array to string...', 'C:\\xampp\\htdocs...', 15)
#1 C:\xampp\htdocs\app-asvl\system\View\View.php(210): include('C:\\xampp\\htdocs...')
#2 C:\xampp\htdocs\app-asvl\system\View\View.php(213): CodeIgniter\View\View->CodeIgniter\View\{closure}()
#3 C:\xampp\htdocs\app-asvl\system\Common.php(1089): CodeIgniter\View\View->render('link/create', Array, true)
#4 C:\xampp\htdocs\app-asvl\app\Controllers\Link.php(62): view('link/create', Array)
#5 C:\xampp\htdocs\app-asvl\system\CodeIgniter.php(832): App\Controllers\Link->create()
#6 C:\xampp\htdocs\app-asvl\system\CodeIgniter.php(419): CodeIgniter\CodeIgniter->runController(Object(App\Controllers\Link))
#7 C:\xampp\htdocs\app-asvl\system\CodeIgniter.php(326): CodeIgniter\CodeIgniter->handleRequest(NULL, Object(Config\Cache), false)
#8 C:\xampp\htdocs\app-asvl\public\index.php(37): CodeIgniter\CodeIgniter->run()
#9 {main}
CRITICAL - 2022-04-30 20:51:20 --> Array to string conversion
#0 C:\xampp\htdocs\app-asvl\app\Views\link\create.php(15): CodeIgniter\Debug\Exceptions->errorHandler(2, 'Array to string...', 'C:\\xampp\\htdocs...', 15)
#1 C:\xampp\htdocs\app-asvl\system\View\View.php(210): include('C:\\xampp\\htdocs...')
#2 C:\xampp\htdocs\app-asvl\system\View\View.php(213): CodeIgniter\View\View->CodeIgniter\View\{closure}()
#3 C:\xampp\htdocs\app-asvl\system\Common.php(1089): CodeIgniter\View\View->render('link/create', Array, true)
#4 C:\xampp\htdocs\app-asvl\app\Controllers\Link.php(62): view('link/create', Array)
#5 C:\xampp\htdocs\app-asvl\system\CodeIgniter.php(832): App\Controllers\Link->create()
#6 C:\xampp\htdocs\app-asvl\system\CodeIgniter.php(419): CodeIgniter\CodeIgniter->runController(Object(App\Controllers\Link))
#7 C:\xampp\htdocs\app-asvl\system\CodeIgniter.php(326): CodeIgniter\CodeIgniter->handleRequest(NULL, Object(Config\Cache), false)
#8 C:\xampp\htdocs\app-asvl\public\index.php(37): CodeIgniter\CodeIgniter->run()
#9 {main}
CRITICAL - 2022-04-30 20:53:43 --> CodeIgniter\Validation\Validation::setRules(): Argument #1 ($rules) must be of type array, null given, called in C:\xampp\htdocs\app-asvl\system\Controller.php on line 160
#0 C:\xampp\htdocs\app-asvl\system\Controller.php(160): CodeIgniter\Validation\Validation->setRules(NULL, Array)
#1 C:\xampp\htdocs\app-asvl\app\Controllers\Link.php(68): CodeIgniter\Controller->validate(NULL)
#2 C:\xampp\htdocs\app-asvl\system\CodeIgniter.php(832): App\Controllers\Link->saveLink()
#3 C:\xampp\htdocs\app-asvl\system\CodeIgniter.php(419): CodeIgniter\CodeIgniter->runController(Object(App\Controllers\Link))
#4 C:\xampp\htdocs\app-asvl\system\CodeIgniter.php(326): CodeIgniter\CodeIgniter->handleRequest(NULL, Object(Config\Cache), false)
#5 C:\xampp\htdocs\app-asvl\public\index.php(37): CodeIgniter\CodeIgniter->run()
#6 {main}
CRITICAL - 2022-04-30 20:57:15 --> CodeIgniter\Validation\Validation::setRules(): Argument #1 ($rules) must be of type array, null given, called in C:\xampp\htdocs\app-asvl\system\Controller.php on line 160
#0 C:\xampp\htdocs\app-asvl\system\Controller.php(160): CodeIgniter\Validation\Validation->setRules(NULL, Array)
#1 C:\xampp\htdocs\app-asvl\app\Controllers\Link.php(68): CodeIgniter\Controller->validate(NULL)
#2 C:\xampp\htdocs\app-asvl\system\CodeIgniter.php(832): App\Controllers\Link->saveLink()
#3 C:\xampp\htdocs\app-asvl\system\CodeIgniter.php(419): CodeIgniter\CodeIgniter->runController(Object(App\Controllers\Link))
#4 C:\xampp\htdocs\app-asvl\system\CodeIgniter.php(326): CodeIgniter\CodeIgniter->handleRequest(NULL, Object(Config\Cache), false)
#5 C:\xampp\htdocs\app-asvl\public\index.php(37): CodeIgniter\CodeIgniter->run()
#6 {main}
ERROR - 2022-04-30 20:58:29 --> Column 'id_category_link' cannot be null
CRITICAL - 2022-04-30 20:58:29 --> Column 'id_category_link' cannot be null
#0 C:\xampp\htdocs\app-asvl\system\Database\MySQLi\Connection.php(292): mysqli->query('INSERT INTO `li...', 0)
#1 C:\xampp\htdocs\app-asvl\system\Database\BaseConnection.php(670): CodeIgniter\Database\MySQLi\Connection->execute('INSERT INTO `li...')
#2 C:\xampp\htdocs\app-asvl\system\Database\BaseConnection.php(598): CodeIgniter\Database\BaseConnection->simpleQuery('INSERT INTO `li...')
#3 C:\xampp\htdocs\app-asvl\system\Database\BaseBuilder.php(1771): CodeIgniter\Database\BaseConnection->query('INSERT INTO `li...', Array, false)
#4 C:\xampp\htdocs\app-asvl\system\Model.php(239): CodeIgniter\Database\BaseBuilder->insert()
#5 C:\xampp\htdocs\app-asvl\system\BaseModel.php(738): CodeIgniter\Model->doInsert(Array)
#6 C:\xampp\htdocs\app-asvl\system\Model.php(625): CodeIgniter\BaseModel->insert(Array, false)
#7 C:\xampp\htdocs\app-asvl\system\BaseModel.php(658): CodeIgniter\Model->insert(Array, false)
#8 C:\xampp\htdocs\app-asvl\app\Controllers\Link.php(77): CodeIgniter\BaseModel->save(Array)
#9 C:\xampp\htdocs\app-asvl\system\CodeIgniter.php(832): App\Controllers\Link->saveLink()
#10 C:\xampp\htdocs\app-asvl\system\CodeIgniter.php(419): CodeIgniter\CodeIgniter->runController(Object(App\Controllers\Link))
#11 C:\xampp\htdocs\app-asvl\system\CodeIgniter.php(326): CodeIgniter\CodeIgniter->handleRequest(NULL, Object(Config\Cache), false)
#12 C:\xampp\htdocs\app-asvl\public\index.php(37): CodeIgniter\CodeIgniter->run()
#13 {main}
ERROR - 2022-04-30 20:58:33 --> Column 'id_category_link' cannot be null
CRITICAL - 2022-04-30 20:58:33 --> Column 'id_category_link' cannot be null
#0 C:\xampp\htdocs\app-asvl\system\Database\MySQLi\Connection.php(292): mysqli->query('INSERT INTO `li...', 0)
#1 C:\xampp\htdocs\app-asvl\system\Database\BaseConnection.php(670): CodeIgniter\Database\MySQLi\Connection->execute('INSERT INTO `li...')
#2 C:\xampp\htdocs\app-asvl\system\Database\BaseConnection.php(598): CodeIgniter\Database\BaseConnection->simpleQuery('INSERT INTO `li...')
#3 C:\xampp\htdocs\app-asvl\system\Database\BaseBuilder.php(1771): CodeIgniter\Database\BaseConnection->query('INSERT INTO `li...', Array, false)
#4 C:\xampp\htdocs\app-asvl\system\Model.php(239): CodeIgniter\Database\BaseBuilder->insert()
#5 C:\xampp\htdocs\app-asvl\system\BaseModel.php(738): CodeIgniter\Model->doInsert(Array)
#6 C:\xampp\htdocs\app-asvl\system\Model.php(625): CodeIgniter\BaseModel->insert(Array, false)
#7 C:\xampp\htdocs\app-asvl\system\BaseModel.php(658): CodeIgniter\Model->insert(Array, false)
#8 C:\xampp\htdocs\app-asvl\app\Controllers\Link.php(77): CodeIgniter\BaseModel->save(Array)
#9 C:\xampp\htdocs\app-asvl\system\CodeIgniter.php(832): App\Controllers\Link->saveLink()
#10 C:\xampp\htdocs\app-asvl\system\CodeIgniter.php(419): CodeIgniter\CodeIgniter->runController(Object(App\Controllers\Link))
#11 C:\xampp\htdocs\app-asvl\system\CodeIgniter.php(326): CodeIgniter\CodeIgniter->handleRequest(NULL, Object(Config\Cache), false)
#12 C:\xampp\htdocs\app-asvl\public\index.php(37): CodeIgniter\CodeIgniter->run()
#13 {main}
ERROR - 2022-04-30 20:59:38 --> Column 'id_category_link' cannot be null
CRITICAL - 2022-04-30 20:59:38 --> Column 'id_category_link' cannot be null
#0 C:\xampp\htdocs\app-asvl\system\Database\MySQLi\Connection.php(292): mysqli->query('INSERT INTO `li...', 0)
#1 C:\xampp\htdocs\app-asvl\system\Database\BaseConnection.php(670): CodeIgniter\Database\MySQLi\Connection->execute('INSERT INTO `li...')
#2 C:\xampp\htdocs\app-asvl\system\Database\BaseConnection.php(598): CodeIgniter\Database\BaseConnection->simpleQuery('INSERT INTO `li...')
#3 C:\xampp\htdocs\app-asvl\system\Database\BaseBuilder.php(1771): CodeIgniter\Database\BaseConnection->query('INSERT INTO `li...', Array, false)
#4 C:\xampp\htdocs\app-asvl\system\Model.php(239): CodeIgniter\Database\BaseBuilder->insert()
#5 C:\xampp\htdocs\app-asvl\system\BaseModel.php(738): CodeIgniter\Model->doInsert(Array)
#6 C:\xampp\htdocs\app-asvl\system\Model.php(625): CodeIgniter\BaseModel->insert(Array, false)
#7 C:\xampp\htdocs\app-asvl\system\BaseModel.php(658): CodeIgniter\Model->insert(Array, false)
#8 C:\xampp\htdocs\app-asvl\app\Controllers\Link.php(77): CodeIgniter\BaseModel->save(Array)
#9 C:\xampp\htdocs\app-asvl\system\CodeIgniter.php(832): App\Controllers\Link->saveLink()
#10 C:\xampp\htdocs\app-asvl\system\CodeIgniter.php(419): CodeIgniter\CodeIgniter->runController(Object(App\Controllers\Link))
#11 C:\xampp\htdocs\app-asvl\system\CodeIgniter.php(326): CodeIgniter\CodeIgniter->handleRequest(NULL, Object(Config\Cache), false)
#12 C:\xampp\htdocs\app-asvl\public\index.php(37): CodeIgniter\CodeIgniter->run()
#13 {main}
ERROR - 2022-04-30 21:00:14 --> Column 'id_category_link' cannot be null
CRITICAL - 2022-04-30 21:00:14 --> Column 'id_category_link' cannot be null
#0 C:\xampp\htdocs\app-asvl\system\Database\MySQLi\Connection.php(292): mysqli->query('INSERT INTO `li...', 0)
#1 C:\xampp\htdocs\app-asvl\system\Database\BaseConnection.php(670): CodeIgniter\Database\MySQLi\Connection->execute('INSERT INTO `li...')
#2 C:\xampp\htdocs\app-asvl\system\Database\BaseConnection.php(598): CodeIgniter\Database\BaseConnection->simpleQuery('INSERT INTO `li...')
#3 C:\xampp\htdocs\app-asvl\system\Database\BaseBuilder.php(1771): CodeIgniter\Database\BaseConnection->query('INSERT INTO `li...', Array, false)
#4 C:\xampp\htdocs\app-asvl\system\Model.php(239): CodeIgniter\Database\BaseBuilder->insert()
#5 C:\xampp\htdocs\app-asvl\system\BaseModel.php(738): CodeIgniter\Model->doInsert(Array)
#6 C:\xampp\htdocs\app-asvl\system\Model.php(625): CodeIgniter\BaseModel->insert(Array, false)
#7 C:\xampp\htdocs\app-asvl\system\BaseModel.php(658): CodeIgniter\Model->insert(Array, false)
#8 C:\xampp\htdocs\app-asvl\app\Controllers\Link.php(77): CodeIgniter\BaseModel->save(Array)
#9 C:\xampp\htdocs\app-asvl\system\CodeIgniter.php(832): App\Controllers\Link->saveLink()
#10 C:\xampp\htdocs\app-asvl\system\CodeIgniter.php(419): CodeIgniter\CodeIgniter->runController(Object(App\Controllers\Link))
#11 C:\xampp\htdocs\app-asvl\system\CodeIgniter.php(326): CodeIgniter\CodeIgniter->handleRequest(NULL, Object(Config\Cache), false)
#12 C:\xampp\htdocs\app-asvl\public\index.php(37): CodeIgniter\CodeIgniter->run()
#13 {main}
ERROR - 2022-04-30 21:00:26 --> Column 'id_category_link' cannot be null
CRITICAL - 2022-04-30 21:00:26 --> Column 'id_category_link' cannot be null
#0 C:\xampp\htdocs\app-asvl\system\Database\MySQLi\Connection.php(292): mysqli->query('INSERT INTO `li...', 0)
#1 C:\xampp\htdocs\app-asvl\system\Database\BaseConnection.php(670): CodeIgniter\Database\MySQLi\Connection->execute('INSERT INTO `li...')
#2 C:\xampp\htdocs\app-asvl\system\Database\BaseConnection.php(598): CodeIgniter\Database\BaseConnection->simpleQuery('INSERT INTO `li...')
#3 C:\xampp\htdocs\app-asvl\system\Database\BaseBuilder.php(1771): CodeIgniter\Database\BaseConnection->query('INSERT INTO `li...', Array, false)
#4 C:\xampp\htdocs\app-asvl\system\Model.php(239): CodeIgniter\Database\BaseBuilder->insert()
#5 C:\xampp\htdocs\app-asvl\system\BaseModel.php(738): CodeIgniter\Model->doInsert(Array)
#6 C:\xampp\htdocs\app-asvl\system\Model.php(625): CodeIgniter\BaseModel->insert(Array, false)
#7 C:\xampp\htdocs\app-asvl\system\BaseModel.php(658): CodeIgniter\Model->insert(Array, false)
#8 C:\xampp\htdocs\app-asvl\app\Controllers\Link.php(77): CodeIgniter\BaseModel->save(Array)
#9 C:\xampp\htdocs\app-asvl\system\CodeIgniter.php(832): App\Controllers\Link->saveLink()
#10 C:\xampp\htdocs\app-asvl\system\CodeIgniter.php(419): CodeIgniter\CodeIgniter->runController(Object(App\Controllers\Link))
#11 C:\xampp\htdocs\app-asvl\system\CodeIgniter.php(326): CodeIgniter\CodeIgniter->handleRequest(NULL, Object(Config\Cache), false)
#12 C:\xampp\htdocs\app-asvl\public\index.php(37): CodeIgniter\CodeIgniter->run()
#13 {main}
CRITICAL - 2022-04-30 21:17:08 --> Call to undefined function App\Controllers\activateMenuItem()
#0 C:\xampp\htdocs\app-asvl\system\CodeIgniter.php(832): App\Controllers\Category->index()
#1 C:\xampp\htdocs\app-asvl\system\CodeIgniter.php(419): CodeIgniter\CodeIgniter->runController(Object(App\Controllers\Category))
#2 C:\xampp\htdocs\app-asvl\system\CodeIgniter.php(326): CodeIgniter\CodeIgniter->handleRequest(NULL, Object(Config\Cache), false)
#3 C:\xampp\htdocs\app-asvl\public\index.php(37): CodeIgniter\CodeIgniter->run()
#4 {main}
CRITICAL - 2022-04-30 21:17:32 --> Call to undefined function App\Controllers\activateMenuItem()
#0 C:\xampp\htdocs\app-asvl\system\CodeIgniter.php(832): App\Controllers\Category->index()
#1 C:\xampp\htdocs\app-asvl\system\CodeIgniter.php(419): CodeIgniter\CodeIgniter->runController(Object(App\Controllers\Category))
#2 C:\xampp\htdocs\app-asvl\system\CodeIgniter.php(326): CodeIgniter\CodeIgniter->handleRequest(NULL, Object(Config\Cache), false)
#3 C:\xampp\htdocs\app-asvl\public\index.php(37): CodeIgniter\CodeIgniter->run()
#4 {main}
