CRITICAL - 2022-04-24 14:28:15 --> Undefined variable $active_session
#0 C:\xampp\htdocs\app-asvl\app\Views\link\index.php(2): CodeIgniter\Debug\Exceptions->errorHandler(2, 'Undefined varia...', 'C:\\xampp\\htdocs...', 2)
#1 C:\xampp\htdocs\app-asvl\system\View\View.php(210): include('C:\\xampp\\htdocs...')
#2 C:\xampp\htdocs\app-asvl\system\View\View.php(213): CodeIgniter\View\View->CodeIgniter\View\{closure}()
#3 C:\xampp\htdocs\app-asvl\system\Common.php(1089): CodeIgniter\View\View->render('link/index', Array, true)
#4 C:\xampp\htdocs\app-asvl\app\Controllers\Link.php(27): view('link/index', Array)
#5 C:\xampp\htdocs\app-asvl\system\CodeIgniter.php(832): App\Controllers\Link->index()
#6 C:\xampp\htdocs\app-asvl\system\CodeIgniter.php(419): CodeIgniter\CodeIgniter->runController(Object(App\Controllers\Link))
#7 C:\xampp\htdocs\app-asvl\system\CodeIgniter.php(326): CodeIgniter\CodeIgniter->handleRequest(NULL, Object(Config\Cache), false)
#8 C:\xampp\htdocs\app-asvl\public\index.php(37): CodeIgniter\CodeIgniter->run()
#9 {main}
CRITICAL - 2022-04-24 14:28:17 --> Undefined variable $active_session
#0 C:\xampp\htdocs\app-asvl\app\Views\link\index.php(2): CodeIgniter\Debug\Exceptions->errorHandler(2, 'Undefined varia...', 'C:\\xampp\\htdocs...', 2)
#1 C:\xampp\htdocs\app-asvl\system\View\View.php(210): include('C:\\xampp\\htdocs...')
#2 C:\xampp\htdocs\app-asvl\system\View\View.php(213): CodeIgniter\View\View->CodeIgniter\View\{closure}()
#3 C:\xampp\htdocs\app-asvl\system\Common.php(1089): CodeIgniter\View\View->render('link/index', Array, true)
#4 C:\xampp\htdocs\app-asvl\app\Controllers\Link.php(27): view('link/index', Array)
#5 C:\xampp\htdocs\app-asvl\system\CodeIgniter.php(832): App\Controllers\Link->index()
#6 C:\xampp\htdocs\app-asvl\system\CodeIgniter.php(419): CodeIgniter\CodeIgniter->runController(Object(App\Controllers\Link))
#7 C:\xampp\htdocs\app-asvl\system\CodeIgniter.php(326): CodeIgniter\CodeIgniter->handleRequest(NULL, Object(Config\Cache), false)
#8 C:\xampp\htdocs\app-asvl\public\index.php(37): CodeIgniter\CodeIgniter->run()
#9 {main}
CRITICAL - 2022-04-24 14:48:33 --> 'continue' not in the 'loop' or 'switch' context
#0 [internal function]: CodeIgniter\Debug\Exceptions->shutdownHandler()
#1 {main}
CRITICAL - 2022-04-24 14:49:04 --> 'continue' not in the 'loop' or 'switch' context
#0 [internal function]: CodeIgniter\Debug\Exceptions->shutdownHandler()
#1 {main}
CRITICAL - 2022-04-24 14:49:05 --> 'continue' not in the 'loop' or 'switch' context
#0 [internal function]: CodeIgniter\Debug\Exceptions->shutdownHandler()
#1 {main}
CRITICAL - 2022-04-24 14:49:06 --> 'continue' not in the 'loop' or 'switch' context
#0 [internal function]: CodeIgniter\Debug\Exceptions->shutdownHandler()
#1 {main}
CRITICAL - 2022-04-24 15:02:50 --> Undefined variable $active_login
#0 C:\xampp\htdocs\app-asvl\app\Views\link\index.php(2): CodeIgniter\Debug\Exceptions->errorHandler(2, 'Undefined varia...', 'C:\\xampp\\htdocs...', 2)
#1 C:\xampp\htdocs\app-asvl\system\View\View.php(210): include('C:\\xampp\\htdocs...')
#2 C:\xampp\htdocs\app-asvl\system\View\View.php(213): CodeIgniter\View\View->CodeIgniter\View\{closure}()
#3 C:\xampp\htdocs\app-asvl\system\Common.php(1089): CodeIgniter\View\View->render('link/index', Array, true)
#4 C:\xampp\htdocs\app-asvl\app\Controllers\Link.php(24): view('link/index', Array)
#5 C:\xampp\htdocs\app-asvl\system\CodeIgniter.php(832): App\Controllers\Link->index()
#6 C:\xampp\htdocs\app-asvl\system\CodeIgniter.php(419): CodeIgniter\CodeIgniter->runController(Object(App\Controllers\Link))
#7 C:\xampp\htdocs\app-asvl\system\CodeIgniter.php(326): CodeIgniter\CodeIgniter->handleRequest(NULL, Object(Config\Cache), false)
#8 C:\xampp\htdocs\app-asvl\public\index.php(37): CodeIgniter\CodeIgniter->run()
#9 {main}
CRITICAL - 2022-04-24 17:38:31 --> Call to undefined function App\Controllers\activateMenuItem()
#0 C:\xampp\htdocs\app-asvl\system\CodeIgniter.php(832): App\Controllers\Link->index()
#1 C:\xampp\htdocs\app-asvl\system\CodeIgniter.php(419): CodeIgniter\CodeIgniter->runController(Object(App\Controllers\Link))
#2 C:\xampp\htdocs\app-asvl\system\CodeIgniter.php(326): CodeIgniter\CodeIgniter->handleRequest(NULL, Object(Config\Cache), false)
#3 C:\xampp\htdocs\app-asvl\public\index.php(37): CodeIgniter\CodeIgniter->run()
#4 {main}
CRITICAL - 2022-04-24 17:38:55 --> Call to undefined function App\Controllers\activateMenuItem()
#0 C:\xampp\htdocs\app-asvl\system\CodeIgniter.php(832): App\Controllers\Link->index()
#1 C:\xampp\htdocs\app-asvl\system\CodeIgniter.php(419): CodeIgniter\CodeIgniter->runController(Object(App\Controllers\Link))
#2 C:\xampp\htdocs\app-asvl\system\CodeIgniter.php(326): CodeIgniter\CodeIgniter->handleRequest(NULL, Object(Config\Cache), false)
#3 C:\xampp\htdocs\app-asvl\public\index.php(37): CodeIgniter\CodeIgniter->run()
#4 {main}
CRITICAL - 2022-04-24 17:38:57 --> Call to undefined function App\Controllers\activateMenuItem()
#0 C:\xampp\htdocs\app-asvl\system\CodeIgniter.php(832): App\Controllers\Link->index()
#1 C:\xampp\htdocs\app-asvl\system\CodeIgniter.php(419): CodeIgniter\CodeIgniter->runController(Object(App\Controllers\Link))
#2 C:\xampp\htdocs\app-asvl\system\CodeIgniter.php(326): CodeIgniter\CodeIgniter->handleRequest(NULL, Object(Config\Cache), false)
#3 C:\xampp\htdocs\app-asvl\public\index.php(37): CodeIgniter\CodeIgniter->run()
#4 {main}
CRITICAL - 2022-04-24 17:40:25 --> Call to undefined function App\Controllers\activateMenuItem()
#0 C:\xampp\htdocs\app-asvl\system\CodeIgniter.php(832): App\Controllers\Link->index()
#1 C:\xampp\htdocs\app-asvl\system\CodeIgniter.php(419): CodeIgniter\CodeIgniter->runController(Object(App\Controllers\Link))
#2 C:\xampp\htdocs\app-asvl\system\CodeIgniter.php(326): CodeIgniter\CodeIgniter->handleRequest(NULL, Object(Config\Cache), false)
#3 C:\xampp\htdocs\app-asvl\public\index.php(37): CodeIgniter\CodeIgniter->run()
#4 {main}
CRITICAL - 2022-04-24 17:40:28 --> Call to undefined function App\Controllers\activateMenuItem()
#0 C:\xampp\htdocs\app-asvl\system\CodeIgniter.php(832): App\Controllers\Link->index()
#1 C:\xampp\htdocs\app-asvl\system\CodeIgniter.php(419): CodeIgniter\CodeIgniter->runController(Object(App\Controllers\Link))
#2 C:\xampp\htdocs\app-asvl\system\CodeIgniter.php(326): CodeIgniter\CodeIgniter->handleRequest(NULL, Object(Config\Cache), false)
#3 C:\xampp\htdocs\app-asvl\public\index.php(37): CodeIgniter\CodeIgniter->run()
#4 {main}
CRITICAL - 2022-04-24 17:41:27 --> Undefined variable $image_user
#0 C:\xampp\htdocs\app-asvl\app\Views\header.php(3): CodeIgniter\Debug\Exceptions->errorHandler(2, 'Undefined varia...', 'C:\\xampp\\htdocs...', 3)
#1 C:\xampp\htdocs\app-asvl\system\View\View.php(210): include('C:\\xampp\\htdocs...')
#2 C:\xampp\htdocs\app-asvl\system\View\View.php(213): CodeIgniter\View\View->CodeIgniter\View\{closure}()
#3 C:\xampp\htdocs\app-asvl\system\Common.php(1089): CodeIgniter\View\View->render('header', Array, true)
#4 C:\xampp\htdocs\app-asvl\app\Controllers\Link.php(29): view('header', Array)
#5 C:\xampp\htdocs\app-asvl\system\CodeIgniter.php(832): App\Controllers\Link->index()
#6 C:\xampp\htdocs\app-asvl\system\CodeIgniter.php(419): CodeIgniter\CodeIgniter->runController(Object(App\Controllers\Link))
#7 C:\xampp\htdocs\app-asvl\system\CodeIgniter.php(326): CodeIgniter\CodeIgniter->handleRequest(NULL, Object(Config\Cache), false)
#8 C:\xampp\htdocs\app-asvl\public\index.php(37): CodeIgniter\CodeIgniter->run()
#9 {main}
CRITICAL - 2022-04-24 17:43:30 --> Undefined variable $image_user
#0 C:\xampp\htdocs\app-asvl\app\Views\header.php(3): CodeIgniter\Debug\Exceptions->errorHandler(2, 'Undefined varia...', 'C:\\xampp\\htdocs...', 3)
#1 C:\xampp\htdocs\app-asvl\system\View\View.php(210): include('C:\\xampp\\htdocs...')
#2 C:\xampp\htdocs\app-asvl\system\View\View.php(213): CodeIgniter\View\View->CodeIgniter\View\{closure}()
#3 C:\xampp\htdocs\app-asvl\system\Common.php(1089): CodeIgniter\View\View->render('header', Array, true)
#4 C:\xampp\htdocs\app-asvl\app\Controllers\Link.php(29): view('header', Array)
#5 C:\xampp\htdocs\app-asvl\system\CodeIgniter.php(832): App\Controllers\Link->index()
#6 C:\xampp\htdocs\app-asvl\system\CodeIgniter.php(419): CodeIgniter\CodeIgniter->runController(Object(App\Controllers\Link))
#7 C:\xampp\htdocs\app-asvl\system\CodeIgniter.php(326): CodeIgniter\CodeIgniter->handleRequest(NULL, Object(Config\Cache), false)
#8 C:\xampp\htdocs\app-asvl\public\index.php(37): CodeIgniter\CodeIgniter->run()
#9 {main}
CRITICAL - 2022-04-24 17:43:47 --> Array to string conversion
#0 C:\xampp\htdocs\app-asvl\app\Views\header.php(3): CodeIgniter\Debug\Exceptions->errorHandler(2, 'Array to string...', 'C:\\xampp\\htdocs...', 3)
#1 C:\xampp\htdocs\app-asvl\system\View\View.php(210): include('C:\\xampp\\htdocs...')
#2 C:\xampp\htdocs\app-asvl\system\View\View.php(213): CodeIgniter\View\View->CodeIgniter\View\{closure}()
#3 C:\xampp\htdocs\app-asvl\system\Common.php(1089): CodeIgniter\View\View->render('header', Array, true)
#4 C:\xampp\htdocs\app-asvl\app\Controllers\Link.php(29): view('header', Array)
#5 C:\xampp\htdocs\app-asvl\system\CodeIgniter.php(832): App\Controllers\Link->index()
#6 C:\xampp\htdocs\app-asvl\system\CodeIgniter.php(419): CodeIgniter\CodeIgniter->runController(Object(App\Controllers\Link))
#7 C:\xampp\htdocs\app-asvl\system\CodeIgniter.php(326): CodeIgniter\CodeIgniter->handleRequest(NULL, Object(Config\Cache), false)
#8 C:\xampp\htdocs\app-asvl\public\index.php(37): CodeIgniter\CodeIgniter->run()
#9 {main}
CRITICAL - 2022-04-24 17:43:56 --> Undefined variable $username_user
#0 C:\xampp\htdocs\app-asvl\app\Views\header.php(43): CodeIgniter\Debug\Exceptions->errorHandler(2, 'Undefined varia...', 'C:\\xampp\\htdocs...', 43)
#1 C:\xampp\htdocs\app-asvl\system\View\View.php(210): include('C:\\xampp\\htdocs...')
#2 C:\xampp\htdocs\app-asvl\system\View\View.php(213): CodeIgniter\View\View->CodeIgniter\View\{closure}()
#3 C:\xampp\htdocs\app-asvl\system\Common.php(1089): CodeIgniter\View\View->render('header', Array, true)
#4 C:\xampp\htdocs\app-asvl\app\Controllers\Link.php(29): view('header', Array)
#5 C:\xampp\htdocs\app-asvl\system\CodeIgniter.php(832): App\Controllers\Link->index()
#6 C:\xampp\htdocs\app-asvl\system\CodeIgniter.php(419): CodeIgniter\CodeIgniter->runController(Object(App\Controllers\Link))
#7 C:\xampp\htdocs\app-asvl\system\CodeIgniter.php(326): CodeIgniter\CodeIgniter->handleRequest(NULL, Object(Config\Cache), false)
#8 C:\xampp\htdocs\app-asvl\public\index.php(37): CodeIgniter\CodeIgniter->run()
#9 {main}
CRITICAL - 2022-04-24 17:44:23 --> Undefined array key "img"
#0 C:\xampp\htdocs\app-asvl\app\Views\header.php(40): CodeIgniter\Debug\Exceptions->errorHandler(2, 'Undefined array...', 'C:\\xampp\\htdocs...', 40)
#1 C:\xampp\htdocs\app-asvl\system\View\View.php(210): include('C:\\xampp\\htdocs...')
#2 C:\xampp\htdocs\app-asvl\system\View\View.php(213): CodeIgniter\View\View->CodeIgniter\View\{closure}()
#3 C:\xampp\htdocs\app-asvl\system\Common.php(1089): CodeIgniter\View\View->render('header', Array, true)
#4 C:\xampp\htdocs\app-asvl\app\Controllers\Link.php(29): view('header', Array)
#5 C:\xampp\htdocs\app-asvl\system\CodeIgniter.php(832): App\Controllers\Link->index()
#6 C:\xampp\htdocs\app-asvl\system\CodeIgniter.php(419): CodeIgniter\CodeIgniter->runController(Object(App\Controllers\Link))
#7 C:\xampp\htdocs\app-asvl\system\CodeIgniter.php(326): CodeIgniter\CodeIgniter->handleRequest(NULL, Object(Config\Cache), false)
#8 C:\xampp\htdocs\app-asvl\public\index.php(37): CodeIgniter\CodeIgniter->run()
#9 {main}
CRITICAL - 2022-04-24 17:44:51 --> Undefined array key "img"
#0 C:\xampp\htdocs\app-asvl\app\Views\header.php(211): CodeIgniter\Debug\Exceptions->errorHandler(2, 'Undefined array...', 'C:\\xampp\\htdocs...', 211)
#1 C:\xampp\htdocs\app-asvl\system\View\View.php(210): include('C:\\xampp\\htdocs...')
#2 C:\xampp\htdocs\app-asvl\system\View\View.php(213): CodeIgniter\View\View->CodeIgniter\View\{closure}()
#3 C:\xampp\htdocs\app-asvl\system\Common.php(1089): CodeIgniter\View\View->render('header', Array, true)
#4 C:\xampp\htdocs\app-asvl\app\Controllers\Link.php(29): view('header', Array)
#5 C:\xampp\htdocs\app-asvl\system\CodeIgniter.php(832): App\Controllers\Link->index()
#6 C:\xampp\htdocs\app-asvl\system\CodeIgniter.php(419): CodeIgniter\CodeIgniter->runController(Object(App\Controllers\Link))
#7 C:\xampp\htdocs\app-asvl\system\CodeIgniter.php(326): CodeIgniter\CodeIgniter->handleRequest(NULL, Object(Config\Cache), false)
#8 C:\xampp\htdocs\app-asvl\public\index.php(37): CodeIgniter\CodeIgniter->run()
#9 {main}
CRITICAL - 2022-04-24 17:45:10 --> Array to string conversion
#0 C:\xampp\htdocs\app-asvl\app\Views\header.php(212): CodeIgniter\Debug\Exceptions->errorHandler(2, 'Array to string...', 'C:\\xampp\\htdocs...', 212)
#1 C:\xampp\htdocs\app-asvl\system\View\View.php(210): include('C:\\xampp\\htdocs...')
#2 C:\xampp\htdocs\app-asvl\system\View\View.php(213): CodeIgniter\View\View->CodeIgniter\View\{closure}()
#3 C:\xampp\htdocs\app-asvl\system\Common.php(1089): CodeIgniter\View\View->render('header', Array, true)
#4 C:\xampp\htdocs\app-asvl\app\Controllers\Link.php(29): view('header', Array)
#5 C:\xampp\htdocs\app-asvl\system\CodeIgniter.php(832): App\Controllers\Link->index()
#6 C:\xampp\htdocs\app-asvl\system\CodeIgniter.php(419): CodeIgniter\CodeIgniter->runController(Object(App\Controllers\Link))
#7 C:\xampp\htdocs\app-asvl\system\CodeIgniter.php(326): CodeIgniter\CodeIgniter->handleRequest(NULL, Object(Config\Cache), false)
#8 C:\xampp\htdocs\app-asvl\public\index.php(37): CodeIgniter\CodeIgniter->run()
#9 {main}
CRITICAL - 2022-04-24 17:46:16 --> Call to undefined function App\Controllers\activateMenuItem()
#0 C:\xampp\htdocs\app-asvl\system\CodeIgniter.php(832): App\Controllers\Link->index()
#1 C:\xampp\htdocs\app-asvl\system\CodeIgniter.php(419): CodeIgniter\CodeIgniter->runController(Object(App\Controllers\Link))
#2 C:\xampp\htdocs\app-asvl\system\CodeIgniter.php(326): CodeIgniter\CodeIgniter->handleRequest(NULL, Object(Config\Cache), false)
#3 C:\xampp\htdocs\app-asvl\public\index.php(37): CodeIgniter\CodeIgniter->run()
#4 {main}
CRITICAL - 2022-04-24 17:46:50 --> Call to undefined function App\Controllers\activateMenuItem()
#0 C:\xampp\htdocs\app-asvl\system\CodeIgniter.php(832): App\Controllers\Link->index()
#1 C:\xampp\htdocs\app-asvl\system\CodeIgniter.php(419): CodeIgniter\CodeIgniter->runController(Object(App\Controllers\Link))
#2 C:\xampp\htdocs\app-asvl\system\CodeIgniter.php(326): CodeIgniter\CodeIgniter->handleRequest(NULL, Object(Config\Cache), false)
#3 C:\xampp\htdocs\app-asvl\public\index.php(37): CodeIgniter\CodeIgniter->run()
#4 {main}
CRITICAL - 2022-04-24 17:46:52 --> Call to undefined function App\Controllers\activateMenuItem()
#0 C:\xampp\htdocs\app-asvl\system\CodeIgniter.php(832): App\Controllers\Link->index()
#1 C:\xampp\htdocs\app-asvl\system\CodeIgniter.php(419): CodeIgniter\CodeIgniter->runController(Object(App\Controllers\Link))
#2 C:\xampp\htdocs\app-asvl\system\CodeIgniter.php(326): CodeIgniter\CodeIgniter->handleRequest(NULL, Object(Config\Cache), false)
#3 C:\xampp\htdocs\app-asvl\public\index.php(37): CodeIgniter\CodeIgniter->run()
#4 {main}
CRITICAL - 2022-04-24 17:47:35 --> Call to undefined function App\Controllers\activateMenuItem()
#0 C:\xampp\htdocs\app-asvl\system\CodeIgniter.php(832): App\Controllers\Link->index()
#1 C:\xampp\htdocs\app-asvl\system\CodeIgniter.php(419): CodeIgniter\CodeIgniter->runController(Object(App\Controllers\Link))
#2 C:\xampp\htdocs\app-asvl\system\CodeIgniter.php(326): CodeIgniter\CodeIgniter->handleRequest(NULL, Object(Config\Cache), false)
#3 C:\xampp\htdocs\app-asvl\public\index.php(37): CodeIgniter\CodeIgniter->run()
#4 {main}
CRITICAL - 2022-04-24 17:47:36 --> Call to undefined function App\Controllers\activateMenuItem()
#0 C:\xampp\htdocs\app-asvl\system\CodeIgniter.php(832): App\Controllers\Link->index()
#1 C:\xampp\htdocs\app-asvl\system\CodeIgniter.php(419): CodeIgniter\CodeIgniter->runController(Object(App\Controllers\Link))
#2 C:\xampp\htdocs\app-asvl\system\CodeIgniter.php(326): CodeIgniter\CodeIgniter->handleRequest(NULL, Object(Config\Cache), false)
#3 C:\xampp\htdocs\app-asvl\public\index.php(37): CodeIgniter\CodeIgniter->run()
#4 {main}
CRITICAL - 2022-04-24 17:49:15 --> Call to undefined function App\Controllers\activateMenuItem()
#0 C:\xampp\htdocs\app-asvl\system\CodeIgniter.php(832): App\Controllers\Link->index()
#1 C:\xampp\htdocs\app-asvl\system\CodeIgniter.php(419): CodeIgniter\CodeIgniter->runController(Object(App\Controllers\Link))
#2 C:\xampp\htdocs\app-asvl\system\CodeIgniter.php(326): CodeIgniter\CodeIgniter->handleRequest(NULL, Object(Config\Cache), false)
#3 C:\xampp\htdocs\app-asvl\public\index.php(37): CodeIgniter\CodeIgniter->run()
#4 {main}
CRITICAL - 2022-04-24 17:49:41 --> Call to undefined function App\Controllers\activateMenuItem()
#0 C:\xampp\htdocs\app-asvl\system\CodeIgniter.php(832): App\Controllers\Link->index()
#1 C:\xampp\htdocs\app-asvl\system\CodeIgniter.php(419): CodeIgniter\CodeIgniter->runController(Object(App\Controllers\Link))
#2 C:\xampp\htdocs\app-asvl\system\CodeIgniter.php(326): CodeIgniter\CodeIgniter->handleRequest(NULL, Object(Config\Cache), false)
#3 C:\xampp\htdocs\app-asvl\public\index.php(37): CodeIgniter\CodeIgniter->run()
#4 {main}
CRITICAL - 2022-04-24 17:49:42 --> Call to undefined function App\Controllers\activateMenuItem()
#0 C:\xampp\htdocs\app-asvl\system\CodeIgniter.php(832): App\Controllers\Link->index()
#1 C:\xampp\htdocs\app-asvl\system\CodeIgniter.php(419): CodeIgniter\CodeIgniter->runController(Object(App\Controllers\Link))
#2 C:\xampp\htdocs\app-asvl\system\CodeIgniter.php(326): CodeIgniter\CodeIgniter->handleRequest(NULL, Object(Config\Cache), false)
#3 C:\xampp\htdocs\app-asvl\public\index.php(37): CodeIgniter\CodeIgniter->run()
#4 {main}
CRITICAL - 2022-04-24 17:49:43 --> Call to undefined function App\Controllers\activateMenuItem()
#0 C:\xampp\htdocs\app-asvl\system\CodeIgniter.php(832): App\Controllers\Link->index()
#1 C:\xampp\htdocs\app-asvl\system\CodeIgniter.php(419): CodeIgniter\CodeIgniter->runController(Object(App\Controllers\Link))
#2 C:\xampp\htdocs\app-asvl\system\CodeIgniter.php(326): CodeIgniter\CodeIgniter->handleRequest(NULL, Object(Config\Cache), false)
#3 C:\xampp\htdocs\app-asvl\public\index.php(37): CodeIgniter\CodeIgniter->run()
#4 {main}
CRITICAL - 2022-04-24 17:49:44 --> Call to undefined function App\Controllers\activateMenuItem()
#0 C:\xampp\htdocs\app-asvl\system\CodeIgniter.php(832): App\Controllers\Link->index()
#1 C:\xampp\htdocs\app-asvl\system\CodeIgniter.php(419): CodeIgniter\CodeIgniter->runController(Object(App\Controllers\Link))
#2 C:\xampp\htdocs\app-asvl\system\CodeIgniter.php(326): CodeIgniter\CodeIgniter->handleRequest(NULL, Object(Config\Cache), false)
#3 C:\xampp\htdocs\app-asvl\public\index.php(37): CodeIgniter\CodeIgniter->run()
#4 {main}
CRITICAL - 2022-04-24 17:50:04 --> Call to undefined function App\Controllers\activateMenuItem()
#0 C:\xampp\htdocs\app-asvl\system\CodeIgniter.php(832): App\Controllers\Link->index()
#1 C:\xampp\htdocs\app-asvl\system\CodeIgniter.php(419): CodeIgniter\CodeIgniter->runController(Object(App\Controllers\Link))
#2 C:\xampp\htdocs\app-asvl\system\CodeIgniter.php(326): CodeIgniter\CodeIgniter->handleRequest(NULL, Object(Config\Cache), false)
#3 C:\xampp\htdocs\app-asvl\public\index.php(37): CodeIgniter\CodeIgniter->run()
#4 {main}
CRITICAL - 2022-04-24 17:50:05 --> Call to undefined function App\Controllers\activateMenuItem()
#0 C:\xampp\htdocs\app-asvl\system\CodeIgniter.php(832): App\Controllers\Link->index()
#1 C:\xampp\htdocs\app-asvl\system\CodeIgniter.php(419): CodeIgniter\CodeIgniter->runController(Object(App\Controllers\Link))
#2 C:\xampp\htdocs\app-asvl\system\CodeIgniter.php(326): CodeIgniter\CodeIgniter->handleRequest(NULL, Object(Config\Cache), false)
#3 C:\xampp\htdocs\app-asvl\public\index.php(37): CodeIgniter\CodeIgniter->run()
#4 {main}
CRITICAL - 2022-04-24 17:50:43 --> Call to undefined function App\Controllers\activateMenuItem()
#0 C:\xampp\htdocs\app-asvl\system\CodeIgniter.php(832): App\Controllers\Link->index()
#1 C:\xampp\htdocs\app-asvl\system\CodeIgniter.php(419): CodeIgniter\CodeIgniter->runController(Object(App\Controllers\Link))
#2 C:\xampp\htdocs\app-asvl\system\CodeIgniter.php(326): CodeIgniter\CodeIgniter->handleRequest(NULL, Object(Config\Cache), false)
#3 C:\xampp\htdocs\app-asvl\public\index.php(37): CodeIgniter\CodeIgniter->run()
#4 {main}
CRITICAL - 2022-04-24 17:50:45 --> Call to undefined function App\Controllers\activateMenuItem()
#0 C:\xampp\htdocs\app-asvl\system\CodeIgniter.php(832): App\Controllers\Link->index()
#1 C:\xampp\htdocs\app-asvl\system\CodeIgniter.php(419): CodeIgniter\CodeIgniter->runController(Object(App\Controllers\Link))
#2 C:\xampp\htdocs\app-asvl\system\CodeIgniter.php(326): CodeIgniter\CodeIgniter->handleRequest(NULL, Object(Config\Cache), false)
#3 C:\xampp\htdocs\app-asvl\public\index.php(37): CodeIgniter\CodeIgniter->run()
#4 {main}
CRITICAL - 2022-04-24 17:50:46 --> Call to undefined function App\Controllers\activateMenuItem()
#0 C:\xampp\htdocs\app-asvl\system\CodeIgniter.php(832): App\Controllers\Link->index()
#1 C:\xampp\htdocs\app-asvl\system\CodeIgniter.php(419): CodeIgniter\CodeIgniter->runController(Object(App\Controllers\Link))
#2 C:\xampp\htdocs\app-asvl\system\CodeIgniter.php(326): CodeIgniter\CodeIgniter->handleRequest(NULL, Object(Config\Cache), false)
#3 C:\xampp\htdocs\app-asvl\public\index.php(37): CodeIgniter\CodeIgniter->run()
#4 {main}
CRITICAL - 2022-04-24 17:50:47 --> Call to undefined function App\Controllers\activateMenuItem()
#0 C:\xampp\htdocs\app-asvl\system\CodeIgniter.php(832): App\Controllers\Link->index()
#1 C:\xampp\htdocs\app-asvl\system\CodeIgniter.php(419): CodeIgniter\CodeIgniter->runController(Object(App\Controllers\Link))
#2 C:\xampp\htdocs\app-asvl\system\CodeIgniter.php(326): CodeIgniter\CodeIgniter->handleRequest(NULL, Object(Config\Cache), false)
#3 C:\xampp\htdocs\app-asvl\public\index.php(37): CodeIgniter\CodeIgniter->run()
#4 {main}
CRITICAL - 2022-04-24 17:50:47 --> Call to undefined function App\Controllers\activateMenuItem()
#0 C:\xampp\htdocs\app-asvl\system\CodeIgniter.php(832): App\Controllers\Link->index()
#1 C:\xampp\htdocs\app-asvl\system\CodeIgniter.php(419): CodeIgniter\CodeIgniter->runController(Object(App\Controllers\Link))
#2 C:\xampp\htdocs\app-asvl\system\CodeIgniter.php(326): CodeIgniter\CodeIgniter->handleRequest(NULL, Object(Config\Cache), false)
#3 C:\xampp\htdocs\app-asvl\public\index.php(37): CodeIgniter\CodeIgniter->run()
#4 {main}
CRITICAL - 2022-04-24 17:50:48 --> Call to undefined function App\Controllers\activateMenuItem()
#0 C:\xampp\htdocs\app-asvl\system\CodeIgniter.php(832): App\Controllers\Link->index()
#1 C:\xampp\htdocs\app-asvl\system\CodeIgniter.php(419): CodeIgniter\CodeIgniter->runController(Object(App\Controllers\Link))
#2 C:\xampp\htdocs\app-asvl\system\CodeIgniter.php(326): CodeIgniter\CodeIgniter->handleRequest(NULL, Object(Config\Cache), false)
#3 C:\xampp\htdocs\app-asvl\public\index.php(37): CodeIgniter\CodeIgniter->run()
#4 {main}
CRITICAL - 2022-04-24 17:50:49 --> Call to undefined function App\Controllers\activateMenuItem()
#0 C:\xampp\htdocs\app-asvl\system\CodeIgniter.php(832): App\Controllers\Link->index()
#1 C:\xampp\htdocs\app-asvl\system\CodeIgniter.php(419): CodeIgniter\CodeIgniter->runController(Object(App\Controllers\Link))
#2 C:\xampp\htdocs\app-asvl\system\CodeIgniter.php(326): CodeIgniter\CodeIgniter->handleRequest(NULL, Object(Config\Cache), false)
#3 C:\xampp\htdocs\app-asvl\public\index.php(37): CodeIgniter\CodeIgniter->run()
#4 {main}
CRITICAL - 2022-04-24 17:50:50 --> Call to undefined function App\Controllers\activateMenuItem()
#0 C:\xampp\htdocs\app-asvl\system\CodeIgniter.php(832): App\Controllers\Link->index()
#1 C:\xampp\htdocs\app-asvl\system\CodeIgniter.php(419): CodeIgniter\CodeIgniter->runController(Object(App\Controllers\Link))
#2 C:\xampp\htdocs\app-asvl\system\CodeIgniter.php(326): CodeIgniter\CodeIgniter->handleRequest(NULL, Object(Config\Cache), false)
#3 C:\xampp\htdocs\app-asvl\public\index.php(37): CodeIgniter\CodeIgniter->run()
#4 {main}
CRITICAL - 2022-04-24 17:50:51 --> Call to undefined function App\Controllers\activateMenuItem()
#0 C:\xampp\htdocs\app-asvl\system\CodeIgniter.php(832): App\Controllers\Link->index()
#1 C:\xampp\htdocs\app-asvl\system\CodeIgniter.php(419): CodeIgniter\CodeIgniter->runController(Object(App\Controllers\Link))
#2 C:\xampp\htdocs\app-asvl\system\CodeIgniter.php(326): CodeIgniter\CodeIgniter->handleRequest(NULL, Object(Config\Cache), false)
#3 C:\xampp\htdocs\app-asvl\public\index.php(37): CodeIgniter\CodeIgniter->run()
#4 {main}
CRITICAL - 2022-04-24 17:50:51 --> Call to undefined function App\Controllers\activateMenuItem()
#0 C:\xampp\htdocs\app-asvl\system\CodeIgniter.php(832): App\Controllers\Link->index()
#1 C:\xampp\htdocs\app-asvl\system\CodeIgniter.php(419): CodeIgniter\CodeIgniter->runController(Object(App\Controllers\Link))
#2 C:\xampp\htdocs\app-asvl\system\CodeIgniter.php(326): CodeIgniter\CodeIgniter->handleRequest(NULL, Object(Config\Cache), false)
#3 C:\xampp\htdocs\app-asvl\public\index.php(37): CodeIgniter\CodeIgniter->run()
#4 {main}
CRITICAL - 2022-04-24 17:50:52 --> Call to undefined function App\Controllers\activateMenuItem()
#0 C:\xampp\htdocs\app-asvl\system\CodeIgniter.php(832): App\Controllers\Link->index()
#1 C:\xampp\htdocs\app-asvl\system\CodeIgniter.php(419): CodeIgniter\CodeIgniter->runController(Object(App\Controllers\Link))
#2 C:\xampp\htdocs\app-asvl\system\CodeIgniter.php(326): CodeIgniter\CodeIgniter->handleRequest(NULL, Object(Config\Cache), false)
#3 C:\xampp\htdocs\app-asvl\public\index.php(37): CodeIgniter\CodeIgniter->run()
#4 {main}
CRITICAL - 2022-04-24 17:50:53 --> Call to undefined function App\Controllers\activateMenuItem()
#0 C:\xampp\htdocs\app-asvl\system\CodeIgniter.php(832): App\Controllers\Link->index()
#1 C:\xampp\htdocs\app-asvl\system\CodeIgniter.php(419): CodeIgniter\CodeIgniter->runController(Object(App\Controllers\Link))
#2 C:\xampp\htdocs\app-asvl\system\CodeIgniter.php(326): CodeIgniter\CodeIgniter->handleRequest(NULL, Object(Config\Cache), false)
#3 C:\xampp\htdocs\app-asvl\public\index.php(37): CodeIgniter\CodeIgniter->run()
#4 {main}
CRITICAL - 2022-04-24 20:07:56 --> Trying to access array offset on value of type null
#0 C:\xampp\htdocs\app-asvl\app\Controllers\Category.php(26): CodeIgniter\Debug\Exceptions->errorHandler(2, 'Trying to acces...', 'C:\\xampp\\htdocs...', 26)
#1 C:\xampp\htdocs\app-asvl\system\CodeIgniter.php(832): App\Controllers\Category->index()
#2 C:\xampp\htdocs\app-asvl\system\CodeIgniter.php(419): CodeIgniter\CodeIgniter->runController(Object(App\Controllers\Category))
#3 C:\xampp\htdocs\app-asvl\system\CodeIgniter.php(326): CodeIgniter\CodeIgniter->handleRequest(NULL, Object(Config\Cache), false)
#4 C:\xampp\htdocs\app-asvl\public\index.php(37): CodeIgniter\CodeIgniter->run()
#5 {main}
CRITICAL - 2022-04-24 20:07:57 --> Trying to access array offset on value of type null
#0 C:\xampp\htdocs\app-asvl\app\Controllers\Category.php(26): CodeIgniter\Debug\Exceptions->errorHandler(2, 'Trying to acces...', 'C:\\xampp\\htdocs...', 26)
#1 C:\xampp\htdocs\app-asvl\system\CodeIgniter.php(832): App\Controllers\Category->index()
#2 C:\xampp\htdocs\app-asvl\system\CodeIgniter.php(419): CodeIgniter\CodeIgniter->runController(Object(App\Controllers\Category))
#3 C:\xampp\htdocs\app-asvl\system\CodeIgniter.php(326): CodeIgniter\CodeIgniter->handleRequest(NULL, Object(Config\Cache), false)
#4 C:\xampp\htdocs\app-asvl\public\index.php(37): CodeIgniter\CodeIgniter->run()
#5 {main}
CRITICAL - 2022-04-24 20:07:58 --> Trying to access array offset on value of type null
#0 C:\xampp\htdocs\app-asvl\app\Controllers\Category.php(26): CodeIgniter\Debug\Exceptions->errorHandler(2, 'Trying to acces...', 'C:\\xampp\\htdocs...', 26)
#1 C:\xampp\htdocs\app-asvl\system\CodeIgniter.php(832): App\Controllers\Category->index()
#2 C:\xampp\htdocs\app-asvl\system\CodeIgniter.php(419): CodeIgniter\CodeIgniter->runController(Object(App\Controllers\Category))
#3 C:\xampp\htdocs\app-asvl\system\CodeIgniter.php(326): CodeIgniter\CodeIgniter->handleRequest(NULL, Object(Config\Cache), false)
#4 C:\xampp\htdocs\app-asvl\public\index.php(37): CodeIgniter\CodeIgniter->run()
#5 {main}
CRITICAL - 2022-04-24 20:07:59 --> Trying to access array offset on value of type null
#0 C:\xampp\htdocs\app-asvl\app\Controllers\Category.php(26): CodeIgniter\Debug\Exceptions->errorHandler(2, 'Trying to acces...', 'C:\\xampp\\htdocs...', 26)
#1 C:\xampp\htdocs\app-asvl\system\CodeIgniter.php(832): App\Controllers\Category->index()
#2 C:\xampp\htdocs\app-asvl\system\CodeIgniter.php(419): CodeIgniter\CodeIgniter->runController(Object(App\Controllers\Category))
#3 C:\xampp\htdocs\app-asvl\system\CodeIgniter.php(326): CodeIgniter\CodeIgniter->handleRequest(NULL, Object(Config\Cache), false)
#4 C:\xampp\htdocs\app-asvl\public\index.php(37): CodeIgniter\CodeIgniter->run()
#5 {main}
CRITICAL - 2022-04-24 20:08:06 --> Trying to access array offset on value of type null
#0 C:\xampp\htdocs\app-asvl\app\Controllers\Category.php(26): CodeIgniter\Debug\Exceptions->errorHandler(2, 'Trying to acces...', 'C:\\xampp\\htdocs...', 26)
#1 C:\xampp\htdocs\app-asvl\system\CodeIgniter.php(832): App\Controllers\Category->index()
#2 C:\xampp\htdocs\app-asvl\system\CodeIgniter.php(419): CodeIgniter\CodeIgniter->runController(Object(App\Controllers\Category))
#3 C:\xampp\htdocs\app-asvl\system\CodeIgniter.php(326): CodeIgniter\CodeIgniter->handleRequest(NULL, Object(Config\Cache), false)
#4 C:\xampp\htdocs\app-asvl\public\index.php(37): CodeIgniter\CodeIgniter->run()
#5 {main}
CRITICAL - 2022-04-24 20:08:26 --> Trying to access array offset on value of type null
#0 C:\xampp\htdocs\app-asvl\app\Controllers\Category.php(26): CodeIgniter\Debug\Exceptions->errorHandler(2, 'Trying to acces...', 'C:\\xampp\\htdocs...', 26)
#1 C:\xampp\htdocs\app-asvl\system\CodeIgniter.php(832): App\Controllers\Category->index()
#2 C:\xampp\htdocs\app-asvl\system\CodeIgniter.php(419): CodeIgniter\CodeIgniter->runController(Object(App\Controllers\Category))
#3 C:\xampp\htdocs\app-asvl\system\CodeIgniter.php(326): CodeIgniter\CodeIgniter->handleRequest(NULL, Object(Config\Cache), false)
#4 C:\xampp\htdocs\app-asvl\public\index.php(37): CodeIgniter\CodeIgniter->run()
#5 {main}
CRITICAL - 2022-04-24 20:10:44 --> Trying to access array offset on value of type null
#0 C:\xampp\htdocs\app-asvl\app\Controllers\Category.php(26): CodeIgniter\Debug\Exceptions->errorHandler(2, 'Trying to acces...', 'C:\\xampp\\htdocs...', 26)
#1 C:\xampp\htdocs\app-asvl\system\CodeIgniter.php(832): App\Controllers\Category->index()
#2 C:\xampp\htdocs\app-asvl\system\CodeIgniter.php(419): CodeIgniter\CodeIgniter->runController(Object(App\Controllers\Category))
#3 C:\xampp\htdocs\app-asvl\system\CodeIgniter.php(326): CodeIgniter\CodeIgniter->handleRequest(NULL, Object(Config\Cache), false)
#4 C:\xampp\htdocs\app-asvl\public\index.php(37): CodeIgniter\CodeIgniter->run()
#5 {main}
CRITICAL - 2022-04-24 20:12:12 --> Trying to access array offset on value of type null
#0 C:\xampp\htdocs\app-asvl\app\Controllers\Category.php(30): CodeIgniter\Debug\Exceptions->errorHandler(2, 'Trying to acces...', 'C:\\xampp\\htdocs...', 30)
#1 C:\xampp\htdocs\app-asvl\system\CodeIgniter.php(832): App\Controllers\Category->index()
#2 C:\xampp\htdocs\app-asvl\system\CodeIgniter.php(419): CodeIgniter\CodeIgniter->runController(Object(App\Controllers\Category))
#3 C:\xampp\htdocs\app-asvl\system\CodeIgniter.php(326): CodeIgniter\CodeIgniter->handleRequest(NULL, Object(Config\Cache), false)
#4 C:\xampp\htdocs\app-asvl\public\index.php(37): CodeIgniter\CodeIgniter->run()
#5 {main}
CRITICAL - 2022-04-24 20:12:13 --> Trying to access array offset on value of type null
#0 C:\xampp\htdocs\app-asvl\app\Controllers\Category.php(30): CodeIgniter\Debug\Exceptions->errorHandler(2, 'Trying to acces...', 'C:\\xampp\\htdocs...', 30)
#1 C:\xampp\htdocs\app-asvl\system\CodeIgniter.php(832): App\Controllers\Category->index()
#2 C:\xampp\htdocs\app-asvl\system\CodeIgniter.php(419): CodeIgniter\CodeIgniter->runController(Object(App\Controllers\Category))
#3 C:\xampp\htdocs\app-asvl\system\CodeIgniter.php(326): CodeIgniter\CodeIgniter->handleRequest(NULL, Object(Config\Cache), false)
#4 C:\xampp\htdocs\app-asvl\public\index.php(37): CodeIgniter\CodeIgniter->run()
#5 {main}
CRITICAL - 2022-04-24 20:12:32 --> Trying to access array offset on value of type null
#0 C:\xampp\htdocs\app-asvl\app\Controllers\Category.php(35): CodeIgniter\Debug\Exceptions->errorHandler(2, 'Trying to acces...', 'C:\\xampp\\htdocs...', 35)
#1 C:\xampp\htdocs\app-asvl\system\CodeIgniter.php(832): App\Controllers\Category->index()
#2 C:\xampp\htdocs\app-asvl\system\CodeIgniter.php(419): CodeIgniter\CodeIgniter->runController(Object(App\Controllers\Category))
#3 C:\xampp\htdocs\app-asvl\system\CodeIgniter.php(326): CodeIgniter\CodeIgniter->handleRequest(NULL, Object(Config\Cache), false)
#4 C:\xampp\htdocs\app-asvl\public\index.php(37): CodeIgniter\CodeIgniter->run()
#5 {main}
CRITICAL - 2022-04-24 20:45:11 --> Attempt to read property "id_user" on array
#0 C:\xampp\htdocs\app-asvl\app\Controllers\Link.php(36): CodeIgniter\Debug\Exceptions->errorHandler(2, 'Attempt to read...', 'C:\\xampp\\htdocs...', 36)
#1 C:\xampp\htdocs\app-asvl\system\CodeIgniter.php(832): App\Controllers\Link->index()
#2 C:\xampp\htdocs\app-asvl\system\CodeIgniter.php(419): CodeIgniter\CodeIgniter->runController(Object(App\Controllers\Link))
#3 C:\xampp\htdocs\app-asvl\system\CodeIgniter.php(326): CodeIgniter\CodeIgniter->handleRequest(NULL, Object(Config\Cache), false)
#4 C:\xampp\htdocs\app-asvl\public\index.php(37): CodeIgniter\CodeIgniter->run()
#5 {main}
CRITICAL - 2022-04-24 20:45:15 --> Attempt to read property "id_user" on array
#0 C:\xampp\htdocs\app-asvl\app\Controllers\Link.php(36): CodeIgniter\Debug\Exceptions->errorHandler(2, 'Attempt to read...', 'C:\\xampp\\htdocs...', 36)
#1 C:\xampp\htdocs\app-asvl\system\CodeIgniter.php(832): App\Controllers\Link->index()
#2 C:\xampp\htdocs\app-asvl\system\CodeIgniter.php(419): CodeIgniter\CodeIgniter->runController(Object(App\Controllers\Link))
#3 C:\xampp\htdocs\app-asvl\system\CodeIgniter.php(326): CodeIgniter\CodeIgniter->handleRequest(NULL, Object(Config\Cache), false)
#4 C:\xampp\htdocs\app-asvl\public\index.php(37): CodeIgniter\CodeIgniter->run()
#5 {main}
CRITICAL - 2022-04-24 20:45:16 --> Attempt to read property "id_user" on array
#0 C:\xampp\htdocs\app-asvl\app\Controllers\Link.php(36): CodeIgniter\Debug\Exceptions->errorHandler(2, 'Attempt to read...', 'C:\\xampp\\htdocs...', 36)
#1 C:\xampp\htdocs\app-asvl\system\CodeIgniter.php(832): App\Controllers\Link->index()
#2 C:\xampp\htdocs\app-asvl\system\CodeIgniter.php(419): CodeIgniter\CodeIgniter->runController(Object(App\Controllers\Link))
#3 C:\xampp\htdocs\app-asvl\system\CodeIgniter.php(326): CodeIgniter\CodeIgniter->handleRequest(NULL, Object(Config\Cache), false)
#4 C:\xampp\htdocs\app-asvl\public\index.php(37): CodeIgniter\CodeIgniter->run()
#5 {main}
CRITICAL - 2022-04-24 20:45:31 --> Attempt to read property "id_user" on array
#0 C:\xampp\htdocs\app-asvl\app\Controllers\Link.php(36): CodeIgniter\Debug\Exceptions->errorHandler(2, 'Attempt to read...', 'C:\\xampp\\htdocs...', 36)
#1 C:\xampp\htdocs\app-asvl\system\CodeIgniter.php(832): App\Controllers\Link->index()
#2 C:\xampp\htdocs\app-asvl\system\CodeIgniter.php(419): CodeIgniter\CodeIgniter->runController(Object(App\Controllers\Link))
#3 C:\xampp\htdocs\app-asvl\system\CodeIgniter.php(326): CodeIgniter\CodeIgniter->handleRequest(NULL, Object(Config\Cache), false)
#4 C:\xampp\htdocs\app-asvl\public\index.php(37): CodeIgniter\CodeIgniter->run()
#5 {main}
CRITICAL - 2022-04-24 20:45:56 --> Attempt to read property "id_user" on null
#0 C:\xampp\htdocs\app-asvl\app\Controllers\Link.php(36): CodeIgniter\Debug\Exceptions->errorHandler(2, 'Attempt to read...', 'C:\\xampp\\htdocs...', 36)
#1 C:\xampp\htdocs\app-asvl\system\CodeIgniter.php(832): App\Controllers\Link->index()
#2 C:\xampp\htdocs\app-asvl\system\CodeIgniter.php(419): CodeIgniter\CodeIgniter->runController(Object(App\Controllers\Link))
#3 C:\xampp\htdocs\app-asvl\system\CodeIgniter.php(326): CodeIgniter\CodeIgniter->handleRequest(NULL, Object(Config\Cache), false)
#4 C:\xampp\htdocs\app-asvl\public\index.php(37): CodeIgniter\CodeIgniter->run()
#5 {main}
CRITICAL - 2022-04-24 20:45:57 --> Attempt to read property "id_user" on null
#0 C:\xampp\htdocs\app-asvl\app\Controllers\Link.php(36): CodeIgniter\Debug\Exceptions->errorHandler(2, 'Attempt to read...', 'C:\\xampp\\htdocs...', 36)
#1 C:\xampp\htdocs\app-asvl\system\CodeIgniter.php(832): App\Controllers\Link->index()
#2 C:\xampp\htdocs\app-asvl\system\CodeIgniter.php(419): CodeIgniter\CodeIgniter->runController(Object(App\Controllers\Link))
#3 C:\xampp\htdocs\app-asvl\system\CodeIgniter.php(326): CodeIgniter\CodeIgniter->handleRequest(NULL, Object(Config\Cache), false)
#4 C:\xampp\htdocs\app-asvl\public\index.php(37): CodeIgniter\CodeIgniter->run()
#5 {main}
CRITICAL - 2022-04-24 20:45:58 --> Attempt to read property "id_user" on null
#0 C:\xampp\htdocs\app-asvl\app\Controllers\Link.php(36): CodeIgniter\Debug\Exceptions->errorHandler(2, 'Attempt to read...', 'C:\\xampp\\htdocs...', 36)
#1 C:\xampp\htdocs\app-asvl\system\CodeIgniter.php(832): App\Controllers\Link->index()
#2 C:\xampp\htdocs\app-asvl\system\CodeIgniter.php(419): CodeIgniter\CodeIgniter->runController(Object(App\Controllers\Link))
#3 C:\xampp\htdocs\app-asvl\system\CodeIgniter.php(326): CodeIgniter\CodeIgniter->handleRequest(NULL, Object(Config\Cache), false)
#4 C:\xampp\htdocs\app-asvl\public\index.php(37): CodeIgniter\CodeIgniter->run()
#5 {main}
CRITICAL - 2022-04-24 20:46:01 --> Attempt to read property "id_user" on null
#0 C:\xampp\htdocs\app-asvl\app\Controllers\Link.php(36): CodeIgniter\Debug\Exceptions->errorHandler(2, 'Attempt to read...', 'C:\\xampp\\htdocs...', 36)
#1 C:\xampp\htdocs\app-asvl\system\CodeIgniter.php(832): App\Controllers\Link->index()
#2 C:\xampp\htdocs\app-asvl\system\CodeIgniter.php(419): CodeIgniter\CodeIgniter->runController(Object(App\Controllers\Link))
#3 C:\xampp\htdocs\app-asvl\system\CodeIgniter.php(326): CodeIgniter\CodeIgniter->handleRequest(NULL, Object(Config\Cache), false)
#4 C:\xampp\htdocs\app-asvl\public\index.php(37): CodeIgniter\CodeIgniter->run()
#5 {main}
CRITICAL - 2022-04-24 20:47:22 --> Attempt to read property "id_user" on null
#0 C:\xampp\htdocs\app-asvl\app\Controllers\Link.php(36): CodeIgniter\Debug\Exceptions->errorHandler(2, 'Attempt to read...', 'C:\\xampp\\htdocs...', 36)
#1 C:\xampp\htdocs\app-asvl\system\CodeIgniter.php(832): App\Controllers\Link->index()
#2 C:\xampp\htdocs\app-asvl\system\CodeIgniter.php(419): CodeIgniter\CodeIgniter->runController(Object(App\Controllers\Link))
#3 C:\xampp\htdocs\app-asvl\system\CodeIgniter.php(326): CodeIgniter\CodeIgniter->handleRequest(NULL, Object(Config\Cache), false)
#4 C:\xampp\htdocs\app-asvl\public\index.php(37): CodeIgniter\CodeIgniter->run()
#5 {main}
CRITICAL - 2022-04-24 20:47:40 --> Trying to access array offset on value of type null
#0 C:\xampp\htdocs\app-asvl\app\Controllers\Link.php(36): CodeIgniter\Debug\Exceptions->errorHandler(2, 'Trying to acces...', 'C:\\xampp\\htdocs...', 36)
#1 C:\xampp\htdocs\app-asvl\system\CodeIgniter.php(832): App\Controllers\Link->index()
#2 C:\xampp\htdocs\app-asvl\system\CodeIgniter.php(419): CodeIgniter\CodeIgniter->runController(Object(App\Controllers\Link))
#3 C:\xampp\htdocs\app-asvl\system\CodeIgniter.php(326): CodeIgniter\CodeIgniter->handleRequest(NULL, Object(Config\Cache), false)
#4 C:\xampp\htdocs\app-asvl\public\index.php(37): CodeIgniter\CodeIgniter->run()
#5 {main}
CRITICAL - 2022-04-24 20:47:41 --> Trying to access array offset on value of type null
#0 C:\xampp\htdocs\app-asvl\app\Controllers\Link.php(36): CodeIgniter\Debug\Exceptions->errorHandler(2, 'Trying to acces...', 'C:\\xampp\\htdocs...', 36)
#1 C:\xampp\htdocs\app-asvl\system\CodeIgniter.php(832): App\Controllers\Link->index()
#2 C:\xampp\htdocs\app-asvl\system\CodeIgniter.php(419): CodeIgniter\CodeIgniter->runController(Object(App\Controllers\Link))
#3 C:\xampp\htdocs\app-asvl\system\CodeIgniter.php(326): CodeIgniter\CodeIgniter->handleRequest(NULL, Object(Config\Cache), false)
#4 C:\xampp\htdocs\app-asvl\public\index.php(37): CodeIgniter\CodeIgniter->run()
#5 {main}
CRITICAL - 2022-04-24 20:47:42 --> Trying to access array offset on value of type null
#0 C:\xampp\htdocs\app-asvl\app\Controllers\Link.php(36): CodeIgniter\Debug\Exceptions->errorHandler(2, 'Trying to acces...', 'C:\\xampp\\htdocs...', 36)
#1 C:\xampp\htdocs\app-asvl\system\CodeIgniter.php(832): App\Controllers\Link->index()
#2 C:\xampp\htdocs\app-asvl\system\CodeIgniter.php(419): CodeIgniter\CodeIgniter->runController(Object(App\Controllers\Link))
#3 C:\xampp\htdocs\app-asvl\system\CodeIgniter.php(326): CodeIgniter\CodeIgniter->handleRequest(NULL, Object(Config\Cache), false)
#4 C:\xampp\htdocs\app-asvl\public\index.php(37): CodeIgniter\CodeIgniter->run()
#5 {main}
CRITICAL - 2022-04-24 20:47:44 --> Trying to access array offset on value of type null
#0 C:\xampp\htdocs\app-asvl\app\Controllers\Link.php(36): CodeIgniter\Debug\Exceptions->errorHandler(2, 'Trying to acces...', 'C:\\xampp\\htdocs...', 36)
#1 C:\xampp\htdocs\app-asvl\system\CodeIgniter.php(832): App\Controllers\Link->index()
#2 C:\xampp\htdocs\app-asvl\system\CodeIgniter.php(419): CodeIgniter\CodeIgniter->runController(Object(App\Controllers\Link))
#3 C:\xampp\htdocs\app-asvl\system\CodeIgniter.php(326): CodeIgniter\CodeIgniter->handleRequest(NULL, Object(Config\Cache), false)
#4 C:\xampp\htdocs\app-asvl\public\index.php(37): CodeIgniter\CodeIgniter->run()
#5 {main}
CRITICAL - 2022-04-24 20:48:45 --> Trying to access array offset on value of type null
#0 C:\xampp\htdocs\app-asvl\app\Views\header.php(3): CodeIgniter\Debug\Exceptions->errorHandler(2, 'Trying to acces...', 'C:\\xampp\\htdocs...', 3)
#1 C:\xampp\htdocs\app-asvl\system\View\View.php(210): include('C:\\xampp\\htdocs...')
#2 C:\xampp\htdocs\app-asvl\system\View\View.php(213): CodeIgniter\View\View->CodeIgniter\View\{closure}()
#3 C:\xampp\htdocs\app-asvl\system\Common.php(1089): CodeIgniter\View\View->render('header', Array, true)
#4 C:\xampp\htdocs\app-asvl\app\Controllers\Link.php(40): view('header', Array)
#5 C:\xampp\htdocs\app-asvl\system\CodeIgniter.php(832): App\Controllers\Link->index()
#6 C:\xampp\htdocs\app-asvl\system\CodeIgniter.php(419): CodeIgniter\CodeIgniter->runController(Object(App\Controllers\Link))
#7 C:\xampp\htdocs\app-asvl\system\CodeIgniter.php(326): CodeIgniter\CodeIgniter->handleRequest(NULL, Object(Config\Cache), false)
#8 C:\xampp\htdocs\app-asvl\public\index.php(37): CodeIgniter\CodeIgniter->run()
#9 {main}
CRITICAL - 2022-04-24 20:48:46 --> Trying to access array offset on value of type null
#0 C:\xampp\htdocs\app-asvl\app\Views\header.php(3): CodeIgniter\Debug\Exceptions->errorHandler(2, 'Trying to acces...', 'C:\\xampp\\htdocs...', 3)
#1 C:\xampp\htdocs\app-asvl\system\View\View.php(210): include('C:\\xampp\\htdocs...')
#2 C:\xampp\htdocs\app-asvl\system\View\View.php(213): CodeIgniter\View\View->CodeIgniter\View\{closure}()
#3 C:\xampp\htdocs\app-asvl\system\Common.php(1089): CodeIgniter\View\View->render('header', Array, true)
#4 C:\xampp\htdocs\app-asvl\app\Controllers\Link.php(40): view('header', Array)
#5 C:\xampp\htdocs\app-asvl\system\CodeIgniter.php(832): App\Controllers\Link->index()
#6 C:\xampp\htdocs\app-asvl\system\CodeIgniter.php(419): CodeIgniter\CodeIgniter->runController(Object(App\Controllers\Link))
#7 C:\xampp\htdocs\app-asvl\system\CodeIgniter.php(326): CodeIgniter\CodeIgniter->handleRequest(NULL, Object(Config\Cache), false)
#8 C:\xampp\htdocs\app-asvl\public\index.php(37): CodeIgniter\CodeIgniter->run()
#9 {main}
CRITICAL - 2022-04-24 20:48:48 --> Trying to access array offset on value of type null
#0 C:\xampp\htdocs\app-asvl\app\Views\header.php(3): CodeIgniter\Debug\Exceptions->errorHandler(2, 'Trying to acces...', 'C:\\xampp\\htdocs...', 3)
#1 C:\xampp\htdocs\app-asvl\system\View\View.php(210): include('C:\\xampp\\htdocs...')
#2 C:\xampp\htdocs\app-asvl\system\View\View.php(213): CodeIgniter\View\View->CodeIgniter\View\{closure}()
#3 C:\xampp\htdocs\app-asvl\system\Common.php(1089): CodeIgniter\View\View->render('header', Array, true)
#4 C:\xampp\htdocs\app-asvl\app\Controllers\Link.php(40): view('header', Array)
#5 C:\xampp\htdocs\app-asvl\system\CodeIgniter.php(832): App\Controllers\Link->index()
#6 C:\xampp\htdocs\app-asvl\system\CodeIgniter.php(419): CodeIgniter\CodeIgniter->runController(Object(App\Controllers\Link))
#7 C:\xampp\htdocs\app-asvl\system\CodeIgniter.php(326): CodeIgniter\CodeIgniter->handleRequest(NULL, Object(Config\Cache), false)
#8 C:\xampp\htdocs\app-asvl\public\index.php(37): CodeIgniter\CodeIgniter->run()
#9 {main}
CRITICAL - 2022-04-24 20:48:49 --> Trying to access array offset on value of type null
#0 C:\xampp\htdocs\app-asvl\app\Views\header.php(3): CodeIgniter\Debug\Exceptions->errorHandler(2, 'Trying to acces...', 'C:\\xampp\\htdocs...', 3)
#1 C:\xampp\htdocs\app-asvl\system\View\View.php(210): include('C:\\xampp\\htdocs...')
#2 C:\xampp\htdocs\app-asvl\system\View\View.php(213): CodeIgniter\View\View->CodeIgniter\View\{closure}()
#3 C:\xampp\htdocs\app-asvl\system\Common.php(1089): CodeIgniter\View\View->render('header', Array, true)
#4 C:\xampp\htdocs\app-asvl\app\Controllers\Link.php(40): view('header', Array)
#5 C:\xampp\htdocs\app-asvl\system\CodeIgniter.php(832): App\Controllers\Link->index()
#6 C:\xampp\htdocs\app-asvl\system\CodeIgniter.php(419): CodeIgniter\CodeIgniter->runController(Object(App\Controllers\Link))
#7 C:\xampp\htdocs\app-asvl\system\CodeIgniter.php(326): CodeIgniter\CodeIgniter->handleRequest(NULL, Object(Config\Cache), false)
#8 C:\xampp\htdocs\app-asvl\public\index.php(37): CodeIgniter\CodeIgniter->run()
#9 {main}
CRITICAL - 2022-04-24 20:48:51 --> Trying to access array offset on value of type null
#0 C:\xampp\htdocs\app-asvl\app\Views\header.php(3): CodeIgniter\Debug\Exceptions->errorHandler(2, 'Trying to acces...', 'C:\\xampp\\htdocs...', 3)
#1 C:\xampp\htdocs\app-asvl\system\View\View.php(210): include('C:\\xampp\\htdocs...')
#2 C:\xampp\htdocs\app-asvl\system\View\View.php(213): CodeIgniter\View\View->CodeIgniter\View\{closure}()
#3 C:\xampp\htdocs\app-asvl\system\Common.php(1089): CodeIgniter\View\View->render('header', Array, true)
#4 C:\xampp\htdocs\app-asvl\app\Controllers\Link.php(40): view('header', Array)
#5 C:\xampp\htdocs\app-asvl\system\CodeIgniter.php(832): App\Controllers\Link->index()
#6 C:\xampp\htdocs\app-asvl\system\CodeIgniter.php(419): CodeIgniter\CodeIgniter->runController(Object(App\Controllers\Link))
#7 C:\xampp\htdocs\app-asvl\system\CodeIgniter.php(326): CodeIgniter\CodeIgniter->handleRequest(NULL, Object(Config\Cache), false)
#8 C:\xampp\htdocs\app-asvl\public\index.php(37): CodeIgniter\CodeIgniter->run()
#9 {main}
CRITICAL - 2022-04-24 20:48:52 --> Trying to access array offset on value of type null
#0 C:\xampp\htdocs\app-asvl\app\Views\header.php(3): CodeIgniter\Debug\Exceptions->errorHandler(2, 'Trying to acces...', 'C:\\xampp\\htdocs...', 3)
#1 C:\xampp\htdocs\app-asvl\system\View\View.php(210): include('C:\\xampp\\htdocs...')
#2 C:\xampp\htdocs\app-asvl\system\View\View.php(213): CodeIgniter\View\View->CodeIgniter\View\{closure}()
#3 C:\xampp\htdocs\app-asvl\system\Common.php(1089): CodeIgniter\View\View->render('header', Array, true)
#4 C:\xampp\htdocs\app-asvl\app\Controllers\Link.php(40): view('header', Array)
#5 C:\xampp\htdocs\app-asvl\system\CodeIgniter.php(832): App\Controllers\Link->index()
#6 C:\xampp\htdocs\app-asvl\system\CodeIgniter.php(419): CodeIgniter\CodeIgniter->runController(Object(App\Controllers\Link))
#7 C:\xampp\htdocs\app-asvl\system\CodeIgniter.php(326): CodeIgniter\CodeIgniter->handleRequest(NULL, Object(Config\Cache), false)
#8 C:\xampp\htdocs\app-asvl\public\index.php(37): CodeIgniter\CodeIgniter->run()
#9 {main}
CRITICAL - 2022-04-24 20:48:53 --> Trying to access array offset on value of type null
#0 C:\xampp\htdocs\app-asvl\app\Views\header.php(3): CodeIgniter\Debug\Exceptions->errorHandler(2, 'Trying to acces...', 'C:\\xampp\\htdocs...', 3)
#1 C:\xampp\htdocs\app-asvl\system\View\View.php(210): include('C:\\xampp\\htdocs...')
#2 C:\xampp\htdocs\app-asvl\system\View\View.php(213): CodeIgniter\View\View->CodeIgniter\View\{closure}()
#3 C:\xampp\htdocs\app-asvl\system\Common.php(1089): CodeIgniter\View\View->render('header', Array, true)
#4 C:\xampp\htdocs\app-asvl\app\Controllers\Link.php(40): view('header', Array)
#5 C:\xampp\htdocs\app-asvl\system\CodeIgniter.php(832): App\Controllers\Link->index()
#6 C:\xampp\htdocs\app-asvl\system\CodeIgniter.php(419): CodeIgniter\CodeIgniter->runController(Object(App\Controllers\Link))
#7 C:\xampp\htdocs\app-asvl\system\CodeIgniter.php(326): CodeIgniter\CodeIgniter->handleRequest(NULL, Object(Config\Cache), false)
#8 C:\xampp\htdocs\app-asvl\public\index.php(37): CodeIgniter\CodeIgniter->run()
#9 {main}
CRITICAL - 2022-04-24 20:48:55 --> Trying to access array offset on value of type null
#0 C:\xampp\htdocs\app-asvl\app\Views\header.php(3): CodeIgniter\Debug\Exceptions->errorHandler(2, 'Trying to acces...', 'C:\\xampp\\htdocs...', 3)
#1 C:\xampp\htdocs\app-asvl\system\View\View.php(210): include('C:\\xampp\\htdocs...')
#2 C:\xampp\htdocs\app-asvl\system\View\View.php(213): CodeIgniter\View\View->CodeIgniter\View\{closure}()
#3 C:\xampp\htdocs\app-asvl\system\Common.php(1089): CodeIgniter\View\View->render('header', Array, true)
#4 C:\xampp\htdocs\app-asvl\app\Controllers\Link.php(40): view('header', Array)
#5 C:\xampp\htdocs\app-asvl\system\CodeIgniter.php(832): App\Controllers\Link->index()
#6 C:\xampp\htdocs\app-asvl\system\CodeIgniter.php(419): CodeIgniter\CodeIgniter->runController(Object(App\Controllers\Link))
#7 C:\xampp\htdocs\app-asvl\system\CodeIgniter.php(326): CodeIgniter\CodeIgniter->handleRequest(NULL, Object(Config\Cache), false)
#8 C:\xampp\htdocs\app-asvl\public\index.php(37): CodeIgniter\CodeIgniter->run()
#9 {main}
CRITICAL - 2022-04-24 20:49:30 --> Attempt to read property "id_user" on array
#0 C:\xampp\htdocs\app-asvl\app\Controllers\Link.php(36): CodeIgniter\Debug\Exceptions->errorHandler(2, 'Attempt to read...', 'C:\\xampp\\htdocs...', 36)
#1 C:\xampp\htdocs\app-asvl\system\CodeIgniter.php(832): App\Controllers\Link->index()
#2 C:\xampp\htdocs\app-asvl\system\CodeIgniter.php(419): CodeIgniter\CodeIgniter->runController(Object(App\Controllers\Link))
#3 C:\xampp\htdocs\app-asvl\system\CodeIgniter.php(326): CodeIgniter\CodeIgniter->handleRequest(NULL, Object(Config\Cache), false)
#4 C:\xampp\htdocs\app-asvl\public\index.php(37): CodeIgniter\CodeIgniter->run()
#5 {main}
CRITICAL - 2022-04-24 20:49:32 --> Attempt to read property "id_user" on array
#0 C:\xampp\htdocs\app-asvl\app\Controllers\Link.php(36): CodeIgniter\Debug\Exceptions->errorHandler(2, 'Attempt to read...', 'C:\\xampp\\htdocs...', 36)
#1 C:\xampp\htdocs\app-asvl\system\CodeIgniter.php(832): App\Controllers\Link->index()
#2 C:\xampp\htdocs\app-asvl\system\CodeIgniter.php(419): CodeIgniter\CodeIgniter->runController(Object(App\Controllers\Link))
#3 C:\xampp\htdocs\app-asvl\system\CodeIgniter.php(326): CodeIgniter\CodeIgniter->handleRequest(NULL, Object(Config\Cache), false)
#4 C:\xampp\htdocs\app-asvl\public\index.php(37): CodeIgniter\CodeIgniter->run()
#5 {main}
CRITICAL - 2022-04-24 20:49:33 --> Attempt to read property "id_user" on array
#0 C:\xampp\htdocs\app-asvl\app\Controllers\Link.php(36): CodeIgniter\Debug\Exceptions->errorHandler(2, 'Attempt to read...', 'C:\\xampp\\htdocs...', 36)
#1 C:\xampp\htdocs\app-asvl\system\CodeIgniter.php(832): App\Controllers\Link->index()
#2 C:\xampp\htdocs\app-asvl\system\CodeIgniter.php(419): CodeIgniter\CodeIgniter->runController(Object(App\Controllers\Link))
#3 C:\xampp\htdocs\app-asvl\system\CodeIgniter.php(326): CodeIgniter\CodeIgniter->handleRequest(NULL, Object(Config\Cache), false)
#4 C:\xampp\htdocs\app-asvl\public\index.php(37): CodeIgniter\CodeIgniter->run()
#5 {main}
CRITICAL - 2022-04-24 20:49:34 --> Attempt to read property "id_user" on array
#0 C:\xampp\htdocs\app-asvl\app\Controllers\Link.php(36): CodeIgniter\Debug\Exceptions->errorHandler(2, 'Attempt to read...', 'C:\\xampp\\htdocs...', 36)
#1 C:\xampp\htdocs\app-asvl\system\CodeIgniter.php(832): App\Controllers\Link->index()
#2 C:\xampp\htdocs\app-asvl\system\CodeIgniter.php(419): CodeIgniter\CodeIgniter->runController(Object(App\Controllers\Link))
#3 C:\xampp\htdocs\app-asvl\system\CodeIgniter.php(326): CodeIgniter\CodeIgniter->handleRequest(NULL, Object(Config\Cache), false)
#4 C:\xampp\htdocs\app-asvl\public\index.php(37): CodeIgniter\CodeIgniter->run()
#5 {main}
CRITICAL - 2022-04-24 20:53:32 --> Attempt to read property "id_user" on null
#0 C:\xampp\htdocs\app-asvl\app\Controllers\Link.php(36): CodeIgniter\Debug\Exceptions->errorHandler(2, 'Attempt to read...', 'C:\\xampp\\htdocs...', 36)
#1 C:\xampp\htdocs\app-asvl\system\CodeIgniter.php(832): App\Controllers\Link->index()
#2 C:\xampp\htdocs\app-asvl\system\CodeIgniter.php(419): CodeIgniter\CodeIgniter->runController(Object(App\Controllers\Link))
#3 C:\xampp\htdocs\app-asvl\system\CodeIgniter.php(326): CodeIgniter\CodeIgniter->handleRequest(NULL, Object(Config\Cache), false)
#4 C:\xampp\htdocs\app-asvl\public\index.php(37): CodeIgniter\CodeIgniter->run()
#5 {main}
CRITICAL - 2022-04-24 20:53:34 --> Attempt to read property "id_user" on null
#0 C:\xampp\htdocs\app-asvl\app\Controllers\Link.php(36): CodeIgniter\Debug\Exceptions->errorHandler(2, 'Attempt to read...', 'C:\\xampp\\htdocs...', 36)
#1 C:\xampp\htdocs\app-asvl\system\CodeIgniter.php(832): App\Controllers\Link->index()
#2 C:\xampp\htdocs\app-asvl\system\CodeIgniter.php(419): CodeIgniter\CodeIgniter->runController(Object(App\Controllers\Link))
#3 C:\xampp\htdocs\app-asvl\system\CodeIgniter.php(326): CodeIgniter\CodeIgniter->handleRequest(NULL, Object(Config\Cache), false)
#4 C:\xampp\htdocs\app-asvl\public\index.php(37): CodeIgniter\CodeIgniter->run()
#5 {main}
CRITICAL - 2022-04-24 20:54:40 --> Attempt to read property "id_user" on null
#0 C:\xampp\htdocs\app-asvl\app\Controllers\Link.php(36): CodeIgniter\Debug\Exceptions->errorHandler(2, 'Attempt to read...', 'C:\\xampp\\htdocs...', 36)
#1 C:\xampp\htdocs\app-asvl\system\CodeIgniter.php(832): App\Controllers\Link->index()
#2 C:\xampp\htdocs\app-asvl\system\CodeIgniter.php(419): CodeIgniter\CodeIgniter->runController(Object(App\Controllers\Link))
#3 C:\xampp\htdocs\app-asvl\system\CodeIgniter.php(326): CodeIgniter\CodeIgniter->handleRequest(NULL, Object(Config\Cache), false)
#4 C:\xampp\htdocs\app-asvl\public\index.php(37): CodeIgniter\CodeIgniter->run()
#5 {main}
CRITICAL - 2022-04-24 20:54:41 --> Attempt to read property "id_user" on null
#0 C:\xampp\htdocs\app-asvl\app\Controllers\Link.php(36): CodeIgniter\Debug\Exceptions->errorHandler(2, 'Attempt to read...', 'C:\\xampp\\htdocs...', 36)
#1 C:\xampp\htdocs\app-asvl\system\CodeIgniter.php(832): App\Controllers\Link->index()
#2 C:\xampp\htdocs\app-asvl\system\CodeIgniter.php(419): CodeIgniter\CodeIgniter->runController(Object(App\Controllers\Link))
#3 C:\xampp\htdocs\app-asvl\system\CodeIgniter.php(326): CodeIgniter\CodeIgniter->handleRequest(NULL, Object(Config\Cache), false)
#4 C:\xampp\htdocs\app-asvl\public\index.php(37): CodeIgniter\CodeIgniter->run()
#5 {main}
CRITICAL - 2022-04-24 20:54:49 --> Attempt to read property "id_user" on null
#0 C:\xampp\htdocs\app-asvl\app\Controllers\Link.php(36): CodeIgniter\Debug\Exceptions->errorHandler(2, 'Attempt to read...', 'C:\\xampp\\htdocs...', 36)
#1 C:\xampp\htdocs\app-asvl\system\CodeIgniter.php(832): App\Controllers\Link->index()
#2 C:\xampp\htdocs\app-asvl\system\CodeIgniter.php(419): CodeIgniter\CodeIgniter->runController(Object(App\Controllers\Link))
#3 C:\xampp\htdocs\app-asvl\system\CodeIgniter.php(326): CodeIgniter\CodeIgniter->handleRequest(NULL, Object(Config\Cache), false)
#4 C:\xampp\htdocs\app-asvl\public\index.php(37): CodeIgniter\CodeIgniter->run()
#5 {main}
CRITICAL - 2022-04-24 20:55:22 --> Attempt to read property "id_user" on array
#0 C:\xampp\htdocs\app-asvl\app\Controllers\Link.php(36): CodeIgniter\Debug\Exceptions->errorHandler(2, 'Attempt to read...', 'C:\\xampp\\htdocs...', 36)
#1 C:\xampp\htdocs\app-asvl\system\CodeIgniter.php(832): App\Controllers\Link->index()
#2 C:\xampp\htdocs\app-asvl\system\CodeIgniter.php(419): CodeIgniter\CodeIgniter->runController(Object(App\Controllers\Link))
#3 C:\xampp\htdocs\app-asvl\system\CodeIgniter.php(326): CodeIgniter\CodeIgniter->handleRequest(NULL, Object(Config\Cache), false)
#4 C:\xampp\htdocs\app-asvl\public\index.php(37): CodeIgniter\CodeIgniter->run()
#5 {main}
CRITICAL - 2022-04-24 20:55:23 --> Attempt to read property "id_user" on array
#0 C:\xampp\htdocs\app-asvl\app\Controllers\Link.php(36): CodeIgniter\Debug\Exceptions->errorHandler(2, 'Attempt to read...', 'C:\\xampp\\htdocs...', 36)
#1 C:\xampp\htdocs\app-asvl\system\CodeIgniter.php(832): App\Controllers\Link->index()
#2 C:\xampp\htdocs\app-asvl\system\CodeIgniter.php(419): CodeIgniter\CodeIgniter->runController(Object(App\Controllers\Link))
#3 C:\xampp\htdocs\app-asvl\system\CodeIgniter.php(326): CodeIgniter\CodeIgniter->handleRequest(NULL, Object(Config\Cache), false)
#4 C:\xampp\htdocs\app-asvl\public\index.php(37): CodeIgniter\CodeIgniter->run()
#5 {main}
CRITICAL - 2022-04-24 20:55:24 --> Attempt to read property "id_user" on array
#0 C:\xampp\htdocs\app-asvl\app\Controllers\Link.php(36): CodeIgniter\Debug\Exceptions->errorHandler(2, 'Attempt to read...', 'C:\\xampp\\htdocs...', 36)
#1 C:\xampp\htdocs\app-asvl\system\CodeIgniter.php(832): App\Controllers\Link->index()
#2 C:\xampp\htdocs\app-asvl\system\CodeIgniter.php(419): CodeIgniter\CodeIgniter->runController(Object(App\Controllers\Link))
#3 C:\xampp\htdocs\app-asvl\system\CodeIgniter.php(326): CodeIgniter\CodeIgniter->handleRequest(NULL, Object(Config\Cache), false)
#4 C:\xampp\htdocs\app-asvl\public\index.php(37): CodeIgniter\CodeIgniter->run()
#5 {main}
CRITICAL - 2022-04-24 20:55:26 --> Attempt to read property "id_user" on array
#0 C:\xampp\htdocs\app-asvl\app\Controllers\Link.php(36): CodeIgniter\Debug\Exceptions->errorHandler(2, 'Attempt to read...', 'C:\\xampp\\htdocs...', 36)
#1 C:\xampp\htdocs\app-asvl\system\CodeIgniter.php(832): App\Controllers\Link->index()
#2 C:\xampp\htdocs\app-asvl\system\CodeIgniter.php(419): CodeIgniter\CodeIgniter->runController(Object(App\Controllers\Link))
#3 C:\xampp\htdocs\app-asvl\system\CodeIgniter.php(326): CodeIgniter\CodeIgniter->handleRequest(NULL, Object(Config\Cache), false)
#4 C:\xampp\htdocs\app-asvl\public\index.php(37): CodeIgniter\CodeIgniter->run()
#5 {main}
CRITICAL - 2022-04-24 20:55:27 --> Attempt to read property "id_user" on array
#0 C:\xampp\htdocs\app-asvl\app\Controllers\Link.php(36): CodeIgniter\Debug\Exceptions->errorHandler(2, 'Attempt to read...', 'C:\\xampp\\htdocs...', 36)
#1 C:\xampp\htdocs\app-asvl\system\CodeIgniter.php(832): App\Controllers\Link->index()
#2 C:\xampp\htdocs\app-asvl\system\CodeIgniter.php(419): CodeIgniter\CodeIgniter->runController(Object(App\Controllers\Link))
#3 C:\xampp\htdocs\app-asvl\system\CodeIgniter.php(326): CodeIgniter\CodeIgniter->handleRequest(NULL, Object(Config\Cache), false)
#4 C:\xampp\htdocs\app-asvl\public\index.php(37): CodeIgniter\CodeIgniter->run()
#5 {main}
CRITICAL - 2022-04-24 20:55:28 --> Attempt to read property "id_user" on array
#0 C:\xampp\htdocs\app-asvl\app\Controllers\Link.php(36): CodeIgniter\Debug\Exceptions->errorHandler(2, 'Attempt to read...', 'C:\\xampp\\htdocs...', 36)
#1 C:\xampp\htdocs\app-asvl\system\CodeIgniter.php(832): App\Controllers\Link->index()
#2 C:\xampp\htdocs\app-asvl\system\CodeIgniter.php(419): CodeIgniter\CodeIgniter->runController(Object(App\Controllers\Link))
#3 C:\xampp\htdocs\app-asvl\system\CodeIgniter.php(326): CodeIgniter\CodeIgniter->handleRequest(NULL, Object(Config\Cache), false)
#4 C:\xampp\htdocs\app-asvl\public\index.php(37): CodeIgniter\CodeIgniter->run()
#5 {main}
CRITICAL - 2022-04-24 20:55:29 --> Attempt to read property "id_user" on array
#0 C:\xampp\htdocs\app-asvl\app\Controllers\Link.php(36): CodeIgniter\Debug\Exceptions->errorHandler(2, 'Attempt to read...', 'C:\\xampp\\htdocs...', 36)
#1 C:\xampp\htdocs\app-asvl\system\CodeIgniter.php(832): App\Controllers\Link->index()
#2 C:\xampp\htdocs\app-asvl\system\CodeIgniter.php(419): CodeIgniter\CodeIgniter->runController(Object(App\Controllers\Link))
#3 C:\xampp\htdocs\app-asvl\system\CodeIgniter.php(326): CodeIgniter\CodeIgniter->handleRequest(NULL, Object(Config\Cache), false)
#4 C:\xampp\htdocs\app-asvl\public\index.php(37): CodeIgniter\CodeIgniter->run()
#5 {main}
CRITICAL - 2022-04-24 20:55:30 --> Attempt to read property "id_user" on array
#0 C:\xampp\htdocs\app-asvl\app\Controllers\Link.php(36): CodeIgniter\Debug\Exceptions->errorHandler(2, 'Attempt to read...', 'C:\\xampp\\htdocs...', 36)
#1 C:\xampp\htdocs\app-asvl\system\CodeIgniter.php(832): App\Controllers\Link->index()
#2 C:\xampp\htdocs\app-asvl\system\CodeIgniter.php(419): CodeIgniter\CodeIgniter->runController(Object(App\Controllers\Link))
#3 C:\xampp\htdocs\app-asvl\system\CodeIgniter.php(326): CodeIgniter\CodeIgniter->handleRequest(NULL, Object(Config\Cache), false)
#4 C:\xampp\htdocs\app-asvl\public\index.php(37): CodeIgniter\CodeIgniter->run()
#5 {main}
CRITICAL - 2022-04-24 20:55:44 --> Attempt to read property "id_user" on array
#0 C:\xampp\htdocs\app-asvl\app\Controllers\Link.php(33): CodeIgniter\Debug\Exceptions->errorHandler(2, 'Attempt to read...', 'C:\\xampp\\htdocs...', 33)
#1 C:\xampp\htdocs\app-asvl\system\CodeIgniter.php(832): App\Controllers\Link->index()
#2 C:\xampp\htdocs\app-asvl\system\CodeIgniter.php(419): CodeIgniter\CodeIgniter->runController(Object(App\Controllers\Link))
#3 C:\xampp\htdocs\app-asvl\system\CodeIgniter.php(326): CodeIgniter\CodeIgniter->handleRequest(NULL, Object(Config\Cache), false)
#4 C:\xampp\htdocs\app-asvl\public\index.php(37): CodeIgniter\CodeIgniter->run()
#5 {main}
CRITICAL - 2022-04-24 20:55:46 --> Attempt to read property "id_user" on array
#0 C:\xampp\htdocs\app-asvl\app\Controllers\Link.php(33): CodeIgniter\Debug\Exceptions->errorHandler(2, 'Attempt to read...', 'C:\\xampp\\htdocs...', 33)
#1 C:\xampp\htdocs\app-asvl\system\CodeIgniter.php(832): App\Controllers\Link->index()
#2 C:\xampp\htdocs\app-asvl\system\CodeIgniter.php(419): CodeIgniter\CodeIgniter->runController(Object(App\Controllers\Link))
#3 C:\xampp\htdocs\app-asvl\system\CodeIgniter.php(326): CodeIgniter\CodeIgniter->handleRequest(NULL, Object(Config\Cache), false)
#4 C:\xampp\htdocs\app-asvl\public\index.php(37): CodeIgniter\CodeIgniter->run()
#5 {main}
CRITICAL - 2022-04-24 20:55:47 --> Attempt to read property "id_user" on array
#0 C:\xampp\htdocs\app-asvl\app\Controllers\Link.php(33): CodeIgniter\Debug\Exceptions->errorHandler(2, 'Attempt to read...', 'C:\\xampp\\htdocs...', 33)
#1 C:\xampp\htdocs\app-asvl\system\CodeIgniter.php(832): App\Controllers\Link->index()
#2 C:\xampp\htdocs\app-asvl\system\CodeIgniter.php(419): CodeIgniter\CodeIgniter->runController(Object(App\Controllers\Link))
#3 C:\xampp\htdocs\app-asvl\system\CodeIgniter.php(326): CodeIgniter\CodeIgniter->handleRequest(NULL, Object(Config\Cache), false)
#4 C:\xampp\htdocs\app-asvl\public\index.php(37): CodeIgniter\CodeIgniter->run()
#5 {main}
CRITICAL - 2022-04-24 20:57:40 --> Attempt to read property "id_user" on array
#0 C:\xampp\htdocs\app-asvl\app\Controllers\Link.php(33): CodeIgniter\Debug\Exceptions->errorHandler(2, 'Attempt to read...', 'C:\\xampp\\htdocs...', 33)
#1 C:\xampp\htdocs\app-asvl\system\CodeIgniter.php(832): App\Controllers\Link->index()
#2 C:\xampp\htdocs\app-asvl\system\CodeIgniter.php(419): CodeIgniter\CodeIgniter->runController(Object(App\Controllers\Link))
#3 C:\xampp\htdocs\app-asvl\system\CodeIgniter.php(326): CodeIgniter\CodeIgniter->handleRequest(NULL, Object(Config\Cache), false)
#4 C:\xampp\htdocs\app-asvl\public\index.php(37): CodeIgniter\CodeIgniter->run()
#5 {main}
CRITICAL - 2022-04-24 20:57:42 --> Attempt to read property "id_user" on array
#0 C:\xampp\htdocs\app-asvl\app\Controllers\Link.php(33): CodeIgniter\Debug\Exceptions->errorHandler(2, 'Attempt to read...', 'C:\\xampp\\htdocs...', 33)
#1 C:\xampp\htdocs\app-asvl\system\CodeIgniter.php(832): App\Controllers\Link->index()
#2 C:\xampp\htdocs\app-asvl\system\CodeIgniter.php(419): CodeIgniter\CodeIgniter->runController(Object(App\Controllers\Link))
#3 C:\xampp\htdocs\app-asvl\system\CodeIgniter.php(326): CodeIgniter\CodeIgniter->handleRequest(NULL, Object(Config\Cache), false)
#4 C:\xampp\htdocs\app-asvl\public\index.php(37): CodeIgniter\CodeIgniter->run()
#5 {main}
CRITICAL - 2022-04-24 21:36:41 --> Undefined variable $categories
#0 C:\xampp\htdocs\app-asvl\app\Views\link\index.php(7): CodeIgniter\Debug\Exceptions->errorHandler(2, 'Undefined varia...', 'C:\\xampp\\htdocs...', 7)
#1 C:\xampp\htdocs\app-asvl\system\View\View.php(210): include('C:\\xampp\\htdocs...')
#2 C:\xampp\htdocs\app-asvl\system\View\View.php(213): CodeIgniter\View\View->CodeIgniter\View\{closure}()
#3 C:\xampp\htdocs\app-asvl\system\Common.php(1089): CodeIgniter\View\View->render('link/index', Array, true)
#4 C:\xampp\htdocs\app-asvl\app\Controllers\Link.php(30): view('link/index')
#5 C:\xampp\htdocs\app-asvl\system\CodeIgniter.php(832): App\Controllers\Link->index()
#6 C:\xampp\htdocs\app-asvl\system\CodeIgniter.php(419): CodeIgniter\CodeIgniter->runController(Object(App\Controllers\Link))
#7 C:\xampp\htdocs\app-asvl\system\CodeIgniter.php(326): CodeIgniter\CodeIgniter->handleRequest(NULL, Object(Config\Cache), false)
#8 C:\xampp\htdocs\app-asvl\public\index.php(37): CodeIgniter\CodeIgniter->run()
#9 {main}
CRITICAL - 2022-04-24 21:36:43 --> Undefined variable $categories
#0 C:\xampp\htdocs\app-asvl\app\Views\link\index.php(7): CodeIgniter\Debug\Exceptions->errorHandler(2, 'Undefined varia...', 'C:\\xampp\\htdocs...', 7)
#1 C:\xampp\htdocs\app-asvl\system\View\View.php(210): include('C:\\xampp\\htdocs...')
#2 C:\xampp\htdocs\app-asvl\system\View\View.php(213): CodeIgniter\View\View->CodeIgniter\View\{closure}()
#3 C:\xampp\htdocs\app-asvl\system\Common.php(1089): CodeIgniter\View\View->render('link/index', Array, true)
#4 C:\xampp\htdocs\app-asvl\app\Controllers\Link.php(30): view('link/index')
#5 C:\xampp\htdocs\app-asvl\system\CodeIgniter.php(832): App\Controllers\Link->index()
#6 C:\xampp\htdocs\app-asvl\system\CodeIgniter.php(419): CodeIgniter\CodeIgniter->runController(Object(App\Controllers\Link))
#7 C:\xampp\htdocs\app-asvl\system\CodeIgniter.php(326): CodeIgniter\CodeIgniter->handleRequest(NULL, Object(Config\Cache), false)
#8 C:\xampp\htdocs\app-asvl\public\index.php(37): CodeIgniter\CodeIgniter->run()
#9 {main}
CRITICAL - 2022-04-24 21:46:18 --> Trying to access array offset on value of type null
#0 C:\xampp\htdocs\app-asvl\app\Controllers\Category.php(26): CodeIgniter\Debug\Exceptions->errorHandler(2, 'Trying to acces...', 'C:\\xampp\\htdocs...', 26)
#1 C:\xampp\htdocs\app-asvl\system\CodeIgniter.php(832): App\Controllers\Category->index()
#2 C:\xampp\htdocs\app-asvl\system\CodeIgniter.php(419): CodeIgniter\CodeIgniter->runController(Object(App\Controllers\Category))
#3 C:\xampp\htdocs\app-asvl\system\CodeIgniter.php(326): CodeIgniter\CodeIgniter->handleRequest(NULL, Object(Config\Cache), false)
#4 C:\xampp\htdocs\app-asvl\public\index.php(37): CodeIgniter\CodeIgniter->run()
#5 {main}
CRITICAL - 2022-04-24 22:27:36 --> Trying to access array offset on value of type null
#0 C:\xampp\htdocs\app-asvl\app\Controllers\Category.php(62): CodeIgniter\Debug\Exceptions->errorHandler(2, 'Trying to acces...', 'C:\\xampp\\htdocs...', 62)
#1 C:\xampp\htdocs\app-asvl\system\CodeIgniter.php(832): App\Controllers\Category->create()
#2 C:\xampp\htdocs\app-asvl\system\CodeIgniter.php(419): CodeIgniter\CodeIgniter->runController(Object(App\Controllers\Category))
#3 C:\xampp\htdocs\app-asvl\system\CodeIgniter.php(326): CodeIgniter\CodeIgniter->handleRequest(NULL, Object(Config\Cache), false)
#4 C:\xampp\htdocs\app-asvl\public\index.php(37): CodeIgniter\CodeIgniter->run()
#5 {main}
CRITICAL - 2022-04-24 23:01:30 --> Trying to access array offset on value of type null
#0 C:\xampp\htdocs\app-asvl\app\Controllers\Category.php(39): CodeIgniter\Debug\Exceptions->errorHandler(2, 'Trying to acces...', 'C:\\xampp\\htdocs...', 39)
#1 C:\xampp\htdocs\app-asvl\system\CodeIgniter.php(832): App\Controllers\Category->create()
#2 C:\xampp\htdocs\app-asvl\system\CodeIgniter.php(419): CodeIgniter\CodeIgniter->runController(Object(App\Controllers\Category))
#3 C:\xampp\htdocs\app-asvl\system\CodeIgniter.php(326): CodeIgniter\CodeIgniter->handleRequest(NULL, Object(Config\Cache), false)
#4 C:\xampp\htdocs\app-asvl\public\index.php(37): CodeIgniter\CodeIgniter->run()
#5 {main}
ERROR - 2022-04-24 23:01:53 --> Cannot add or update a child row: a foreign key constraint fails (`app_asvl`.`categories`, CONSTRAINT `categories_ibfk_1` FOREIGN KEY (`id_user_category`) REFERENCES `users` (`id_user`))
CRITICAL - 2022-04-24 23:01:53 --> Cannot add or update a child row: a foreign key constraint fails (`app_asvl`.`categories`, CONSTRAINT `categories_ibfk_1` FOREIGN KEY (`id_user_category`) REFERENCES `users` (`id_user`))
#0 C:\xampp\htdocs\app-asvl\system\Database\MySQLi\Connection.php(292): mysqli->query('INSERT INTO `ca...', 0)
#1 C:\xampp\htdocs\app-asvl\system\Database\BaseConnection.php(670): CodeIgniter\Database\MySQLi\Connection->execute('INSERT INTO `ca...')
#2 C:\xampp\htdocs\app-asvl\system\Database\BaseConnection.php(598): CodeIgniter\Database\BaseConnection->simpleQuery('INSERT INTO `ca...')
#3 C:\xampp\htdocs\app-asvl\system\Database\BaseBuilder.php(1771): CodeIgniter\Database\BaseConnection->query('INSERT INTO `ca...', Array, false)
#4 C:\xampp\htdocs\app-asvl\system\Model.php(239): CodeIgniter\Database\BaseBuilder->insert()
#5 C:\xampp\htdocs\app-asvl\system\BaseModel.php(738): CodeIgniter\Model->doInsert(Array)
#6 C:\xampp\htdocs\app-asvl\system\Model.php(625): CodeIgniter\BaseModel->insert(Array, false)
#7 C:\xampp\htdocs\app-asvl\system\BaseModel.php(658): CodeIgniter\Model->insert(Array, false)
#8 C:\xampp\htdocs\app-asvl\app\Controllers\Category.php(43): CodeIgniter\BaseModel->save(Array)
#9 C:\xampp\htdocs\app-asvl\system\CodeIgniter.php(832): App\Controllers\Category->create()
#10 C:\xampp\htdocs\app-asvl\system\CodeIgniter.php(419): CodeIgniter\CodeIgniter->runController(Object(App\Controllers\Category))
#11 C:\xampp\htdocs\app-asvl\system\CodeIgniter.php(326): CodeIgniter\CodeIgniter->handleRequest(NULL, Object(Config\Cache), false)
#12 C:\xampp\htdocs\app-asvl\public\index.php(37): CodeIgniter\CodeIgniter->run()
#13 {main}
ERROR - 2022-04-24 23:01:54 --> Cannot add or update a child row: a foreign key constraint fails (`app_asvl`.`categories`, CONSTRAINT `categories_ibfk_1` FOREIGN KEY (`id_user_category`) REFERENCES `users` (`id_user`))
CRITICAL - 2022-04-24 23:01:54 --> Cannot add or update a child row: a foreign key constraint fails (`app_asvl`.`categories`, CONSTRAINT `categories_ibfk_1` FOREIGN KEY (`id_user_category`) REFERENCES `users` (`id_user`))
#0 C:\xampp\htdocs\app-asvl\system\Database\MySQLi\Connection.php(292): mysqli->query('INSERT INTO `ca...', 0)
#1 C:\xampp\htdocs\app-asvl\system\Database\BaseConnection.php(670): CodeIgniter\Database\MySQLi\Connection->execute('INSERT INTO `ca...')
#2 C:\xampp\htdocs\app-asvl\system\Database\BaseConnection.php(598): CodeIgniter\Database\BaseConnection->simpleQuery('INSERT INTO `ca...')
#3 C:\xampp\htdocs\app-asvl\system\Database\BaseBuilder.php(1771): CodeIgniter\Database\BaseConnection->query('INSERT INTO `ca...', Array, false)
#4 C:\xampp\htdocs\app-asvl\system\Model.php(239): CodeIgniter\Database\BaseBuilder->insert()
#5 C:\xampp\htdocs\app-asvl\system\BaseModel.php(738): CodeIgniter\Model->doInsert(Array)
#6 C:\xampp\htdocs\app-asvl\system\Model.php(625): CodeIgniter\BaseModel->insert(Array, false)
#7 C:\xampp\htdocs\app-asvl\system\BaseModel.php(658): CodeIgniter\Model->insert(Array, false)
#8 C:\xampp\htdocs\app-asvl\app\Controllers\Category.php(43): CodeIgniter\BaseModel->save(Array)
#9 C:\xampp\htdocs\app-asvl\system\CodeIgniter.php(832): App\Controllers\Category->create()
#10 C:\xampp\htdocs\app-asvl\system\CodeIgniter.php(419): CodeIgniter\CodeIgniter->runController(Object(App\Controllers\Category))
#11 C:\xampp\htdocs\app-asvl\system\CodeIgniter.php(326): CodeIgniter\CodeIgniter->handleRequest(NULL, Object(Config\Cache), false)
#12 C:\xampp\htdocs\app-asvl\public\index.php(37): CodeIgniter\CodeIgniter->run()
#13 {main}
ERROR - 2022-04-24 23:06:11 --> Cannot add or update a child row: a foreign key constraint fails (`app_asvl`.`categories`, CONSTRAINT `categories_ibfk_1` FOREIGN KEY (`id_user_category`) REFERENCES `users` (`id_user`))
